TpTrace Verbose: 0 : 18476, 1, 2024/01/14, 15:50:25.708, 847135602954, vstest.console.dll, Version: 17.7.1-release-23418-01 Current process architecture: X64
TpTrace Verbose: 0 : 18476, 1, 2024/01/14, 15:50:25.710, 847135621904, vstest.console.dll, Runtime location: C:\Program Files\dotnet\shared\Microsoft.NETCore.App\7.0.12
TpTrace Verbose: 0 : 18476, 1, 2024/01/14, 15:50:25.713, 847135653369, vstest.console.dll, ArtifactProcessingPostProcessModeProcessorExecutor.Initialize: ArtifactProcessingMode.Collect
TpTrace Verbose: 0 : 18476, 1, 2024/01/14, 15:50:25.714, 847135656968, vstest.console.dll, TestSessionCorrelationIdProcessorModeProcessorExecutor.Initialize: TestSessionCorrelationId '18668_252591bf-5ecb-41d8-9456-041e85c9d6cb'
TpTrace Information: 0 : 18476, 1, 2024/01/14, 15:50:25.723, 847135752965, vstest.console.dll, FilePatternParser: The given file C:\Users\Korisnik\Desktop\Tajra\VVS\Olx-blackbox-testing\VVSTestOlx\bin\Debug\net6.0\fine-code-coverage\build-output\VVSTestOlx.dll is a full path.
TpTrace Verbose: 0 : 18476, 1, 2024/01/14, 15:50:25.730, 847135814969, vstest.console.dll, TestPluginCache.DiscoverTestExtensions: finding test extensions in assemblies ends with: RuntimeProvider.dll TPluginInfo: Microsoft.VisualStudio.TestPlatform.Common.ExtensionFramework.Utilities.TestRuntimePluginInformation TExtension: Microsoft.VisualStudio.TestPlatform.ObjectModel.Host.ITestRuntimeProvider
TpTrace Verbose: 0 : 18476, 1, 2024/01/14, 15:50:25.730, 847135819643, vstest.console.dll, TestPluginCache.GetExtensionPaths: Filtered extension paths: 
TpTrace Verbose: 0 : 18476, 1, 2024/01/14, 15:50:25.730, 847135822286, vstest.console.dll, TestPluginCache.GetExtensionPaths: Added default extension paths: C:\Program Files\dotnet\sdk\7.0.402\Extensions\Microsoft.Diagnostics.NETCore.Client.dll
C:\Program Files\dotnet\sdk\7.0.402\Extensions\Microsoft.TestPlatform.Extensions.BlameDataCollector.dll
C:\Program Files\dotnet\sdk\7.0.402\Extensions\Microsoft.TestPlatform.Extensions.EventLogCollector.dll
C:\Program Files\dotnet\sdk\7.0.402\Extensions\Microsoft.TestPlatform.TestHostRuntimeProvider.dll
C:\Program Files\dotnet\sdk\7.0.402\Extensions\Microsoft.VisualStudio.TestPlatform.Extensions.Html.TestLogger.dll
C:\Program Files\dotnet\sdk\7.0.402\Extensions\Microsoft.VisualStudio.TestPlatform.Extensions.Trx.TestLogger.dll
TpTrace Verbose: 0 : 18476, 1, 2024/01/14, 15:50:25.730, 847135822845, vstest.console.dll, TestPluginCache.GetExtensionPaths: Added unfilterableExtensionPaths: 
TpTrace Information: 0 : 18476, 1, 2024/01/14, 15:50:25.731, 847135830441, vstest.console.dll, AssemblyResolver.ctor: Creating AssemblyResolver with searchDirectories C:\Program Files\dotnet\sdk\7.0.402\Extensions,C:\Program Files\dotnet\sdk\7.0.402
TpTrace Verbose: 0 : 18476, 1, 2024/01/14, 15:50:25.733, 847135845060, vstest.console.dll, TestPluginCache.DiscoverTestExtensions: Discovering the extensions using extension path.
TpTrace Verbose: 0 : 18476, 1, 2024/01/14, 15:50:25.733, 847135846645, vstest.console.dll, TestPluginCache.GetExtensionPaths: Filtered extension paths: 
TpTrace Verbose: 0 : 18476, 1, 2024/01/14, 15:50:25.733, 847135847324, vstest.console.dll, TestPluginCache.GetExtensionPaths: Added default extension paths: C:\Program Files\dotnet\sdk\7.0.402\Extensions\Microsoft.Diagnostics.NETCore.Client.dll
C:\Program Files\dotnet\sdk\7.0.402\Extensions\Microsoft.TestPlatform.Extensions.BlameDataCollector.dll
C:\Program Files\dotnet\sdk\7.0.402\Extensions\Microsoft.TestPlatform.Extensions.EventLogCollector.dll
C:\Program Files\dotnet\sdk\7.0.402\Extensions\Microsoft.TestPlatform.TestHostRuntimeProvider.dll
C:\Program Files\dotnet\sdk\7.0.402\Extensions\Microsoft.VisualStudio.TestPlatform.Extensions.Html.TestLogger.dll
C:\Program Files\dotnet\sdk\7.0.402\Extensions\Microsoft.VisualStudio.TestPlatform.Extensions.Trx.TestLogger.dll
TpTrace Verbose: 0 : 18476, 1, 2024/01/14, 15:50:25.733, 847135847752, vstest.console.dll, TestPluginCache.GetExtensionPaths: Added unfilterableExtensionPaths: 
TpTrace Verbose: 0 : 18476, 1, 2024/01/14, 15:50:25.733, 847135848706, vstest.console.dll, TestPluginCache.DiscoverTestExtensions: Discovering the extensions using allExtensionPaths: C:\Program Files\dotnet\sdk\7.0.402\Extensions\Microsoft.Diagnostics.NETCore.Client.dll
C:\Program Files\dotnet\sdk\7.0.402\Extensions\Microsoft.TestPlatform.Extensions.BlameDataCollector.dll
C:\Program Files\dotnet\sdk\7.0.402\Extensions\Microsoft.TestPlatform.Extensions.EventLogCollector.dll
C:\Program Files\dotnet\sdk\7.0.402\Extensions\Microsoft.TestPlatform.TestHostRuntimeProvider.dll
C:\Program Files\dotnet\sdk\7.0.402\Extensions\Microsoft.VisualStudio.TestPlatform.Extensions.Html.TestLogger.dll
C:\Program Files\dotnet\sdk\7.0.402\Extensions\Microsoft.VisualStudio.TestPlatform.Extensions.Trx.TestLogger.dll
TpTrace Information: 0 : 18476, 1, 2024/01/14, 15:50:25.733, 847135852102, vstest.console.dll, AssemblyResolver.AddSearchDirectories: Adding more searchDirectories C:\Program Files\dotnet\sdk\7.0.402\Extensions,C:\Program Files\dotnet\sdk\7.0.402
TpTrace Information: 0 : 18476, 1, 2024/01/14, 15:50:25.733, 847135852948, vstest.console.dll, AssemblyResolver.AddSearchDirectories: Adding more searchDirectories C:\Program Files\dotnet\sdk\7.0.402\Extensions,C:\Program Files\dotnet\sdk\7.0.402
TpTrace Information: 0 : 18476, 1, 2024/01/14, 15:50:25.734, 847135853377, vstest.console.dll, AssemblyResolver.AddSearchDirectories: Adding more searchDirectories C:\Program Files\dotnet\sdk\7.0.402\Extensions,C:\Program Files\dotnet\sdk\7.0.402
TpTrace Information: 0 : 18476, 1, 2024/01/14, 15:50:25.734, 847135853990, vstest.console.dll, AssemblyResolver.AddSearchDirectories: Adding more searchDirectories C:\Program Files\dotnet\sdk\7.0.402\Extensions,C:\Program Files\dotnet\sdk\7.0.402
TpTrace Information: 0 : 18476, 1, 2024/01/14, 15:50:25.734, 847135854439, vstest.console.dll, AssemblyResolver.AddSearchDirectories: Adding more searchDirectories C:\Program Files\dotnet\sdk\7.0.402\Extensions,C:\Program Files\dotnet\sdk\7.0.402
TpTrace Information: 0 : 18476, 1, 2024/01/14, 15:50:25.734, 847135854800, vstest.console.dll, AssemblyResolver.AddSearchDirectories: Adding more searchDirectories C:\Program Files\dotnet\sdk\7.0.402\Extensions,C:\Program Files\dotnet\sdk\7.0.402
TpTrace Information: 0 : 18476, 1, 2024/01/14, 15:50:25.734, 847135860627, vstest.console.dll, AssemblyResolver.OnResolve: Microsoft.Diagnostics.NETCore.Client: Resolving assembly.
TpTrace Information: 0 : 18476, 1, 2024/01/14, 15:50:25.734, 847135861739, vstest.console.dll, AssemblyResolver.OnResolve: Microsoft.Diagnostics.NETCore.Client: Searching in: 'C:\Program Files\dotnet\sdk\7.0.402\Extensions'.
TpTrace Information: 0 : 18476, 1, 2024/01/14, 15:50:25.742, 847135941040, vstest.console.dll, AssemblyResolver.OnResolve: Microsoft.Diagnostics.NETCore.Client: Loading assembly 'C:\Program Files\dotnet\sdk\7.0.402\Extensions\Microsoft.Diagnostics.NETCore.Client.dll'.
TpTrace Information: 0 : 18476, 1, 2024/01/14, 15:50:25.743, 847135946402, vstest.console.dll, AssemblyResolver.OnResolve: Resolved assembly: Microsoft.Diagnostics.NETCore.Client, from path: C:\Program Files\dotnet\sdk\7.0.402\Extensions\Microsoft.Diagnostics.NETCore.Client.dll
TpTrace Verbose: 0 : 18476, 1, 2024/01/14, 15:50:25.744, 847135958210, vstest.console.dll, MetadataReaderExtensionsHelper: Discovering extensions inside assembly 'Microsoft.Diagnostics.NETCore.Client, Version=0.2.8.21101, Culture=neutral, PublicKeyToken=31bf3856ad364e35' file path 'C:\Program Files\dotnet\sdk\7.0.402\Extensions\Microsoft.Diagnostics.NETCore.Client.dll'
TpTrace Information: 0 : 18476, 1, 2024/01/14, 15:50:25.748, 847136002700, vstest.console.dll, AssemblyResolver.OnResolve: Microsoft.Bcl.AsyncInterfaces: Resolving assembly.
TpTrace Information: 0 : 18476, 1, 2024/01/14, 15:50:25.749, 847136003756, vstest.console.dll, AssemblyResolver.OnResolve: Microsoft.Bcl.AsyncInterfaces: Searching in: 'C:\Program Files\dotnet\sdk\7.0.402\Extensions'.
TpTrace Information: 0 : 18476, 1, 2024/01/14, 15:50:25.749, 847136004468, vstest.console.dll, AssemblyResolver.OnResolve: Microsoft.Bcl.AsyncInterfaces: Assembly path does not exist: 'C:\Program Files\dotnet\sdk\7.0.402\Extensions\Microsoft.Bcl.AsyncInterfaces.dll', returning.
TpTrace Information: 0 : 18476, 1, 2024/01/14, 15:50:25.749, 847136005368, vstest.console.dll, AssemblyResolver.OnResolve: Microsoft.Bcl.AsyncInterfaces: Assembly path does not exist: 'C:\Program Files\dotnet\sdk\7.0.402\Extensions\Microsoft.Bcl.AsyncInterfaces.exe', returning.
TpTrace Information: 0 : 18476, 1, 2024/01/14, 15:50:25.749, 847136005767, vstest.console.dll, AssemblyResolver.OnResolve: Microsoft.Bcl.AsyncInterfaces: Searching in: 'C:\Program Files\dotnet\sdk\7.0.402'.
TpTrace Information: 0 : 18476, 1, 2024/01/14, 15:50:25.749, 847136006277, vstest.console.dll, AssemblyResolver.OnResolve: Microsoft.Bcl.AsyncInterfaces: Assembly path does not exist: 'C:\Program Files\dotnet\sdk\7.0.402\Microsoft.Bcl.AsyncInterfaces.dll', returning.
TpTrace Information: 0 : 18476, 1, 2024/01/14, 15:50:25.749, 847136006750, vstest.console.dll, AssemblyResolver.OnResolve: Microsoft.Bcl.AsyncInterfaces: Assembly path does not exist: 'C:\Program Files\dotnet\sdk\7.0.402\Microsoft.Bcl.AsyncInterfaces.exe', returning.
TpTrace Information: 0 : 18476, 1, 2024/01/14, 15:50:25.749, 847136007019, vstest.console.dll, AssemblyResolver.OnResolve: Microsoft.Bcl.AsyncInterfaces: Failed to load assembly.
TpTrace Verbose: 0 : 18476, 1, 2024/01/14, 15:50:25.749, 847136007348, vstest.console.dll, CurrentDomainAssemblyResolve: Resolving assembly 'Microsoft.Bcl.AsyncInterfaces'.
TpTrace Information: 0 : 18476, 1, 2024/01/14, 15:50:25.749, 847136007932, vstest.console.dll, AssemblyResolver.OnResolve: Microsoft.Bcl.AsyncInterfaces: Resolving assembly.
TpTrace Information: 0 : 18476, 1, 2024/01/14, 15:50:25.749, 847136008298, vstest.console.dll, AssemblyResolver.OnResolve: Microsoft.Bcl.AsyncInterfaces: Resolved from cache.
TpTrace Verbose: 0 : 18476, 1, 2024/01/14, 15:50:25.749, 847136008551, vstest.console.dll, CurrentDomainAssemblyResolve: Resolving assembly 'Microsoft.Bcl.AsyncInterfaces'.
TpTrace Verbose: 0 : 18476, 1, 2024/01/14, 15:50:25.749, 847136008876, vstest.console.dll, CurrentDomainAssemblyResolve: Failed to resolve assembly 'Microsoft.Bcl.AsyncInterfaces'.
TpTrace Verbose: 0 : 18476, 1, 2024/01/14, 15:50:25.750, 847136014191, vstest.console.dll, CurrentDomainAssemblyResolve: Failed to resolve assembly 'Microsoft.Bcl.AsyncInterfaces'.
TpTrace Warning: 0 : 18476, 1, 2024/01/14, 15:50:25.760, 847136118293, vstest.console.dll, TestPluginDiscoverer: Failed to get types from assembly 'Microsoft.Diagnostics.NETCore.Client, Version=0.2.8.21101, Culture=neutral, PublicKeyToken=31bf3856ad364e35'. Error: System.Reflection.ReflectionTypeLoadException: Unable to load one or more of the requested types.
Could not load file or assembly 'Microsoft.Bcl.AsyncInterfaces, Version=1.0.0.0, Culture=neutral, PublicKeyToken=cc7b13ffcd2ddd51'. The system cannot find the file specified.
   at System.Reflection.RuntimeModule.GetTypes(RuntimeModule module)
   at System.Reflection.Assembly.GetTypes()
   at Microsoft.VisualStudio.TestPlatform.Common.ExtensionFramework.TestPluginDiscoverer.GetTestExtensionsFromAssembly[TPluginInfo,TExtension](Assembly assembly, Dictionary`2 pluginInfos, String filePath) in /_/src/Microsoft.TestPlatform.Common/ExtensionFramework/TestPluginDiscoverer.cs:line 158
System.IO.FileNotFoundException: Could not load file or assembly 'Microsoft.Bcl.AsyncInterfaces, Version=1.0.0.0, Culture=neutral, PublicKeyToken=cc7b13ffcd2ddd51'. The system cannot find the file specified.
File name: 'Microsoft.Bcl.AsyncInterfaces, Version=1.0.0.0, Culture=neutral, PublicKeyToken=cc7b13ffcd2ddd51'
 ---> System.IO.FileNotFoundException: Could not load file or assembly 'Microsoft.Bcl.AsyncInterfaces, Culture=neutral, PublicKeyToken=null'. The system cannot find the file specified.
File name: 'Microsoft.Bcl.AsyncInterfaces, Culture=neutral, PublicKeyToken=null'
   at System.Reflection.RuntimeAssembly.InternalLoad(AssemblyName assemblyName, StackCrawlMark& stackMark, AssemblyLoadContext assemblyLoadContext, RuntimeAssembly requestingAssembly, Boolean throwOnFileNotFound)
   at System.Reflection.Assembly.Load(AssemblyName assemblyRef)
   at Microsoft.VisualStudio.TestPlatform.Common.ExtensionFramework.TestPluginCache.CurrentDomainAssemblyResolve(Object sender, AssemblyResolveEventArgs args) in /_/src/Microsoft.TestPlatform.Common/ExtensionFramework/TestPluginCache.cs:line 513
   at System.Runtime.Loader.AssemblyLoadContext.GetFirstResolvedAssemblyFromResolvingEvent(AssemblyName assemblyName)
   at System.Runtime.Loader.AssemblyLoadContext.ResolveUsingEvent(AssemblyName assemblyName)
   at System.Runtime.Loader.AssemblyLoadContext.ResolveUsingResolvingEvent(IntPtr gchManagedAssemblyLoadContext, AssemblyName assemblyName)
TpTrace Warning: 0 : 18476, 1, 2024/01/14, 15:50:25.760, 847136122065, vstest.console.dll, LoaderExceptions: System.IO.FileNotFoundException: Could not load file or assembly 'Microsoft.Bcl.AsyncInterfaces, Version=1.0.0.0, Culture=neutral, PublicKeyToken=cc7b13ffcd2ddd51'. The system cannot find the file specified.
File name: 'Microsoft.Bcl.AsyncInterfaces, Version=1.0.0.0, Culture=neutral, PublicKeyToken=cc7b13ffcd2ddd51'
 ---> System.IO.FileNotFoundException: Could not load file or assembly 'Microsoft.Bcl.AsyncInterfaces, Culture=neutral, PublicKeyToken=null'. The system cannot find the file specified.
File name: 'Microsoft.Bcl.AsyncInterfaces, Culture=neutral, PublicKeyToken=null'
   at System.Reflection.RuntimeAssembly.InternalLoad(AssemblyName assemblyName, StackCrawlMark& stackMark, AssemblyLoadContext assemblyLoadContext, RuntimeAssembly requestingAssembly, Boolean throwOnFileNotFound)
   at System.Reflection.Assembly.Load(AssemblyName assemblyRef)
   at Microsoft.VisualStudio.TestPlatform.Common.ExtensionFramework.TestPluginCache.CurrentDomainAssemblyResolve(Object sender, AssemblyResolveEventArgs args) in /_/src/Microsoft.TestPlatform.Common/ExtensionFramework/TestPluginCache.cs:line 513
   at System.Runtime.Loader.AssemblyLoadContext.GetFirstResolvedAssemblyFromResolvingEvent(AssemblyName assemblyName)
   at System.Runtime.Loader.AssemblyLoadContext.ResolveUsingEvent(AssemblyName assemblyName)
   at System.Runtime.Loader.AssemblyLoadContext.ResolveUsingResolvingEvent(IntPtr gchManagedAssemblyLoadContext, AssemblyName assemblyName)
TpTrace Information: 0 : 18476, 1, 2024/01/14, 15:50:25.761, 847136123583, vstest.console.dll, AssemblyResolver.OnResolve: Microsoft.TestPlatform.Extensions.BlameDataCollector: Resolving assembly.
TpTrace Information: 0 : 18476, 1, 2024/01/14, 15:50:25.761, 847136124111, vstest.console.dll, AssemblyResolver.OnResolve: Microsoft.TestPlatform.Extensions.BlameDataCollector: Searching in: 'C:\Program Files\dotnet\sdk\7.0.402\Extensions'.
TpTrace Information: 0 : 18476, 1, 2024/01/14, 15:50:25.761, 847136127033, vstest.console.dll, AssemblyResolver.OnResolve: Microsoft.TestPlatform.Extensions.BlameDataCollector: Loading assembly 'C:\Program Files\dotnet\sdk\7.0.402\Extensions\Microsoft.TestPlatform.Extensions.BlameDataCollector.dll'.
TpTrace Information: 0 : 18476, 1, 2024/01/14, 15:50:25.761, 847136130931, vstest.console.dll, AssemblyResolver.OnResolve: Resolved assembly: Microsoft.TestPlatform.Extensions.BlameDataCollector, from path: C:\Program Files\dotnet\sdk\7.0.402\Extensions\Microsoft.TestPlatform.Extensions.BlameDataCollector.dll
TpTrace Verbose: 0 : 18476, 1, 2024/01/14, 15:50:25.761, 847136131686, vstest.console.dll, MetadataReaderExtensionsHelper: Discovering extensions inside assembly 'Microsoft.TestPlatform.Extensions.BlameDataCollector, Version=15.0.0.0, Culture=neutral, PublicKeyToken=b03f5f7f11d50a3a' file path 'C:\Program Files\dotnet\sdk\7.0.402\Extensions\Microsoft.TestPlatform.Extensions.BlameDataCollector.dll'
TpTrace Information: 0 : 18476, 1, 2024/01/14, 15:50:25.763, 847136146069, vstest.console.dll, AssemblyResolver.OnResolve: Microsoft.TestPlatform.Extensions.EventLogCollector: Resolving assembly.
TpTrace Information: 0 : 18476, 1, 2024/01/14, 15:50:25.763, 847136146972, vstest.console.dll, AssemblyResolver.OnResolve: Microsoft.TestPlatform.Extensions.EventLogCollector: Searching in: 'C:\Program Files\dotnet\sdk\7.0.402\Extensions'.
TpTrace Information: 0 : 18476, 1, 2024/01/14, 15:50:25.763, 847136149795, vstest.console.dll, AssemblyResolver.OnResolve: Microsoft.TestPlatform.Extensions.EventLogCollector: Loading assembly 'C:\Program Files\dotnet\sdk\7.0.402\Extensions\Microsoft.TestPlatform.Extensions.EventLogCollector.dll'.
TpTrace Information: 0 : 18476, 1, 2024/01/14, 15:50:25.763, 847136152889, vstest.console.dll, AssemblyResolver.OnResolve: Resolved assembly: Microsoft.TestPlatform.Extensions.EventLogCollector, from path: C:\Program Files\dotnet\sdk\7.0.402\Extensions\Microsoft.TestPlatform.Extensions.EventLogCollector.dll
TpTrace Verbose: 0 : 18476, 1, 2024/01/14, 15:50:25.764, 847136153508, vstest.console.dll, MetadataReaderExtensionsHelper: Discovering extensions inside assembly 'Microsoft.TestPlatform.Extensions.EventLogCollector, Version=15.0.0.0, Culture=neutral, PublicKeyToken=b03f5f7f11d50a3a' file path 'C:\Program Files\dotnet\sdk\7.0.402\Extensions\Microsoft.TestPlatform.Extensions.EventLogCollector.dll'
TpTrace Information: 0 : 18476, 1, 2024/01/14, 15:50:25.765, 847136170703, vstest.console.dll, AssemblyResolver.OnResolve: Microsoft.TestPlatform.TestHostRuntimeProvider: Resolving assembly.
TpTrace Information: 0 : 18476, 1, 2024/01/14, 15:50:25.765, 847136171743, vstest.console.dll, AssemblyResolver.OnResolve: Microsoft.TestPlatform.TestHostRuntimeProvider: Searching in: 'C:\Program Files\dotnet\sdk\7.0.402\Extensions'.
TpTrace Information: 0 : 18476, 1, 2024/01/14, 15:50:25.766, 847136173967, vstest.console.dll, AssemblyResolver.OnResolve: Microsoft.TestPlatform.TestHostRuntimeProvider: Loading assembly 'C:\Program Files\dotnet\sdk\7.0.402\Extensions\Microsoft.TestPlatform.TestHostRuntimeProvider.dll'.
TpTrace Information: 0 : 18476, 1, 2024/01/14, 15:50:25.766, 847136177226, vstest.console.dll, AssemblyResolver.OnResolve: Resolved assembly: Microsoft.TestPlatform.TestHostRuntimeProvider, from path: C:\Program Files\dotnet\sdk\7.0.402\Extensions\Microsoft.TestPlatform.TestHostRuntimeProvider.dll
TpTrace Verbose: 0 : 18476, 1, 2024/01/14, 15:50:25.766, 847136177808, vstest.console.dll, MetadataReaderExtensionsHelper: Discovering extensions inside assembly 'Microsoft.TestPlatform.TestHostRuntimeProvider, Version=15.0.0.0, Culture=neutral, PublicKeyToken=b03f5f7f11d50a3a' file path 'C:\Program Files\dotnet\sdk\7.0.402\Extensions\Microsoft.TestPlatform.TestHostRuntimeProvider.dll'
TpTrace Information: 0 : 18476, 1, 2024/01/14, 15:50:25.768, 847136195796, vstest.console.dll, GetTestExtensionFromType: Register extension with identifier data 'HostProvider://DefaultTestHost' and type 'Microsoft.VisualStudio.TestPlatform.CrossPlatEngine.Hosting.DefaultTestHostManager, Microsoft.TestPlatform.TestHostRuntimeProvider, Version=15.0.0.0, Culture=neutral, PublicKeyToken=b03f5f7f11d50a3a' inside file 'C:\Program Files\dotnet\sdk\7.0.402\Extensions\Microsoft.TestPlatform.TestHostRuntimeProvider.dll'
TpTrace Information: 0 : 18476, 1, 2024/01/14, 15:50:25.768, 847136198315, vstest.console.dll, GetTestExtensionFromType: Register extension with identifier data 'HostProvider://DotnetTestHost' and type 'Microsoft.VisualStudio.TestPlatform.CrossPlatEngine.Hosting.DotnetTestHostManager, Microsoft.TestPlatform.TestHostRuntimeProvider, Version=15.0.0.0, Culture=neutral, PublicKeyToken=b03f5f7f11d50a3a' inside file 'C:\Program Files\dotnet\sdk\7.0.402\Extensions\Microsoft.TestPlatform.TestHostRuntimeProvider.dll'
TpTrace Information: 0 : 18476, 1, 2024/01/14, 15:50:25.768, 847136199619, vstest.console.dll, AssemblyResolver.OnResolve: Microsoft.VisualStudio.TestPlatform.Extensions.Html.TestLogger: Resolving assembly.
TpTrace Information: 0 : 18476, 1, 2024/01/14, 15:50:25.768, 847136200072, vstest.console.dll, AssemblyResolver.OnResolve: Microsoft.VisualStudio.TestPlatform.Extensions.Html.TestLogger: Searching in: 'C:\Program Files\dotnet\sdk\7.0.402\Extensions'.
TpTrace Information: 0 : 18476, 1, 2024/01/14, 15:50:25.768, 847136202636, vstest.console.dll, AssemblyResolver.OnResolve: Microsoft.VisualStudio.TestPlatform.Extensions.Html.TestLogger: Loading assembly 'C:\Program Files\dotnet\sdk\7.0.402\Extensions\Microsoft.VisualStudio.TestPlatform.Extensions.Html.TestLogger.dll'.
TpTrace Information: 0 : 18476, 1, 2024/01/14, 15:50:25.769, 847136206224, vstest.console.dll, AssemblyResolver.OnResolve: Resolved assembly: Microsoft.VisualStudio.TestPlatform.Extensions.Html.TestLogger, from path: C:\Program Files\dotnet\sdk\7.0.402\Extensions\Microsoft.VisualStudio.TestPlatform.Extensions.Html.TestLogger.dll
TpTrace Verbose: 0 : 18476, 1, 2024/01/14, 15:50:25.769, 847136206824, vstest.console.dll, MetadataReaderExtensionsHelper: Discovering extensions inside assembly 'Microsoft.VisualStudio.TestPlatform.Extensions.Html.TestLogger, Version=15.0.0.0, Culture=neutral, PublicKeyToken=b03f5f7f11d50a3a' file path 'C:\Program Files\dotnet\sdk\7.0.402\Extensions\Microsoft.VisualStudio.TestPlatform.Extensions.Html.TestLogger.dll'
TpTrace Information: 0 : 18476, 1, 2024/01/14, 15:50:25.769, 847136212885, vstest.console.dll, AssemblyResolver.OnResolve: Microsoft.VisualStudio.TestPlatform.Extensions.Trx.TestLogger: Resolving assembly.
TpTrace Information: 0 : 18476, 1, 2024/01/14, 15:50:25.770, 847136213468, vstest.console.dll, AssemblyResolver.OnResolve: Microsoft.VisualStudio.TestPlatform.Extensions.Trx.TestLogger: Searching in: 'C:\Program Files\dotnet\sdk\7.0.402\Extensions'.
TpTrace Information: 0 : 18476, 1, 2024/01/14, 15:50:25.770, 847136215398, vstest.console.dll, AssemblyResolver.OnResolve: Microsoft.VisualStudio.TestPlatform.Extensions.Trx.TestLogger: Loading assembly 'C:\Program Files\dotnet\sdk\7.0.402\Extensions\Microsoft.VisualStudio.TestPlatform.Extensions.Trx.TestLogger.dll'.
TpTrace Information: 0 : 18476, 1, 2024/01/14, 15:50:25.770, 847136218761, vstest.console.dll, AssemblyResolver.OnResolve: Resolved assembly: Microsoft.VisualStudio.TestPlatform.Extensions.Trx.TestLogger, from path: C:\Program Files\dotnet\sdk\7.0.402\Extensions\Microsoft.VisualStudio.TestPlatform.Extensions.Trx.TestLogger.dll
TpTrace Verbose: 0 : 18476, 1, 2024/01/14, 15:50:25.770, 847136219314, vstest.console.dll, MetadataReaderExtensionsHelper: Discovering extensions inside assembly 'Microsoft.VisualStudio.TestPlatform.Extensions.Trx.TestLogger, Version=15.0.0.0, Culture=neutral, PublicKeyToken=b03f5f7f11d50a3a' file path 'C:\Program Files\dotnet\sdk\7.0.402\Extensions\Microsoft.VisualStudio.TestPlatform.Extensions.Trx.TestLogger.dll'
TpTrace Verbose: 0 : 18476, 1, 2024/01/14, 15:50:25.771, 847136227490, vstest.console.dll, TestPluginCache: Discovered the extensions using extension path ''.
TpTrace Verbose: 0 : 18476, 1, 2024/01/14, 15:50:25.771, 847136228023, vstest.console.dll, TestPluginCache: Discoverers are ''.
TpTrace Verbose: 0 : 18476, 1, 2024/01/14, 15:50:25.771, 847136228284, vstest.console.dll, TestPluginCache: Executors are ''.
TpTrace Verbose: 0 : 18476, 1, 2024/01/14, 15:50:25.771, 847136228504, vstest.console.dll, TestPluginCache: Executors2 are ''.
TpTrace Verbose: 0 : 18476, 1, 2024/01/14, 15:50:25.771, 847136228712, vstest.console.dll, TestPluginCache: Setting providers are ''.
TpTrace Verbose: 0 : 18476, 1, 2024/01/14, 15:50:25.771, 847136228918, vstest.console.dll, TestPluginCache: Loggers are ''.
TpTrace Verbose: 0 : 18476, 1, 2024/01/14, 15:50:25.771, 847136230125, vstest.console.dll, TestPluginCache: TestHosts are 'HostProvider://DefaultTestHost,HostProvider://DotnetTestHost'.
TpTrace Verbose: 0 : 18476, 1, 2024/01/14, 15:50:25.771, 847136230464, vstest.console.dll, TestPluginCache: DataCollectors are ''.
TpTrace Information: 0 : 18476, 1, 2024/01/14, 15:50:25.781, 847136324133, vstest.console.dll, RunTestsArgumentProcessor:Execute: Test run is starting.
TpTrace Verbose: 0 : 18476, 1, 2024/01/14, 15:50:25.781, 847136324928, vstest.console.dll, RunTestsArgumentProcessor:Execute: Queuing Test run.
TpTrace Information: 0 : 18476, 1, 2024/01/14, 15:50:25.781, 847136327655, vstest.console.dll, TestRequestManager.RunTests: run tests started.
TpTrace Information: 0 : 18476, 1, 2024/01/14, 15:50:25.782, 847136339158, vstest.console.dll, AssemblyMetadataProvider.GetFrameworkName: Determined framework:'.NETCoreApp,Version=v6.0' for source: 'C:\Users\Korisnik\Desktop\Tajra\VVS\Olx-blackbox-testing\VVSTestOlx\bin\Debug\net6.0\fine-code-coverage\build-output\VVSTestOlx.dll'
TpTrace Information: 0 : 18476, 1, 2024/01/14, 15:50:25.782, 847136340657, vstest.console.dll, Determined framework for all sources: .NETCoreApp,Version=v6.0
TpTrace Verbose: 0 : 18476, 1, 2024/01/14, 15:50:25.783, 847136344156, vstest.console.dll, TestRequestManager.UpdateRunSettingsIfRequired: Default architecture: X64 IsDefaultTargetArchitecture: True, Current process architecture: X64 OperatingSystem: Windows.
TpTrace Information: 0 : 18476, 1, 2024/01/14, 15:50:25.784, 847136362971, vstest.console.dll, AssemblyMetadataProvider.GetArchitecture: Determined architecture:AnyCPU info for assembly: C:\Users\Korisnik\Desktop\Tajra\VVS\Olx-blackbox-testing\VVSTestOlx\bin\Debug\net6.0\fine-code-coverage\build-output\VVSTestOlx.dll
TpTrace Information: 0 : 18476, 1, 2024/01/14, 15:50:25.785, 847136363547, vstest.console.dll, Determined platform for source 'C:\Users\Korisnik\Desktop\Tajra\VVS\Olx-blackbox-testing\VVSTestOlx\bin\Debug\net6.0\fine-code-coverage\build-output\VVSTestOlx.dll' was AnyCPU and it will use the default plaform X64.
TpTrace Information: 0 : 18476, 1, 2024/01/14, 15:50:25.785, 847136363821, vstest.console.dll, None of the sources provided any runnable platform, using the default platform: X64
TpTrace Information: 0 : 18476, 1, 2024/01/14, 15:50:25.785, 847136364653, vstest.console.dll, Platform was updated to 'X64'.
TpTrace Information: 0 : 18476, 1, 2024/01/14, 15:50:25.788, 847136401544, vstest.console.dll, InferRunSettingsHelper.IsTestSettingsEnabled: Unable to navigate to RunSettings/MSTest. Current node: RunSettings
TpTrace Information: 0 : 18476, 1, 2024/01/14, 15:50:25.789, 847136408520, vstest.console.dll, AssemblyResolver.OnResolve: Microsoft.VisualStudio.TestPlatform.Fakes: Resolving assembly.
TpTrace Information: 0 : 18476, 1, 2024/01/14, 15:50:25.789, 847136409166, vstest.console.dll, AssemblyResolver.OnResolve: Microsoft.VisualStudio.TestPlatform.Fakes: Searching in: 'C:\Program Files\dotnet\sdk\7.0.402\Extensions'.
TpTrace Information: 0 : 18476, 1, 2024/01/14, 15:50:25.789, 847136410049, vstest.console.dll, AssemblyResolver.OnResolve: Microsoft.VisualStudio.TestPlatform.Fakes: Assembly path does not exist: 'C:\Program Files\dotnet\sdk\7.0.402\Extensions\Microsoft.VisualStudio.TestPlatform.Fakes.dll', returning.
TpTrace Information: 0 : 18476, 1, 2024/01/14, 15:50:25.789, 847136410566, vstest.console.dll, AssemblyResolver.OnResolve: Microsoft.VisualStudio.TestPlatform.Fakes: Assembly path does not exist: 'C:\Program Files\dotnet\sdk\7.0.402\Extensions\Microsoft.VisualStudio.TestPlatform.Fakes.exe', returning.
TpTrace Information: 0 : 18476, 1, 2024/01/14, 15:50:25.789, 847136410848, vstest.console.dll, AssemblyResolver.OnResolve: Microsoft.VisualStudio.TestPlatform.Fakes: Searching in: 'C:\Program Files\dotnet\sdk\7.0.402'.
TpTrace Information: 0 : 18476, 1, 2024/01/14, 15:50:25.789, 847136411339, vstest.console.dll, AssemblyResolver.OnResolve: Microsoft.VisualStudio.TestPlatform.Fakes: Assembly path does not exist: 'C:\Program Files\dotnet\sdk\7.0.402\Microsoft.VisualStudio.TestPlatform.Fakes.dll', returning.
TpTrace Information: 0 : 18476, 1, 2024/01/14, 15:50:25.789, 847136411845, vstest.console.dll, AssemblyResolver.OnResolve: Microsoft.VisualStudio.TestPlatform.Fakes: Assembly path does not exist: 'C:\Program Files\dotnet\sdk\7.0.402\Microsoft.VisualStudio.TestPlatform.Fakes.exe', returning.
TpTrace Information: 0 : 18476, 1, 2024/01/14, 15:50:25.789, 847136412157, vstest.console.dll, AssemblyResolver.OnResolve: Microsoft.VisualStudio.TestPlatform.Fakes: Failed to load assembly.
TpTrace Information: 0 : 18476, 1, 2024/01/14, 15:50:25.790, 847136414679, vstest.console.dll, Failed to load assembly Microsoft.VisualStudio.TestPlatform.Fakes, Version=17.0.0.0, Culture=neutral. Reason:System.IO.FileNotFoundException: Could not load file or assembly 'Microsoft.VisualStudio.TestPlatform.Fakes, Version=17.0.0.0, Culture=neutral, PublicKeyToken=null'. The system cannot find the file specified.
File name: 'Microsoft.VisualStudio.TestPlatform.Fakes, Version=17.0.0.0, Culture=neutral, PublicKeyToken=null'
   at System.Reflection.RuntimeAssembly.InternalLoad(AssemblyName assemblyName, StackCrawlMark& stackMark, AssemblyLoadContext assemblyLoadContext, RuntimeAssembly requestingAssembly, Boolean throwOnFileNotFound)
   at System.Reflection.Assembly.Load(AssemblyName assemblyRef)
   at Microsoft.VisualStudio.TestPlatform.Common.Utilities.FakesUtilities.LoadTestPlatformAssembly() in /_/src/Microsoft.TestPlatform.Common/Utilities/FakesUtilities.cs:line 272
TpTrace Verbose: 0 : 18476, 1, 2024/01/14, 15:50:25.793, 847136445829, vstest.console.dll, TestPluginCache.DiscoverTestExtensions: finding test extensions in assemblies ends with: TestLogger.dll TPluginInfo: Microsoft.VisualStudio.TestPlatform.Common.ExtensionFramework.Utilities.TestLoggerPluginInformation TExtension: Microsoft.VisualStudio.TestPlatform.ObjectModel.Client.ITestLogger
TpTrace Verbose: 0 : 18476, 1, 2024/01/14, 15:50:25.793, 847136446706, vstest.console.dll, TestPluginCache.GetExtensionPaths: Filtered extension paths: 
TpTrace Verbose: 0 : 18476, 1, 2024/01/14, 15:50:25.793, 847136447037, vstest.console.dll, TestPluginCache.GetExtensionPaths: Added default extension paths: C:\Program Files\dotnet\sdk\7.0.402\Extensions\Microsoft.Diagnostics.NETCore.Client.dll
C:\Program Files\dotnet\sdk\7.0.402\Extensions\Microsoft.TestPlatform.Extensions.BlameDataCollector.dll
C:\Program Files\dotnet\sdk\7.0.402\Extensions\Microsoft.TestPlatform.Extensions.EventLogCollector.dll
C:\Program Files\dotnet\sdk\7.0.402\Extensions\Microsoft.TestPlatform.TestHostRuntimeProvider.dll
C:\Program Files\dotnet\sdk\7.0.402\Extensions\Microsoft.VisualStudio.TestPlatform.Extensions.Html.TestLogger.dll
C:\Program Files\dotnet\sdk\7.0.402\Extensions\Microsoft.VisualStudio.TestPlatform.Extensions.Trx.TestLogger.dll
TpTrace Verbose: 0 : 18476, 1, 2024/01/14, 15:50:25.793, 847136447387, vstest.console.dll, TestPluginCache.GetExtensionPaths: Added unfilterableExtensionPaths: 
TpTrace Information: 0 : 18476, 1, 2024/01/14, 15:50:25.793, 847136448362, vstest.console.dll, AssemblyResolver.AddSearchDirectories: Adding more searchDirectories C:\Program Files\dotnet\sdk\7.0.402\Extensions,C:\Program Files\dotnet\sdk\7.0.402
TpTrace Verbose: 0 : 18476, 1, 2024/01/14, 15:50:25.793, 847136448765, vstest.console.dll, TestPluginCache.DiscoverTestExtensions: Discovering the extensions using extension path.
TpTrace Verbose: 0 : 18476, 1, 2024/01/14, 15:50:25.793, 847136449062, vstest.console.dll, TestPluginCache.GetExtensionPaths: Filtered extension paths: 
TpTrace Verbose: 0 : 18476, 1, 2024/01/14, 15:50:25.793, 847136449353, vstest.console.dll, TestPluginCache.GetExtensionPaths: Added default extension paths: C:\Program Files\dotnet\sdk\7.0.402\Extensions\Microsoft.Diagnostics.NETCore.Client.dll
C:\Program Files\dotnet\sdk\7.0.402\Extensions\Microsoft.TestPlatform.Extensions.BlameDataCollector.dll
C:\Program Files\dotnet\sdk\7.0.402\Extensions\Microsoft.TestPlatform.Extensions.EventLogCollector.dll
C:\Program Files\dotnet\sdk\7.0.402\Extensions\Microsoft.TestPlatform.TestHostRuntimeProvider.dll
C:\Program Files\dotnet\sdk\7.0.402\Extensions\Microsoft.VisualStudio.TestPlatform.Extensions.Html.TestLogger.dll
C:\Program Files\dotnet\sdk\7.0.402\Extensions\Microsoft.VisualStudio.TestPlatform.Extensions.Trx.TestLogger.dll
TpTrace Verbose: 0 : 18476, 1, 2024/01/14, 15:50:25.793, 847136449605, vstest.console.dll, TestPluginCache.GetExtensionPaths: Added unfilterableExtensionPaths: 
TpTrace Verbose: 0 : 18476, 1, 2024/01/14, 15:50:25.793, 847136449928, vstest.console.dll, TestPluginCache.DiscoverTestExtensions: Discovering the extensions using allExtensionPaths: C:\Program Files\dotnet\sdk\7.0.402\Extensions\Microsoft.Diagnostics.NETCore.Client.dll
C:\Program Files\dotnet\sdk\7.0.402\Extensions\Microsoft.TestPlatform.Extensions.BlameDataCollector.dll
C:\Program Files\dotnet\sdk\7.0.402\Extensions\Microsoft.TestPlatform.Extensions.EventLogCollector.dll
C:\Program Files\dotnet\sdk\7.0.402\Extensions\Microsoft.TestPlatform.TestHostRuntimeProvider.dll
C:\Program Files\dotnet\sdk\7.0.402\Extensions\Microsoft.VisualStudio.TestPlatform.Extensions.Html.TestLogger.dll
C:\Program Files\dotnet\sdk\7.0.402\Extensions\Microsoft.VisualStudio.TestPlatform.Extensions.Trx.TestLogger.dll
TpTrace Information: 0 : 18476, 1, 2024/01/14, 15:50:25.793, 847136450881, vstest.console.dll, AssemblyResolver.AddSearchDirectories: Adding more searchDirectories C:\Program Files\dotnet\sdk\7.0.402\Extensions,C:\Program Files\dotnet\sdk\7.0.402
TpTrace Information: 0 : 18476, 1, 2024/01/14, 15:50:25.793, 847136451251, vstest.console.dll, AssemblyResolver.AddSearchDirectories: Adding more searchDirectories C:\Program Files\dotnet\sdk\7.0.402\Extensions,C:\Program Files\dotnet\sdk\7.0.402
TpTrace Information: 0 : 18476, 1, 2024/01/14, 15:50:25.793, 847136451536, vstest.console.dll, AssemblyResolver.AddSearchDirectories: Adding more searchDirectories C:\Program Files\dotnet\sdk\7.0.402\Extensions,C:\Program Files\dotnet\sdk\7.0.402
TpTrace Information: 0 : 18476, 1, 2024/01/14, 15:50:25.793, 847136451806, vstest.console.dll, AssemblyResolver.AddSearchDirectories: Adding more searchDirectories C:\Program Files\dotnet\sdk\7.0.402\Extensions,C:\Program Files\dotnet\sdk\7.0.402
TpTrace Information: 0 : 18476, 1, 2024/01/14, 15:50:25.793, 847136452108, vstest.console.dll, AssemblyResolver.AddSearchDirectories: Adding more searchDirectories C:\Program Files\dotnet\sdk\7.0.402\Extensions,C:\Program Files\dotnet\sdk\7.0.402
TpTrace Information: 0 : 18476, 1, 2024/01/14, 15:50:25.793, 847136452373, vstest.console.dll, AssemblyResolver.AddSearchDirectories: Adding more searchDirectories C:\Program Files\dotnet\sdk\7.0.402\Extensions,C:\Program Files\dotnet\sdk\7.0.402
TpTrace Verbose: 0 : 18476, 1, 2024/01/14, 15:50:25.793, 847136453304, vstest.console.dll, MetadataReaderExtensionsHelper: Discovering extensions inside assembly 'Microsoft.Diagnostics.NETCore.Client, Version=0.2.8.21101, Culture=neutral, PublicKeyToken=31bf3856ad364e35' file path 'C:\Program Files\dotnet\sdk\7.0.402\Extensions\Microsoft.Diagnostics.NETCore.Client.dll'
TpTrace Information: 0 : 18476, 1, 2024/01/14, 15:50:25.794, 847136459807, vstest.console.dll, AssemblyResolver.OnResolve: Microsoft.Bcl.AsyncInterfaces: Resolving assembly.
TpTrace Information: 0 : 18476, 1, 2024/01/14, 15:50:25.794, 847136460324, vstest.console.dll, AssemblyResolver.OnResolve: Microsoft.Bcl.AsyncInterfaces: Resolved from cache.
TpTrace Verbose: 0 : 18476, 1, 2024/01/14, 15:50:25.794, 847136460595, vstest.console.dll, CurrentDomainAssemblyResolve: Resolving assembly 'Microsoft.Bcl.AsyncInterfaces'.
TpTrace Information: 0 : 18476, 1, 2024/01/14, 15:50:25.794, 847136460996, vstest.console.dll, AssemblyResolver.OnResolve: Microsoft.Bcl.AsyncInterfaces: Resolving assembly.
TpTrace Information: 0 : 18476, 1, 2024/01/14, 15:50:25.794, 847136461304, vstest.console.dll, AssemblyResolver.OnResolve: Microsoft.Bcl.AsyncInterfaces: Resolved from cache.
TpTrace Verbose: 0 : 18476, 1, 2024/01/14, 15:50:25.794, 847136461544, vstest.console.dll, CurrentDomainAssemblyResolve: Resolving assembly 'Microsoft.Bcl.AsyncInterfaces'.
TpTrace Verbose: 0 : 18476, 1, 2024/01/14, 15:50:25.794, 847136461772, vstest.console.dll, CurrentDomainAssemblyResolve: Failed to resolve assembly 'Microsoft.Bcl.AsyncInterfaces'.
TpTrace Verbose: 0 : 18476, 1, 2024/01/14, 15:50:25.794, 847136463310, vstest.console.dll, CurrentDomainAssemblyResolve: Failed to resolve assembly 'Microsoft.Bcl.AsyncInterfaces'.
TpTrace Warning: 0 : 18476, 1, 2024/01/14, 15:50:25.795, 847136466901, vstest.console.dll, TestPluginDiscoverer: Failed to get types from assembly 'Microsoft.Diagnostics.NETCore.Client, Version=0.2.8.21101, Culture=neutral, PublicKeyToken=31bf3856ad364e35'. Error: System.Reflection.ReflectionTypeLoadException: Unable to load one or more of the requested types.
Could not load file or assembly 'Microsoft.Bcl.AsyncInterfaces, Version=1.0.0.0, Culture=neutral, PublicKeyToken=cc7b13ffcd2ddd51'. The system cannot find the file specified.
   at System.Reflection.RuntimeModule.GetTypes(RuntimeModule module)
   at System.Reflection.Assembly.GetTypes()
   at Microsoft.VisualStudio.TestPlatform.Common.ExtensionFramework.TestPluginDiscoverer.GetTestExtensionsFromAssembly[TPluginInfo,TExtension](Assembly assembly, Dictionary`2 pluginInfos, String filePath) in /_/src/Microsoft.TestPlatform.Common/ExtensionFramework/TestPluginDiscoverer.cs:line 158
System.IO.FileNotFoundException: Could not load file or assembly 'Microsoft.Bcl.AsyncInterfaces, Version=1.0.0.0, Culture=neutral, PublicKeyToken=cc7b13ffcd2ddd51'. The system cannot find the file specified.
File name: 'Microsoft.Bcl.AsyncInterfaces, Version=1.0.0.0, Culture=neutral, PublicKeyToken=cc7b13ffcd2ddd51'
 ---> System.IO.FileNotFoundException: Could not load file or assembly 'Microsoft.Bcl.AsyncInterfaces, Culture=neutral, PublicKeyToken=null'. The system cannot find the file specified.
File name: 'Microsoft.Bcl.AsyncInterfaces, Culture=neutral, PublicKeyToken=null'
   at System.Reflection.RuntimeAssembly.InternalLoad(AssemblyName assemblyName, StackCrawlMark& stackMark, AssemblyLoadContext assemblyLoadContext, RuntimeAssembly requestingAssembly, Boolean throwOnFileNotFound)
   at System.Reflection.Assembly.Load(AssemblyName assemblyRef)
   at Microsoft.VisualStudio.TestPlatform.Common.ExtensionFramework.TestPluginCache.CurrentDomainAssemblyResolve(Object sender, AssemblyResolveEventArgs args) in /_/src/Microsoft.TestPlatform.Common/ExtensionFramework/TestPluginCache.cs:line 513
   at System.Runtime.Loader.AssemblyLoadContext.GetFirstResolvedAssemblyFromResolvingEvent(AssemblyName assemblyName)
   at System.Runtime.Loader.AssemblyLoadContext.ResolveUsingEvent(AssemblyName assemblyName)
   at System.Runtime.Loader.AssemblyLoadContext.ResolveUsingResolvingEvent(IntPtr gchManagedAssemblyLoadContext, AssemblyName assemblyName)
TpTrace Warning: 0 : 18476, 1, 2024/01/14, 15:50:25.795, 847136468380, vstest.console.dll, LoaderExceptions: System.IO.FileNotFoundException: Could not load file or assembly 'Microsoft.Bcl.AsyncInterfaces, Version=1.0.0.0, Culture=neutral, PublicKeyToken=cc7b13ffcd2ddd51'. The system cannot find the file specified.
File name: 'Microsoft.Bcl.AsyncInterfaces, Version=1.0.0.0, Culture=neutral, PublicKeyToken=cc7b13ffcd2ddd51'
 ---> System.IO.FileNotFoundException: Could not load file or assembly 'Microsoft.Bcl.AsyncInterfaces, Culture=neutral, PublicKeyToken=null'. The system cannot find the file specified.
File name: 'Microsoft.Bcl.AsyncInterfaces, Culture=neutral, PublicKeyToken=null'
   at System.Reflection.RuntimeAssembly.InternalLoad(AssemblyName assemblyName, StackCrawlMark& stackMark, AssemblyLoadContext assemblyLoadContext, RuntimeAssembly requestingAssembly, Boolean throwOnFileNotFound)
   at System.Reflection.Assembly.Load(AssemblyName assemblyRef)
   at Microsoft.VisualStudio.TestPlatform.Common.ExtensionFramework.TestPluginCache.CurrentDomainAssemblyResolve(Object sender, AssemblyResolveEventArgs args) in /_/src/Microsoft.TestPlatform.Common/ExtensionFramework/TestPluginCache.cs:line 513
   at System.Runtime.Loader.AssemblyLoadContext.GetFirstResolvedAssemblyFromResolvingEvent(AssemblyName assemblyName)
   at System.Runtime.Loader.AssemblyLoadContext.ResolveUsingEvent(AssemblyName assemblyName)
   at System.Runtime.Loader.AssemblyLoadContext.ResolveUsingResolvingEvent(IntPtr gchManagedAssemblyLoadContext, AssemblyName assemblyName)
TpTrace Verbose: 0 : 18476, 1, 2024/01/14, 15:50:25.795, 847136469180, vstest.console.dll, MetadataReaderExtensionsHelper: Discovering extensions inside assembly 'Microsoft.TestPlatform.Extensions.BlameDataCollector, Version=15.0.0.0, Culture=neutral, PublicKeyToken=b03f5f7f11d50a3a' file path 'C:\Program Files\dotnet\sdk\7.0.402\Extensions\Microsoft.TestPlatform.Extensions.BlameDataCollector.dll'
TpTrace Information: 0 : 18476, 1, 2024/01/14, 15:50:25.795, 847136473213, vstest.console.dll, GetTestExtensionFromType: Register extension with identifier data 'logger://Microsoft/TestPlatform/Extensions/Blame/v1' and type 'Microsoft.TestPlatform.Extensions.BlameDataCollector.BlameLogger, Microsoft.TestPlatform.Extensions.BlameDataCollector, Version=15.0.0.0, Culture=neutral, PublicKeyToken=b03f5f7f11d50a3a' inside file 'C:\Program Files\dotnet\sdk\7.0.402\Extensions\Microsoft.TestPlatform.Extensions.BlameDataCollector.dll'
TpTrace Verbose: 0 : 18476, 1, 2024/01/14, 15:50:25.796, 847136473812, vstest.console.dll, MetadataReaderExtensionsHelper: Discovering extensions inside assembly 'Microsoft.TestPlatform.Extensions.EventLogCollector, Version=15.0.0.0, Culture=neutral, PublicKeyToken=b03f5f7f11d50a3a' file path 'C:\Program Files\dotnet\sdk\7.0.402\Extensions\Microsoft.TestPlatform.Extensions.EventLogCollector.dll'
TpTrace Verbose: 0 : 18476, 1, 2024/01/14, 15:50:25.796, 847136476673, vstest.console.dll, MetadataReaderExtensionsHelper: Discovering extensions inside assembly 'Microsoft.TestPlatform.TestHostRuntimeProvider, Version=15.0.0.0, Culture=neutral, PublicKeyToken=b03f5f7f11d50a3a' file path 'C:\Program Files\dotnet\sdk\7.0.402\Extensions\Microsoft.TestPlatform.TestHostRuntimeProvider.dll'
TpTrace Verbose: 0 : 18476, 1, 2024/01/14, 15:50:25.796, 847136479394, vstest.console.dll, MetadataReaderExtensionsHelper: Discovering extensions inside assembly 'Microsoft.VisualStudio.TestPlatform.Extensions.Html.TestLogger, Version=15.0.0.0, Culture=neutral, PublicKeyToken=b03f5f7f11d50a3a' file path 'C:\Program Files\dotnet\sdk\7.0.402\Extensions\Microsoft.VisualStudio.TestPlatform.Extensions.Html.TestLogger.dll'
TpTrace Information: 0 : 18476, 1, 2024/01/14, 15:50:25.797, 847136483684, vstest.console.dll, GetTestExtensionFromType: Register extension with identifier data 'logger://Microsoft/TestPlatform/HtmlLogger/v1' and type 'Microsoft.VisualStudio.TestPlatform.Extensions.HtmlLogger.HtmlLogger, Microsoft.VisualStudio.TestPlatform.Extensions.Html.TestLogger, Version=15.0.0.0, Culture=neutral, PublicKeyToken=b03f5f7f11d50a3a' inside file 'C:\Program Files\dotnet\sdk\7.0.402\Extensions\Microsoft.VisualStudio.TestPlatform.Extensions.Html.TestLogger.dll'
TpTrace Verbose: 0 : 18476, 1, 2024/01/14, 15:50:25.797, 847136484281, vstest.console.dll, MetadataReaderExtensionsHelper: Discovering extensions inside assembly 'Microsoft.VisualStudio.TestPlatform.Extensions.Trx.TestLogger, Version=15.0.0.0, Culture=neutral, PublicKeyToken=b03f5f7f11d50a3a' file path 'C:\Program Files\dotnet\sdk\7.0.402\Extensions\Microsoft.VisualStudio.TestPlatform.Extensions.Trx.TestLogger.dll'
TpTrace Information: 0 : 18476, 1, 2024/01/14, 15:50:25.797, 847136486978, vstest.console.dll, GetTestExtensionFromType: Register extension with identifier data 'logger://Microsoft/TestPlatform/TrxLogger/v1' and type 'Microsoft.VisualStudio.TestPlatform.Extensions.TrxLogger.TrxLogger, Microsoft.VisualStudio.TestPlatform.Extensions.Trx.TestLogger, Version=15.0.0.0, Culture=neutral, PublicKeyToken=b03f5f7f11d50a3a' inside file 'C:\Program Files\dotnet\sdk\7.0.402\Extensions\Microsoft.VisualStudio.TestPlatform.Extensions.Trx.TestLogger.dll'
TpTrace Verbose: 0 : 18476, 1, 2024/01/14, 15:50:25.797, 847136487715, vstest.console.dll, TestPluginCache: Discovered the extensions using extension path ''.
TpTrace Verbose: 0 : 18476, 1, 2024/01/14, 15:50:25.797, 847136488165, vstest.console.dll, TestPluginCache: Discoverers are ''.
TpTrace Verbose: 0 : 18476, 1, 2024/01/14, 15:50:25.797, 847136489568, vstest.console.dll, TestPluginCache: Executors are ''.
TpTrace Verbose: 0 : 18476, 1, 2024/01/14, 15:50:25.797, 847136490654, vstest.console.dll, TestPluginCache: Executors2 are ''.
TpTrace Verbose: 0 : 18476, 1, 2024/01/14, 15:50:25.797, 847136491050, vstest.console.dll, TestPluginCache: Setting providers are ''.
TpTrace Verbose: 0 : 18476, 1, 2024/01/14, 15:50:25.797, 847136491868, vstest.console.dll, TestPluginCache: Loggers are 'logger://Microsoft/TestPlatform/Extensions/Blame/v1,logger://Microsoft/TestPlatform/HtmlLogger/v1,logger://Microsoft/TestPlatform/TrxLogger/v1'.
TpTrace Verbose: 0 : 18476, 1, 2024/01/14, 15:50:25.797, 847136492332, vstest.console.dll, TestPluginCache: TestHosts are 'HostProvider://DefaultTestHost,HostProvider://DotnetTestHost'.
TpTrace Verbose: 0 : 18476, 1, 2024/01/14, 15:50:25.797, 847136492617, vstest.console.dll, TestPluginCache: DataCollectors are ''.
TpTrace Information: 0 : 18476, 1, 2024/01/14, 15:50:25.798, 847136501259, vstest.console.dll, TestPluginManager.CreateTestExtension: Attempting to load test extension: Microsoft.TestPlatform.Extensions.BlameDataCollector.BlameLogger
TpTrace Verbose: 0 : 18476, 1, 2024/01/14, 15:50:25.805, 847136566287, vstest.console.dll, TestEngine: Initializing Parallel Execution as MaxCpuCount is set to: 1
TpTrace Information: 0 : 18476, 1, 2024/01/14, 15:50:25.806, 847136581966, vstest.console.dll, TestPluginManager.CreateTestExtension: Attempting to load test extension: Microsoft.VisualStudio.TestPlatform.CrossPlatEngine.Hosting.DefaultTestHostManager
TpTrace Information: 0 : 18476, 1, 2024/01/14, 15:50:25.807, 847136590530, vstest.console.dll, TestPluginManager.CreateTestExtension: Attempting to load test extension: Microsoft.VisualStudio.TestPlatform.CrossPlatEngine.Hosting.DotnetTestHostManager
TpTrace Information: 0 : 18476, 1, 2024/01/14, 15:50:25.808, 847136596913, vstest.console.dll, InferRunSettingsHelper.IsTestSettingsEnabled: Unable to navigate to RunSettings/MSTest. Current node: RunSettings
TpTrace Verbose: 0 : 18476, 1, 2024/01/14, 15:50:25.808, 847136601948, vstest.console.dll, ParallelOperationManager.ClearSlots: Clearing all slots. Slots should accept more work: True
TpTrace Verbose: 0 : 18476, 1, 2024/01/14, 15:50:25.809, 847136610975, vstest.console.dll, ParallelOperationManager.SetOccupiedSlotCount: Setting slot counts AvailableSlotCount = 1, OccupiedSlotCount = 0.
TpTrace Verbose: 0 : 18476, 1, 2024/01/14, 15:50:25.810, 847136615869, vstest.console.dll, Occupied slots:

TpTrace Verbose: 0 : 18476, 1, 2024/01/14, 15:50:25.814, 847136653832, vstest.console.dll, TestEngine.GetExecutionManager: Chosen execution manager 'Microsoft.VisualStudio.TestPlatform.CrossPlatEngine.Client.Parallel.ParallelProxyExecutionManager, Microsoft.TestPlatform.CrossPlatEngine, Version=15.0.0.0, Culture=neutral, PublicKeyToken=b03f5f7f11d50a3a' ParallelLevel '1'.
TpTrace Verbose: 0 : 18476, 1, 2024/01/14, 15:50:25.814, 847136655342, vstest.console.dll, TestRunRequest.ExecuteAsync: Creating test run request.
TpTrace Verbose: 0 : 18476, 1, 2024/01/14, 15:50:25.814, 847136657308, vstest.console.dll, TestRunRequest.ExecuteAsync: Starting.
TpTrace Information: 0 : 18476, 1, 2024/01/14, 15:50:25.814, 847136659698, vstest.console.dll, TestRunRequest.ExecuteAsync: Starting run with settings:TestRunCriteria:
   KeepAlive=False,FrequencyOfRunStatsChangeEvent=10,RunStatsChangeEventTimeout=00:00:01.5000000,TestCaseFilter=,TestExecutorLauncher=
   Settingsxml=<RunSettings>
  <RunConfiguration>
    <ResultsDirectory>C:\Users\Korisnik\Desktop\Tajra\VVS\Olx-blackbox-testing\VVSTestOlx\bin\Debug\net6.0\fine-code-coverage\coverage-tool-output</ResultsDirectory>
    <TargetPlatform>X64</TargetPlatform>
    <TargetFrameworkVersion>.NETCoreApp,Version=v6.0</TargetFrameworkVersion>
    <DesignMode>False</DesignMode>
    <CollectSourceInformation>False</CollectSourceInformation>
  </RunConfiguration>
  <LoggerRunSettings>
    <Loggers>
      <Logger friendlyName="blame" enabled="True" />
      <Logger friendlyName="Console" uri="logger://microsoft/TestPlatform/ConsoleLogger/v1" assemblyQualifiedName="Microsoft.VisualStudio.TestPlatform.CommandLine.Internal.ConsoleLogger, vstest.console, Version=15.0.0.0, Culture=neutral, PublicKeyToken=b03f5f7f11d50a3a" codeBase="C:\Program Files\dotnet\sdk\7.0.402\vstest.console.dll" enabled="True" />
    </Loggers>
  </LoggerRunSettings>
  <DataCollectionRunSettings>
    <DataCollectors>
      <DataCollector friendlyName="blame" enabled="True">
        <Configuration>
          <ResultsDirectory>C:\Users\Korisnik\Desktop\Tajra\VVS\Olx-blackbox-testing\VVSTestOlx\bin\Debug\net6.0\fine-code-coverage\coverage-tool-output</ResultsDirectory>
        </Configuration>
      </DataCollector>
    </DataCollectors>
  </DataCollectionRunSettings>
</RunSettings>

TpTrace Verbose: 0 : 18476, 1, 2024/01/14, 15:50:25.814, 847136660173, vstest.console.dll, TestRunRequest.ExecuteAsync: Wait for the first run request is over.
TpTrace Verbose: 0 : 18476, 1, 2024/01/14, 15:50:25.814, 847136662961, vstest.console.dll, MulticastDelegateUtilities.SafeInvoke: TestRun.TestRunStart: Invoking callbacks was skipped because there are no subscribers.
TpTrace Verbose: 0 : 18476, 4, 2024/01/14, 15:50:25.815, 847136665038, vstest.console.dll, MulticastDelegateUtilities.SafeInvoke: InternalTestLoggerEvents.SendTestRunStart: Invoking callback 1/1 for Microsoft.VisualStudio.TestPlatform.CommandLine.Internal.ConsoleLogger., took 0 ms.
TpTrace Verbose: 0 : 18476, 1, 2024/01/14, 15:50:25.816, 847136679788, vstest.console.dll, ParallelProxyExecutionManager: Start execution. Total sources: 1
TpTrace Verbose: 0 : 18476, 1, 2024/01/14, 15:50:25.816, 847136683143, vstest.console.dll, ParallelOperationManager.StartWork: Starting adding 1 workloads.
TpTrace Verbose: 0 : 18476, 1, 2024/01/14, 15:50:25.817, 847136684117, vstest.console.dll, ParallelOperationManager.ClearSlots: Clearing all slots. Slots should accept more work: True
TpTrace Verbose: 0 : 18476, 1, 2024/01/14, 15:50:25.817, 847136684934, vstest.console.dll, ParallelOperationManager.SetOccupiedSlotCount: Setting slot counts AvailableSlotCount = 1, OccupiedSlotCount = 0.
TpTrace Verbose: 0 : 18476, 1, 2024/01/14, 15:50:25.817, 847136685330, vstest.console.dll, Occupied slots:

TpTrace Verbose: 0 : 18476, 1, 2024/01/14, 15:50:25.819, 847136705499, vstest.console.dll, TestRequestSender is acting as server.
TpTrace Verbose: 0 : 18476, 1, 2024/01/14, 15:50:25.820, 847136721764, vstest.console.dll, ParallelOperationManager.RunWorkInParallel: Adding 1 workload to slot, remaining workloads 0.
TpTrace Verbose: 0 : 18476, 1, 2024/01/14, 15:50:25.820, 847136722925, vstest.console.dll, ParallelOperationManager.SetOccupiedSlotCount: Setting slot counts AvailableSlotCount = 0, OccupiedSlotCount = 1.
TpTrace Verbose: 0 : 18476, 1, 2024/01/14, 15:50:25.821, 847136724361, vstest.console.dll, Occupied slots:
0: C:\Users\Korisnik\Desktop\Tajra\VVS\Olx-blackbox-testing\VVSTestOlx\bin\Debug\net6.0\fine-code-coverage\build-output\VVSTestOlx.dll
TpTrace Verbose: 0 : 18476, 1, 2024/01/14, 15:50:25.822, 847136738099, vstest.console.dll, ParallelOperationManager.RunWorkInParallel: Started host in slot number 0 for work (source): C:\Users\Korisnik\Desktop\Tajra\VVS\Olx-blackbox-testing\VVSTestOlx\bin\Debug\net6.0\fine-code-coverage\build-output\VVSTestOlx.dll.
TpTrace Verbose: 0 : 18476, 1, 2024/01/14, 15:50:25.823, 847136746711, vstest.console.dll, ParallelOperationManager.RunWorkInParallel: We started 1 work items, which is the max parallel level. Won't start more work.
TpTrace Verbose: 0 : 18476, 1, 2024/01/14, 15:50:25.823, 847136747489, vstest.console.dll, ParallelOperationManager.RunWorkInParallel: We started 1 work items in here, returning True.
TpTrace Information: 0 : 18476, 1, 2024/01/14, 15:50:25.823, 847136748959, vstest.console.dll, TestRunRequest.ExecuteAsync: Started.
TpTrace Verbose: 0 : 18476, 1, 2024/01/14, 15:50:25.823, 847136749720, vstest.console.dll, TestRunRequest.WaitForCompletion: Waiting with timeout -1.
TpTrace Verbose: 0 : 18476, 5, 2024/01/14, 15:50:25.823, 847136749702, vstest.console.dll, ParallelProxyExecutionManager.StartTestRunOnConcurrentManager: Initializing uninitialized client. Started clients: 0
TpTrace Verbose: 0 : 18476, 5, 2024/01/14, 15:50:25.823, 847136751257, vstest.console.dll, DataCollectionRequestSender.InitializeCommunication : Initialize communication. 
TpTrace Information: 0 : 18476, 5, 2024/01/14, 15:50:25.829, 847136806927, vstest.console.dll, Listening on Endpoint : 127.0.0.1:59820
TpTrace Verbose: 0 : 18476, 5, 2024/01/14, 15:50:25.836, 847136879010, vstest.console.dll, DotnetDataCollectionLauncher: Adding  --runtimeconfig "C:\Program Files\dotnet\sdk\7.0.402\datacollector.runtimeconfig.json" in args
TpTrace Verbose: 0 : 18476, 5, 2024/01/14, 15:50:25.836, 847136880165, vstest.console.dll, DotnetDataCollectionLauncher: Adding  --depsfile "C:\Program Files\dotnet\sdk\7.0.402\datacollector.deps.json" in args
TpTrace Verbose: 0 : 18476, 5, 2024/01/14, 15:50:25.836, 847136881625, vstest.console.dll, DotnetDataCollectionLauncher: Full path of dotnet.exe is C:\Program Files\dotnet\dotnet.exe
TpTrace Information: 0 : 18476, 5, 2024/01/14, 15:50:25.847, 847136991315, vstest.console.dll, ProxyDataCollectionManager.Initialize: Launched datacollector processId: 16236 port: 59820
TpTrace Information: 0 : 18476, 5, 2024/01/14, 15:50:25.847, 847136992811, vstest.console.dll, ProxyDataCollectionManager.Initialize: waiting for connection with timeout: 90 seconds
TpTrace Verbose: 0 : 18476, 5, 2024/01/14, 15:50:25.847, 847136993348, vstest.console.dll, DataCollectionRequestSender.WaitForRequestHandlerConnection : Waiting for connection with timeout: 90000
TpTrace Information: 0 : 18476, 7, 2024/01/14, 15:50:26.023, 847138747444, vstest.console.dll, Using the buffer size of 16384 bytes
TpTrace Verbose: 0 : 18476, 5, 2024/01/14, 15:50:26.023, 847138747639, vstest.console.dll, SocketCommunicationManager.WaitForClientConnection took: 175 ms, with 90000 ms timeout, and finished with True.
TpTrace Information: 0 : 18476, 7, 2024/01/14, 15:50:26.023, 847138748582, vstest.console.dll, Accepted Client request and set the flag
TpTrace Verbose: 0 : 18476, 5, 2024/01/14, 15:50:26.023, 847138749633, vstest.console.dll, ProxyDataCollectionManager.InvokeDataCollectionServiceAction: Starting.
TpTrace Information: 0 : 18476, 5, 2024/01/14, 15:50:26.023, 847138750364, vstest.console.dll, ProxyDataCollectionManager.BeforeTestRunStart: Get environment variable and port for datacollector processId: 16236 port: 59820
TpTrace Verbose: 0 : 18476, 5, 2024/01/14, 15:50:26.023, 847138751479, vstest.console.dll, DataCollectionRequestSender.SendBeforeTestRunStartAndGetResult: Send BeforeTestRunStart message with settingsXml <RunSettings><RunConfiguration><ResultsDirectory>C:\Users\Korisnik\Desktop\Tajra\VVS\Olx-blackbox-testing\VVSTestOlx\bin\Debug\net6.0\fine-code-coverage\coverage-tool-output</ResultsDirectory><TargetPlatform>X64</TargetPlatform><TargetFrameworkVersion>.NETCoreApp,Version=v6.0</TargetFrameworkVersion><DesignMode>False</DesignMode><CollectSourceInformation>False</CollectSourceInformation><TestAdaptersPaths>C:\Program Files\dotnet\sdk\7.0.402\Extensions</TestAdaptersPaths></RunConfiguration><LoggerRunSettings><Loggers><Logger friendlyName="blame" enabled="True" /><Logger friendlyName="Console" uri="logger://microsoft/TestPlatform/ConsoleLogger/v1" assemblyQualifiedName="Microsoft.VisualStudio.TestPlatform.CommandLine.Internal.ConsoleLogger, vstest.console, Version=15.0.0.0, Culture=neutral, PublicKeyToken=b03f5f7f11d50a3a" codeBase="C:\Program Files\dotnet\sdk\7.0.402\vstest.console.dll" enabled="True" /></Loggers></LoggerRunSettings><DataCollectionRunSettings><DataCollectors><DataCollector friendlyName="blame" enabled="True"><Configuration><ResultsDirectory>C:\Users\Korisnik\Desktop\Tajra\VVS\Olx-blackbox-testing\VVSTestOlx\bin\Debug\net6.0\fine-code-coverage\coverage-tool-output</ResultsDirectory></Configuration></DataCollector></DataCollectors></DataCollectionRunSettings></RunSettings> and sources System.Collections.Generic.List`1[System.String]: 
TpTrace Verbose: 0 : 18476, 5, 2024/01/14, 15:50:26.106, 847139578515, vstest.console.dll, DataCollectionRequestSender.SendBeforeTestRunStartAndGetResult: Received message: (DataCollection.SendMessage) -> {"MessageType":"DataCollection.SendMessage","Payload":{"FriendlyName":null,"Uri":null,"TestCaseId":"00000000-0000-0000-0000-000000000000","Message":"Logging DataCollector Diagnostics in file: C:\\Users\\Korisnik\\Desktop\\Tajra\\VVS\\Olx-blackbox-testing\\VVSTestOlx\\bin\\Debug\\net6.0\\fine-code-coverage\\coverage-tool-output\\diagnostics.datacollector.24-01-14_15-50-25_83634_5.log","Level":0}}
TpTrace Verbose: 0 : 18476, 5, 2024/01/14, 15:50:26.199, 847140511204, vstest.console.dll, DataCollectionRequestSender.SendBeforeTestRunStartAndGetResult: Received message: (DataCollection.BeforeTestRunStartResult) -> {"MessageType":"DataCollection.BeforeTestRunStartResult","Payload":{"EnvironmentVariables":{},"DataCollectionEventsPort":59822}}
TpTrace Information: 0 : 18476, 5, 2024/01/14, 15:50:26.204, 847140562198, vstest.console.dll, ProxyDataCollectionManager.BeforeTestRunStart: SendBeforeTestRunStartAndGetResult successful, env variable from datacollector:   and testhost port: 59822
TpTrace Information: 0 : 18476, 5, 2024/01/14, 15:50:26.204, 847140563189, vstest.console.dll, ProxyDataCollectionManager.InvokeDataCollectionServiceAction: Completed.
TpTrace Verbose: 0 : 18476, 5, 2024/01/14, 15:50:26.205, 847140563566, vstest.console.dll, ParallelProxyExecutionManager.StartTestRunOnConcurrentManager: Initializing test run. Started clients: 0
TpTrace Verbose: 0 : 18476, 5, 2024/01/14, 15:50:26.205, 847140564366, vstest.console.dll, ProxyExecutionManager: Test host is always Lazy initialize.
TpTrace Verbose: 0 : 18476, 5, 2024/01/14, 15:50:26.205, 847140566920, vstest.console.dll, TestRequestSender.InitializeCommunication: initialize communication. 
TpTrace Information: 0 : 18476, 5, 2024/01/14, 15:50:26.205, 847140571182, vstest.console.dll, SocketServer.Start: Listening on endpoint : 127.0.0.1:59823
TpTrace Verbose: 0 : 18476, 5, 2024/01/14, 15:50:26.206, 847140578717, vstest.console.dll, DotnetTestHostmanager.GetTestHostProcessStartInfo: Platform environment 'X64' target architecture 'X64' framework '.NETCoreApp,Version=v6.0' OS 'Windows'
TpTrace Verbose: 0 : 18476, 5, 2024/01/14, 15:50:26.206, 847140581338, vstest.console.dll, DotnetTestHostmanager: Adding  --runtimeconfig "C:\Users\Korisnik\Desktop\Tajra\VVS\Olx-blackbox-testing\VVSTestOlx\bin\Debug\net6.0\fine-code-coverage\build-output\VVSTestOlx.runtimeconfig.json" in args
TpTrace Verbose: 0 : 18476, 5, 2024/01/14, 15:50:26.206, 847140582997, vstest.console.dll, DotnetTestHostmanager: Adding  --depsfile "C:\Users\Korisnik\Desktop\Tajra\VVS\Olx-blackbox-testing\VVSTestOlx\bin\Debug\net6.0\fine-code-coverage\build-output\VVSTestOlx.deps.json" in args
TpTrace Verbose: 0 : 18476, 5, 2024/01/14, 15:50:26.207, 847140584791, vstest.console.dll, DotnetTestHostmanager.IsWinOnArm: Current PROCESSOR_ARCHITECTURE from environment variable 'AMD64'
TpTrace Verbose: 0 : 18476, 5, 2024/01/14, 15:50:26.207, 847140585746, vstest.console.dll, DotnetTestHostmanager.IsWinOnArm: Is Windows on ARM 'False'
TpTrace Verbose: 0 : 18476, 5, 2024/01/14, 15:50:26.207, 847140586943, vstest.console.dll, DotnetTestHostManager: testhost.exe found at path: C:\Users\Korisnik\Desktop\Tajra\VVS\Olx-blackbox-testing\VVSTestOlx\bin\Debug\net6.0\fine-code-coverage\build-output\testhost.exe
TpTrace Verbose: 0 : 18476, 5, 2024/01/14, 15:50:26.207, 847140587390, vstest.console.dll, DotnetTestHostmanager: Full path of host exe is C:\Users\Korisnik\Desktop\Tajra\VVS\Olx-blackbox-testing\VVSTestOlx\bin\Debug\net6.0\fine-code-coverage\build-output\testhost.exe
TpTrace Verbose: 0 : 18476, 5, 2024/01/14, 15:50:26.207, 847140588582, vstest.console.dll, DotnetTestHostmanager.LaunchTestHostAsync: Found 'VSTEST_WINAPPHOST_DOTNET_ROOT' in env variables, value 'C:\Program Files\dotnet', forwarding to 'DOTNET_ROOT'
TpTrace Verbose: 0 : 18476, 5, 2024/01/14, 15:50:26.207, 847140590868, vstest.console.dll, DotnetTestHostManager: Starting process 'C:\Users\Korisnik\Desktop\Tajra\VVS\Olx-blackbox-testing\VVSTestOlx\bin\Debug\net6.0\fine-code-coverage\build-output\testhost.exe' with command line ' --runtimeconfig "C:\Users\Korisnik\Desktop\Tajra\VVS\Olx-blackbox-testing\VVSTestOlx\bin\Debug\net6.0\fine-code-coverage\build-output\VVSTestOlx.runtimeconfig.json" --depsfile "C:\Users\Korisnik\Desktop\Tajra\VVS\Olx-blackbox-testing\VVSTestOlx\bin\Debug\net6.0\fine-code-coverage\build-output\VVSTestOlx.deps.json" --port 59823 --endpoint 127.0.0.1:059823 --role client --parentprocessid 18476 --diag "C:\Users\Korisnik\Desktop\Tajra\VVS\Olx-blackbox-testing\VVSTestOlx\bin\Debug\net6.0\fine-code-coverage\coverage-tool-output\diagnostics.host.24-01-14_15-50-26_20612_5.log" --tracelevel 4 --datacollectionport 59822 --telemetryoptedin false'
TpTrace Verbose: 0 : 18476, 5, 2024/01/14, 15:50:26.219, 847140708436, vstest.console.dll, MulticastDelegateUtilities.SafeInvoke: HostProviderEvents.OnHostLaunched: Invoking callback 1/2 for Microsoft.VisualStudio.TestPlatform.CrossPlatEngine.Client.ProxyExecutionManagerWithDataCollection., took 1 ms.
TpTrace Verbose: 0 : 18476, 5, 2024/01/14, 15:50:26.219, 847140711311, vstest.console.dll, Test Runtime launched
TpTrace Verbose: 0 : 18476, 5, 2024/01/14, 15:50:26.219, 847140712085, vstest.console.dll, MulticastDelegateUtilities.SafeInvoke: HostProviderEvents.OnHostLaunched: Invoking callback 2/2 for Microsoft.VisualStudio.TestPlatform.CrossPlatEngine.Client.ProxyOperationManager., took 0 ms.
TpTrace Verbose: 0 : 18476, 5, 2024/01/14, 15:50:26.220, 847140713499, vstest.console.dll, TestRequestSender.WaitForRequestHandlerConnection: waiting for connection with timeout: 90000.
TpTrace Verbose: 0 : 18476, 5, 2024/01/14, 15:50:26.416, 847142675787, vstest.console.dll, TestRequestSender.WaitForRequestHandlerConnection: waiting took 196 ms, with timeout 90000 ms, and result 0, which is success.
TpTrace Verbose: 0 : 18476, 11, 2024/01/14, 15:50:26.416, 847142675777, vstest.console.dll, MulticastDelegateUtilities.SafeInvoke: SocketServer: ClientConnected: Invoking callback 1/1 for Microsoft.VisualStudio.TestPlatform.CommunicationUtilities.TestRequestSender., took 0 ms.
TpTrace Verbose: 0 : 18476, 11, 2024/01/14, 15:50:26.416, 847142677388, vstest.console.dll, SocketServer.OnClientConnected: Client connected for endPoint: 127.0.0.1:59823, starting MessageLoopAsync:
TpTrace Verbose: 0 : 18476, 11, 2024/01/14, 15:50:26.416, 847142679660, vstest.console.dll, TcpClientExtensions.MessageLoopAsync: Polling on remoteEndPoint: 127.0.0.1:59824 localEndPoint: 127.0.0.1:59823
TpTrace Verbose: 0 : 18476, 5, 2024/01/14, 15:50:26.417, 847142684761, vstest.console.dll, TestRequestSender.CheckVersionWithTestHost: Sending check version message: {"MessageType":"ProtocolVersion","Payload":7}
TpTrace Verbose: 0 : 18476, 11, 2024/01/14, 15:50:26.577, 847144284130, vstest.console.dll, TcpClientExtensions.MessageLoopAsync: NotifyDataAvailable remoteEndPoint: 127.0.0.1:59824 localEndPoint: 127.0.0.1:59823
TpTrace Verbose: 0 : 18476, 11, 2024/01/14, 15:50:26.577, 847144286379, vstest.console.dll, TestRequestSender.CheckVersionWithTestHost: onMessageReceived received message: (ProtocolVersion) -> {"MessageType":"ProtocolVersion","Payload":7}
TpTrace Verbose: 0 : 18476, 11, 2024/01/14, 15:50:26.578, 847144294153, vstest.console.dll, MulticastDelegateUtilities.SafeInvoke: LengthPrefixCommunicationChannel: MessageReceived: Invoking callback 1/1 for Microsoft.VisualStudio.TestPlatform.CommunicationUtilities.TestRequestSender+<>c__DisplayClass29_0., took 0 ms.
TpTrace Verbose: 0 : 18476, 5, 2024/01/14, 15:50:26.578, 847144294782, vstest.console.dll, TestPluginCache.GetExtensionPaths: Filtered extension paths: 
TpTrace Verbose: 0 : 18476, 11, 2024/01/14, 15:50:26.578, 847144295396, vstest.console.dll, TcpClientExtensions.MessageLoopAsync: Polling on remoteEndPoint: 127.0.0.1:59824 localEndPoint: 127.0.0.1:59823
TpTrace Verbose: 0 : 18476, 5, 2024/01/14, 15:50:26.578, 847144295921, vstest.console.dll, TestPluginCache.GetExtensionPaths: Added default extension paths: C:\Program Files\dotnet\sdk\7.0.402\Extensions\Microsoft.Diagnostics.NETCore.Client.dll
C:\Program Files\dotnet\sdk\7.0.402\Extensions\Microsoft.TestPlatform.Extensions.BlameDataCollector.dll
C:\Program Files\dotnet\sdk\7.0.402\Extensions\Microsoft.TestPlatform.Extensions.EventLogCollector.dll
C:\Program Files\dotnet\sdk\7.0.402\Extensions\Microsoft.TestPlatform.TestHostRuntimeProvider.dll
C:\Program Files\dotnet\sdk\7.0.402\Extensions\Microsoft.VisualStudio.TestPlatform.Extensions.Html.TestLogger.dll
C:\Program Files\dotnet\sdk\7.0.402\Extensions\Microsoft.VisualStudio.TestPlatform.Extensions.Trx.TestLogger.dll
TpTrace Verbose: 0 : 18476, 5, 2024/01/14, 15:50:26.578, 847144296910, vstest.console.dll, TestPluginCache.GetExtensionPaths: Added unfilterableExtensionPaths: 
TpTrace Verbose: 0 : 18476, 5, 2024/01/14, 15:50:26.581, 847144330364, vstest.console.dll, TestRequestSender.InitializeExecution: Sending initialize execution with message: {"Version":7,"MessageType":"TestExecution.Initialize","Payload":["C:\\Users\\Korisnik\\Desktop\\Tajra\\VVS\\Olx-blackbox-testing\\VVSTestOlx\\bin\\Debug\\net6.0\\fine-code-coverage\\build-output\\NUnit3.TestAdapter.dll"]}
TpTrace Verbose: 0 : 18476, 5, 2024/01/14, 15:50:26.582, 847144333925, vstest.console.dll, ParallelProxyExecutionManager.StartTestRunOnConcurrentManager: Execution starting. Started clients: 1
TpTrace Verbose: 0 : 18476, 5, 2024/01/14, 15:50:26.582, 847144336994, vstest.console.dll, TestRunRequest:SendTestRunMessage: Starting.
TpTrace Verbose: 0 : 18476, 5, 2024/01/14, 15:50:26.582, 847144338672, vstest.console.dll, MulticastDelegateUtilities.SafeInvoke: TestRun.LogMessages: Invoking callback 1/1 for Microsoft.VisualStudio.TestPlatform.CommandLine.TestRunResultAggregator., took 0 ms.
TpTrace Information: 0 : 18476, 5, 2024/01/14, 15:50:26.582, 847144339046, vstest.console.dll, TestRunRequest:SendTestRunMessage: Completed.
TpTrace Verbose: 0 : 18476, 4, 2024/01/14, 15:50:26.582, 847144340721, vstest.console.dll, MulticastDelegateUtilities.SafeInvoke: InternalTestLoggerEvents.SendTestRunMessage: Invoking callback 1/1 for Microsoft.VisualStudio.TestPlatform.CommandLine.Internal.ConsoleLogger., took 0 ms.
TpTrace Warning: 0 : 18476, 5, 2024/01/14, 15:50:26.582, 847144342930, vstest.console.dll, InferRunSettingsHelper.MakeRunsettingsCompatible: Removing the following settings: TargetPlatform from RunSettings file. To use those settings please move to latest version of Microsoft.NET.Test.Sdk
TpTrace Verbose: 0 : 18476, 11, 2024/01/14, 15:50:26.583, 847144352956, vstest.console.dll, TcpClientExtensions.MessageLoopAsync: NotifyDataAvailable remoteEndPoint: 127.0.0.1:59824 localEndPoint: 127.0.0.1:59823
TpTrace Verbose: 0 : 18476, 11, 2024/01/14, 15:50:26.584, 847144357292, vstest.console.dll, TestRequestSender.OnExecutionMessageReceived: Received message: {"Version":7,"MessageType":"TestSession.Message","Payload":{"MessageLevel":0,"Message":"Logging TestHost Diagnostics in file: C:\\Users\\Korisnik\\Desktop\\Tajra\\VVS\\Olx-blackbox-testing\\VVSTestOlx\\bin\\Debug\\net6.0\\fine-code-coverage\\coverage-tool-output\\diagnostics.host.24-01-14_15-50-26_20612_5.log"}}
TpTrace Verbose: 0 : 18476, 11, 2024/01/14, 15:50:26.586, 847144382771, vstest.console.dll, TestRunRequest:SendTestRunMessage: Starting.
TpTrace Verbose: 0 : 18476, 11, 2024/01/14, 15:50:26.587, 847144384402, vstest.console.dll, MulticastDelegateUtilities.SafeInvoke: TestRun.LogMessages: Invoking callback 1/1 for Microsoft.VisualStudio.TestPlatform.CommandLine.TestRunResultAggregator., took 0 ms.
TpTrace Information: 0 : 18476, 11, 2024/01/14, 15:50:26.587, 847144384896, vstest.console.dll, TestRunRequest:SendTestRunMessage: Completed.
TpTrace Verbose: 0 : 18476, 11, 2024/01/14, 15:50:26.587, 847144385252, vstest.console.dll, MulticastDelegateUtilities.SafeInvoke: LengthPrefixCommunicationChannel: MessageReceived: Invoking callback 1/1 for Microsoft.VisualStudio.TestPlatform.CommunicationUtilities.TestRequestSender+<>c__DisplayClass34_0., took 2 ms.
TpTrace Verbose: 0 : 18476, 11, 2024/01/14, 15:50:26.587, 847144385578, vstest.console.dll, TcpClientExtensions.MessageLoopAsync: Polling on remoteEndPoint: 127.0.0.1:59824 localEndPoint: 127.0.0.1:59823
TpTrace Verbose: 0 : 18476, 4, 2024/01/14, 15:50:26.587, 847144387342, vstest.console.dll, MulticastDelegateUtilities.SafeInvoke: InternalTestLoggerEvents.SendTestRunMessage: Invoking callback 1/1 for Microsoft.VisualStudio.TestPlatform.CommandLine.Internal.ConsoleLogger., took 0 ms.
TpTrace Verbose: 0 : 18476, 5, 2024/01/14, 15:50:26.591, 847144432237, vstest.console.dll, TestRequestSender.StartTestRun: Sending test run with message: {"Version":7,"MessageType":"TestExecution.StartWithSources","Payload":{"AdapterSourceMap":{"_none_":["C:\\Users\\Korisnik\\Desktop\\Tajra\\VVS\\Olx-blackbox-testing\\VVSTestOlx\\bin\\Debug\\net6.0\\fine-code-coverage\\build-output\\VVSTestOlx.dll"]},"RunSettings":"<RunSettings>\r\n  <RunConfiguration>\r\n    <ResultsDirectory>C:\\Users\\Korisnik\\Desktop\\Tajra\\VVS\\Olx-blackbox-testing\\VVSTestOlx\\bin\\Debug\\net6.0\\fine-code-coverage\\coverage-tool-output</ResultsDirectory>\r\n    <TargetFrameworkVersion>.NETCoreApp,Version=v6.0</TargetFrameworkVersion>\r\n    <DesignMode>False</DesignMode>\r\n    <CollectSourceInformation>False</CollectSourceInformation>\r\n  </RunConfiguration>\r\n  <LoggerRunSettings>\r\n    <Loggers>\r\n      <Logger friendlyName=\"blame\" enabled=\"True\" />\r\n      <Logger friendlyName=\"Console\" uri=\"logger://microsoft/TestPlatform/ConsoleLogger/v1\" assemblyQualifiedName=\"Microsoft.VisualStudio.TestPlatform.CommandLine.Internal.ConsoleLogger, vstest.console, Version=15.0.0.0, Culture=neutral, PublicKeyToken=b03f5f7f11d50a3a\" codeBase=\"C:\\Program Files\\dotnet\\sdk\\7.0.402\\vstest.console.dll\" enabled=\"True\" />\r\n    </Loggers>\r\n  </LoggerRunSettings>\r\n  <DataCollectionRunSettings>\r\n    <DataCollectors>\r\n      <DataCollector friendlyName=\"blame\" enabled=\"True\">\r\n        <Configuration>\r\n          <ResultsDirectory>C:\\Users\\Korisnik\\Desktop\\Tajra\\VVS\\Olx-blackbox-testing\\VVSTestOlx\\bin\\Debug\\net6.0\\fine-code-coverage\\coverage-tool-output</ResultsDirectory>\r\n        </Configuration>\r\n      </DataCollector>\r\n    </DataCollectors>\r\n  </DataCollectionRunSettings>\r\n</RunSettings>","TestExecutionContext":{"FrequencyOfRunStatsChangeEvent":10,"RunStatsChangeEventTimeout":"00:00:01.5000000","InIsolation":false,"KeepAlive":false,"AreTestCaseLevelEventsRequired":false,"IsDebug":false,"TestCaseFilter":null,"FilterOptions":null},"Package":null}}
TpTrace Verbose: 0 : 18476, 5, 2024/01/14, 15:50:26.592, 847144433687, vstest.console.dll, ParallelProxyExecutionManager.StartTestRunOnConcurrentManager: Execution started. Started clients: 1
TpTrace Verbose: 0 : 18476, 11, 2024/01/14, 15:50:26.792, 847146441426, vstest.console.dll, TcpClientExtensions.MessageLoopAsync: NotifyDataAvailable remoteEndPoint: 127.0.0.1:59824 localEndPoint: 127.0.0.1:59823
TpTrace Verbose: 0 : 18476, 11, 2024/01/14, 15:50:26.792, 847146442847, vstest.console.dll, TestRequestSender.OnExecutionMessageReceived: Received message: {"Version":7,"MessageType":"TestSession.Message","Payload":{"MessageLevel":0,"Message":"NUnit Adapter 4.4.0.0: Test execution started"}}
TpTrace Verbose: 0 : 18476, 11, 2024/01/14, 15:50:26.793, 847146445483, vstest.console.dll, TestRunRequest:SendTestRunMessage: Starting.
TpTrace Verbose: 0 : 18476, 11, 2024/01/14, 15:50:26.793, 847146446298, vstest.console.dll, MulticastDelegateUtilities.SafeInvoke: TestRun.LogMessages: Invoking callback 1/1 for Microsoft.VisualStudio.TestPlatform.CommandLine.TestRunResultAggregator., took 0 ms.
TpTrace Information: 0 : 18476, 11, 2024/01/14, 15:50:26.793, 847146446571, vstest.console.dll, TestRunRequest:SendTestRunMessage: Completed.
TpTrace Verbose: 0 : 18476, 4, 2024/01/14, 15:50:26.793, 847146446664, vstest.console.dll, MulticastDelegateUtilities.SafeInvoke: InternalTestLoggerEvents.SendTestRunMessage: Invoking callback 1/1 for Microsoft.VisualStudio.TestPlatform.CommandLine.Internal.ConsoleLogger., took 0 ms.
TpTrace Verbose: 0 : 18476, 11, 2024/01/14, 15:50:26.793, 847146446988, vstest.console.dll, MulticastDelegateUtilities.SafeInvoke: LengthPrefixCommunicationChannel: MessageReceived: Invoking callback 1/1 for Microsoft.VisualStudio.TestPlatform.CommunicationUtilities.TestRequestSender+<>c__DisplayClass34_0., took 0 ms.
TpTrace Verbose: 0 : 18476, 11, 2024/01/14, 15:50:26.793, 847146448418, vstest.console.dll, TcpClientExtensions.MessageLoopAsync: Polling on remoteEndPoint: 127.0.0.1:59824 localEndPoint: 127.0.0.1:59823
TpTrace Verbose: 0 : 18476, 11, 2024/01/14, 15:50:26.827, 847146787474, vstest.console.dll, TcpClientExtensions.MessageLoopAsync: NotifyDataAvailable remoteEndPoint: 127.0.0.1:59824 localEndPoint: 127.0.0.1:59823
TpTrace Verbose: 0 : 18476, 11, 2024/01/14, 15:50:26.827, 847146789015, vstest.console.dll, TestRequestSender.OnExecutionMessageReceived: Received message: {"Version":7,"MessageType":"TestSession.Message","Payload":{"MessageLevel":0,"Message":"Running all tests in C:\\Users\\Korisnik\\Desktop\\Tajra\\VVS\\Olx-blackbox-testing\\VVSTestOlx\\bin\\Debug\\net6.0\\fine-code-coverage\\build-output\\VVSTestOlx.dll"}}
TpTrace Verbose: 0 : 18476, 11, 2024/01/14, 15:50:26.827, 847146790256, vstest.console.dll, TestRunRequest:SendTestRunMessage: Starting.
TpTrace Verbose: 0 : 18476, 11, 2024/01/14, 15:50:26.827, 847146790872, vstest.console.dll, MulticastDelegateUtilities.SafeInvoke: TestRun.LogMessages: Invoking callback 1/1 for Microsoft.VisualStudio.TestPlatform.CommandLine.TestRunResultAggregator., took 0 ms.
TpTrace Information: 0 : 18476, 11, 2024/01/14, 15:50:26.827, 847146791153, vstest.console.dll, TestRunRequest:SendTestRunMessage: Completed.
TpTrace Verbose: 0 : 18476, 4, 2024/01/14, 15:50:26.827, 847146791096, vstest.console.dll, MulticastDelegateUtilities.SafeInvoke: InternalTestLoggerEvents.SendTestRunMessage: Invoking callback 1/1 for Microsoft.VisualStudio.TestPlatform.CommandLine.Internal.ConsoleLogger., took 0 ms.
TpTrace Verbose: 0 : 18476, 11, 2024/01/14, 15:50:26.827, 847146791427, vstest.console.dll, MulticastDelegateUtilities.SafeInvoke: LengthPrefixCommunicationChannel: MessageReceived: Invoking callback 1/1 for Microsoft.VisualStudio.TestPlatform.CommunicationUtilities.TestRequestSender+<>c__DisplayClass34_0., took 0 ms.
TpTrace Verbose: 0 : 18476, 11, 2024/01/14, 15:50:26.827, 847146792353, vstest.console.dll, TcpClientExtensions.MessageLoopAsync: Polling on remoteEndPoint: 127.0.0.1:59824 localEndPoint: 127.0.0.1:59823
TpTrace Verbose: 0 : 18476, 11, 2024/01/14, 15:50:27.835, 847156868803, vstest.console.dll, TcpClientExtensions.MessageLoopAsync: Polling on remoteEndPoint: 127.0.0.1:59824 localEndPoint: 127.0.0.1:59823
TpTrace Verbose: 0 : 18476, 11, 2024/01/14, 15:50:28.076, 847159274005, vstest.console.dll, TcpClientExtensions.MessageLoopAsync: NotifyDataAvailable remoteEndPoint: 127.0.0.1:59824 localEndPoint: 127.0.0.1:59823
TpTrace Verbose: 0 : 18476, 11, 2024/01/14, 15:50:28.076, 847159275597, vstest.console.dll, TestRequestSender.OnExecutionMessageReceived: Received message: {"Version":7,"MessageType":"TestSession.Message","Payload":{"MessageLevel":0,"Message":"   NUnit3TestExecutor discovered 8 of 8 NUnit test cases using Current Discovery mode, Non-Explicit run"}}
TpTrace Verbose: 0 : 18476, 11, 2024/01/14, 15:50:28.076, 847159276590, vstest.console.dll, TestRunRequest:SendTestRunMessage: Starting.
TpTrace Verbose: 0 : 18476, 11, 2024/01/14, 15:50:28.076, 847159277035, vstest.console.dll, MulticastDelegateUtilities.SafeInvoke: TestRun.LogMessages: Invoking callback 1/1 for Microsoft.VisualStudio.TestPlatform.CommandLine.TestRunResultAggregator., took 0 ms.
TpTrace Information: 0 : 18476, 11, 2024/01/14, 15:50:28.076, 847159277434, vstest.console.dll, TestRunRequest:SendTestRunMessage: Completed.
TpTrace Verbose: 0 : 18476, 11, 2024/01/14, 15:50:28.076, 847159277633, vstest.console.dll, MulticastDelegateUtilities.SafeInvoke: LengthPrefixCommunicationChannel: MessageReceived: Invoking callback 1/1 for Microsoft.VisualStudio.TestPlatform.CommunicationUtilities.TestRequestSender+<>c__DisplayClass34_0., took 0 ms.
TpTrace Verbose: 0 : 18476, 11, 2024/01/14, 15:50:28.076, 847159277995, vstest.console.dll, TcpClientExtensions.MessageLoopAsync: Polling on remoteEndPoint: 127.0.0.1:59824 localEndPoint: 127.0.0.1:59823
TpTrace Verbose: 0 : 18476, 4, 2024/01/14, 15:50:28.076, 847159277662, vstest.console.dll, MulticastDelegateUtilities.SafeInvoke: InternalTestLoggerEvents.SendTestRunMessage: Invoking callback 1/1 for Microsoft.VisualStudio.TestPlatform.CommandLine.Internal.ConsoleLogger., took 0 ms.
TpTrace Verbose: 0 : 18476, 11, 2024/01/14, 15:50:28.221, 847160733227, vstest.console.dll, TcpClientExtensions.MessageLoopAsync: NotifyDataAvailable remoteEndPoint: 127.0.0.1:59824 localEndPoint: 127.0.0.1:59823
TpTrace Verbose: 0 : 18476, 11, 2024/01/14, 15:50:28.222, 847160734609, vstest.console.dll, TestRequestSender.OnExecutionMessageReceived: Received message: {"Version":7,"MessageType":"TestExecution.StatsChange","Payload":{"NewTestResults":[],"TestRunStatistics":{"ExecutedTests":0,"Stats":{}},"ActiveTests":[{"Id":"34c67dda-71d4-348a-c839-071777ba60b9","FullyQualifiedName":"VVSTestOlx.Core.Tests.AminaTests.PrijavaNaOlxProfil_UspjesnaPrijava","DisplayName":"PrijavaNaOlxProfil_UspjesnaPrijava","ExecutorUri":"executor://NUnit3TestExecutor","Source":"C:\\Users\\Korisnik\\Desktop\\Tajra\\VVS\\Olx-blackbox-testing\\VVSTestOlx\\bin\\Debug\\net6.0\\fine-code-coverage\\build-output\\VVSTestOlx.dll","CodeFilePath":null,"LineNumber":0,"Properties":[{"Key":{"Id":"NUnit.Seed","Label":"Seed","Category":"","Description":"","Attributes":0,"ValueType":"System.String"},"Value":"1274454666"}]}]}}
TpTrace Verbose: 0 : 18476, 11, 2024/01/14, 15:50:28.240, 847160919744, vstest.console.dll, TestRunRequest:SendTestRunStatsChange: Starting.
TpTrace Verbose: 0 : 18476, 11, 2024/01/14, 15:50:28.240, 847160921312, vstest.console.dll, InProgress is PrijavaNaOlxProfil_UspjesnaPrijava
TpTrace Verbose: 0 : 18476, 11, 2024/01/14, 15:50:28.240, 847160922271, vstest.console.dll, MulticastDelegateUtilities.SafeInvoke: TestRun.RunStatsChanged: Invoking callbacks was skipped because there are no subscribers.
TpTrace Information: 0 : 18476, 11, 2024/01/14, 15:50:28.240, 847160922542, vstest.console.dll, TestRunRequest:SendTestRunStatsChange: Completed.
TpTrace Verbose: 0 : 18476, 11, 2024/01/14, 15:50:28.240, 847160922776, vstest.console.dll, MulticastDelegateUtilities.SafeInvoke: LengthPrefixCommunicationChannel: MessageReceived: Invoking callback 1/1 for Microsoft.VisualStudio.TestPlatform.CommunicationUtilities.TestRequestSender+<>c__DisplayClass34_0., took 18 ms.
TpTrace Verbose: 0 : 18476, 11, 2024/01/14, 15:50:28.240, 847160923004, vstest.console.dll, TcpClientExtensions.MessageLoopAsync: Polling on remoteEndPoint: 127.0.0.1:59824 localEndPoint: 127.0.0.1:59823
TpTrace Verbose: 0 : 18476, 11, 2024/01/14, 15:50:29.249, 847171009703, vstest.console.dll, TcpClientExtensions.MessageLoopAsync: Polling on remoteEndPoint: 127.0.0.1:59824 localEndPoint: 127.0.0.1:59823
TpTrace Verbose: 0 : 18476, 11, 2024/01/14, 15:50:30.255, 847181071041, vstest.console.dll, TcpClientExtensions.MessageLoopAsync: Polling on remoteEndPoint: 127.0.0.1:59824 localEndPoint: 127.0.0.1:59823
TpTrace Verbose: 0 : 18476, 11, 2024/01/14, 15:50:31.270, 847191221586, vstest.console.dll, TcpClientExtensions.MessageLoopAsync: Polling on remoteEndPoint: 127.0.0.1:59824 localEndPoint: 127.0.0.1:59823
TpTrace Verbose: 0 : 18476, 11, 2024/01/14, 15:50:32.273, 847201247451, vstest.console.dll, TcpClientExtensions.MessageLoopAsync: Polling on remoteEndPoint: 127.0.0.1:59824 localEndPoint: 127.0.0.1:59823
TpTrace Verbose: 0 : 18476, 11, 2024/01/14, 15:50:32.455, 847203070023, vstest.console.dll, TcpClientExtensions.MessageLoopAsync: NotifyDataAvailable remoteEndPoint: 127.0.0.1:59824 localEndPoint: 127.0.0.1:59823
TpTrace Verbose: 0 : 18476, 11, 2024/01/14, 15:50:32.455, 847203071749, vstest.console.dll, TestRequestSender.OnExecutionMessageReceived: Received message: {"Version":7,"MessageType":"TestExecution.StatsChange","Payload":{"NewTestResults":[{"TestCase":{"Id":"34c67dda-71d4-348a-c839-071777ba60b9","FullyQualifiedName":"VVSTestOlx.Core.Tests.AminaTests.PrijavaNaOlxProfil_UspjesnaPrijava","DisplayName":"PrijavaNaOlxProfil_UspjesnaPrijava","ExecutorUri":"executor://NUnit3TestExecutor","Source":"C:\\Users\\Korisnik\\Desktop\\Tajra\\VVS\\Olx-blackbox-testing\\VVSTestOlx\\bin\\Debug\\net6.0\\fine-code-coverage\\build-output\\VVSTestOlx.dll","CodeFilePath":null,"LineNumber":0,"Properties":[{"Key":{"Id":"NUnit.Seed","Label":"Seed","Category":"","Description":"","Attributes":0,"ValueType":"System.String"},"Value":"1274454666"}]},"Attachments":[],"Outcome":2,"ErrorMessage":"OpenQA.Selenium.NoSuchWindowException : no such window: target window already closed\r\nfrom unknown error: web view not found\r\n  (Session info: chrome=120.0.6099.217)","ErrorStackTrace":"   at OpenQA.Selenium.WebDriver.UnpackAndThrowOnError(Response errorResponse, String commandToExecute)\r\n   at OpenQA.Selenium.WebDriver.Execute(String driverCommandToExecute, Dictionary`2 parameters)\r\n   at OpenQA.Selenium.WebDriver.FindElement(String mechanism, String value)\r\n   at OpenQA.Selenium.By.<.ctor>b__11_0(ISearchContext context)\r\n   at OpenQA.Selenium.By.FindElement(ISearchContext context)\r\n   at OpenQA.Selenium.WebDriver.FindElement(By by)\r\n   at VVSTestOlx.Core.Tests.AminaTests.PrihvatiCookie() in C:\\Users\\Korisnik\\Desktop\\Tajra\\VVS\\Olx-blackbox-testing\\VVSTestOlx\\Core\\Tests\\AminaTests.cs:line 92\r\n   at VVSTestOlx.Core.Tests.AminaTests.PrijavaNaOlxProfil_UspjesnaPrijava() in C:\\Users\\Korisnik\\Desktop\\Tajra\\VVS\\Olx-blackbox-testing\\VVSTestOlx\\Core\\Tests\\AminaTests.cs:line 38\n","DisplayName":"PrijavaNaOlxProfil_UspjesnaPrijava","Messages":[],"ComputerName":"DESKTOP-2SQ13QG","Duration":"00:00:04.2986690","StartTime":"2024-01-14T14:50:28.1110958+00:00","EndTime":"2024-01-14T14:50:32.40965+00:00","Properties":[{"Key":{"Id":"NUnit.Seed","Label":"Seed","Category":"","Description":"","Attributes":0,"ValueType":"System.String"},"Value":"1274454666"}]}],"TestRunStatistics":{"ExecutedTests":1,"Stats":{"Failed":1}},"ActiveTests":[{"Id":"736cf684-ab91-815e-c4b4-0b37e1a10d10","FullyQualifiedName":"VVSTestOlx.Core.Tests.AminaTests.PrikazStavkiKuceKategorije_UspjesanPrikaz","DisplayName":"PrikazStavkiKuceKategorije_UspjesanPrikaz","ExecutorUri":"executor://NUnit3TestExecutor","Source":"C:\\Users\\Korisnik\\Desktop\\Tajra\\VVS\\Olx-blackbox-testing\\VVSTestOlx\\bin\\Debug\\net6.0\\fine-code-coverage\\build-output\\VVSTestOlx.dll","CodeFilePath":null,"LineNumber":0,"Properties":[{"Key":{"Id":"NUnit.Seed","Label":"Seed","Category":"","Description":"","Attributes":0,"ValueType":"System.String"},"Value":"1705830204"}]}]}}
TpTrace Verbose: 0 : 18476, 11, 2024/01/14, 15:50:32.463, 847203152276, vstest.console.dll, TestRunRequest:SendTestRunStatsChange: Starting.
TpTrace Verbose: 0 : 18476, 11, 2024/01/14, 15:50:32.463, 847203153028, vstest.console.dll, InProgress is PrikazStavkiKuceKategorije_UspjesanPrikaz
TpTrace Verbose: 0 : 18476, 11, 2024/01/14, 15:50:32.464, 847203154929, vstest.console.dll, MulticastDelegateUtilities.SafeInvoke: TestRun.RunStatsChanged: Invoking callbacks was skipped because there are no subscribers.
TpTrace Information: 0 : 18476, 11, 2024/01/14, 15:50:32.464, 847203155376, vstest.console.dll, TestRunRequest:SendTestRunStatsChange: Completed.
TpTrace Verbose: 0 : 18476, 11, 2024/01/14, 15:50:32.464, 847203155619, vstest.console.dll, MulticastDelegateUtilities.SafeInvoke: LengthPrefixCommunicationChannel: MessageReceived: Invoking callback 1/1 for Microsoft.VisualStudio.TestPlatform.CommunicationUtilities.TestRequestSender+<>c__DisplayClass34_0., took 8 ms.
TpTrace Verbose: 0 : 18476, 11, 2024/01/14, 15:50:32.464, 847203155860, vstest.console.dll, TcpClientExtensions.MessageLoopAsync: Polling on remoteEndPoint: 127.0.0.1:59824 localEndPoint: 127.0.0.1:59823
TpTrace Verbose: 0 : 18476, 4, 2024/01/14, 15:50:32.467, 847203184145, vstest.console.dll, MulticastDelegateUtilities.SafeInvoke: InternalTestLoggerEvents.SendTestResult: Invoking callback 1/1 for Microsoft.VisualStudio.TestPlatform.CommandLine.Internal.ConsoleLogger., took 2 ms.
TpTrace Verbose: 0 : 18476, 11, 2024/01/14, 15:50:33.463, 847213152605, vstest.console.dll, TcpClientExtensions.MessageLoopAsync: Polling on remoteEndPoint: 127.0.0.1:59824 localEndPoint: 127.0.0.1:59823
TpTrace Verbose: 0 : 18476, 11, 2024/01/14, 15:50:34.467, 847223185533, vstest.console.dll, TcpClientExtensions.MessageLoopAsync: Polling on remoteEndPoint: 127.0.0.1:59824 localEndPoint: 127.0.0.1:59823
TpTrace Verbose: 0 : 18476, 7, 2024/01/14, 15:50:35.010, 847228621874, vstest.console.dll, TestHostManagerCallbacks.ctor: Experimental forwarding output is disabled.
TpTrace Warning: 0 : 18476, 7, 2024/01/14, 15:50:35.010, 847228622781, vstest.console.dll, TestHostManagerCallbacks.ErrorReceivedCallback Test host standard error line: [1705243835.008][SEVERE]: Unable to receive message from renderer
TpTrace Verbose: 0 : 18476, 11, 2024/01/14, 15:50:35.087, 847229387778, vstest.console.dll, TcpClientExtensions.MessageLoopAsync: NotifyDataAvailable remoteEndPoint: 127.0.0.1:59824 localEndPoint: 127.0.0.1:59823
TpTrace Verbose: 0 : 18476, 11, 2024/01/14, 15:50:35.087, 847229389171, vstest.console.dll, TestRequestSender.OnExecutionMessageReceived: Received message: {"Version":7,"MessageType":"TestExecution.StatsChange","Payload":{"NewTestResults":[{"TestCase":{"Id":"736cf684-ab91-815e-c4b4-0b37e1a10d10","FullyQualifiedName":"VVSTestOlx.Core.Tests.AminaTests.PrikazStavkiKuceKategorije_UspjesanPrikaz","DisplayName":"PrikazStavkiKuceKategorije_UspjesanPrikaz","ExecutorUri":"executor://NUnit3TestExecutor","Source":"C:\\Users\\Korisnik\\Desktop\\Tajra\\VVS\\Olx-blackbox-testing\\VVSTestOlx\\bin\\Debug\\net6.0\\fine-code-coverage\\build-output\\VVSTestOlx.dll","CodeFilePath":null,"LineNumber":0,"Properties":[{"Key":{"Id":"NUnit.Seed","Label":"Seed","Category":"","Description":"","Attributes":0,"ValueType":"System.String"},"Value":"1705830204"}]},"Attachments":[],"Outcome":2,"ErrorMessage":"OpenQA.Selenium.WebDriverException : target frame detached\r\n  (failed to check if window was closed: disconnected: Unable to receive message from renderer)\r\n  (Session info: chrome=120.0.6099.217)","ErrorStackTrace":"   at OpenQA.Selenium.WebDriver.UnpackAndThrowOnError(Response errorResponse, String commandToExecute)\r\n   at OpenQA.Selenium.WebDriver.Execute(String driverCommandToExecute, Dictionary`2 parameters)\r\n   at OpenQA.Selenium.WebDriver.FindElement(String mechanism, String value)\r\n   at OpenQA.Selenium.By.<.ctor>b__11_0(ISearchContext context)\r\n   at OpenQA.Selenium.By.FindElement(ISearchContext context)\r\n   at OpenQA.Selenium.WebDriver.FindElement(By by)\r\n   at VVSTestOlx.Core.Tests.AminaTests.PrihvatiCookie() in C:\\Users\\Korisnik\\Desktop\\Tajra\\VVS\\Olx-blackbox-testing\\VVSTestOlx\\Core\\Tests\\AminaTests.cs:line 92\r\n   at VVSTestOlx.Core.Tests.AminaTests.PrikazStavkiKuceKategorije_UspjesanPrikaz() in C:\\Users\\Korisnik\\Desktop\\Tajra\\VVS\\Olx-blackbox-testing\\VVSTestOlx\\Core\\Tests\\AminaTests.cs:line 72\n","DisplayName":"PrikazStavkiKuceKategorije_UspjesanPrikaz","Messages":[],"ComputerName":"DESKTOP-2SQ13QG","Duration":"00:00:02.6714430","StartTime":"2024-01-14T14:50:32.4119048+00:00","EndTime":"2024-01-14T14:50:35.0833478+00:00","Properties":[{"Key":{"Id":"NUnit.Seed","Label":"Seed","Category":"","Description":"","Attributes":0,"ValueType":"System.String"},"Value":"1705830204"}]}],"TestRunStatistics":{"ExecutedTests":2,"Stats":{"Failed":2}},"ActiveTests":[{"Id":"6d7da6ee-4bcc-84a7-c136-e983670eeab8","FullyQualifiedName":"VVSTestOlx.Core.Tests.EminaTests.PrikazAutomobilaIzKategorijeVozila_UspjesanPrikaz","DisplayName":"PrikazAutomobilaIzKategorijeVozila_UspjesanPrikaz","ExecutorUri":"executor://NUnit3TestExecutor","Source":"C:\\Users\\Korisnik\\Desktop\\Tajra\\VVS\\Olx-blackbox-testing\\VVSTestOlx\\bin\\Debug\\net6.0\\fine-code-coverage\\build-output\\VVSTestOlx.dll","CodeFilePath":null,"LineNumber":0,"Properties":[{"Key":{"Id":"NUnit.Seed","Label":"Seed","Category":"","Description":"","Attributes":0,"ValueType":"System.String"},"Value":"1876297976"}]}]}}
TpTrace Verbose: 0 : 18476, 11, 2024/01/14, 15:50:35.088, 847229396863, vstest.console.dll, TestRunRequest:SendTestRunStatsChange: Starting.
TpTrace Verbose: 0 : 18476, 11, 2024/01/14, 15:50:35.088, 847229397421, vstest.console.dll, InProgress is PrikazAutomobilaIzKategorijeVozila_UspjesanPrikaz
TpTrace Verbose: 0 : 18476, 11, 2024/01/14, 15:50:35.088, 847229397847, vstest.console.dll, MulticastDelegateUtilities.SafeInvoke: TestRun.RunStatsChanged: Invoking callbacks was skipped because there are no subscribers.
TpTrace Information: 0 : 18476, 11, 2024/01/14, 15:50:35.088, 847229398095, vstest.console.dll, TestRunRequest:SendTestRunStatsChange: Completed.
TpTrace Verbose: 0 : 18476, 11, 2024/01/14, 15:50:35.088, 847229398350, vstest.console.dll, MulticastDelegateUtilities.SafeInvoke: LengthPrefixCommunicationChannel: MessageReceived: Invoking callback 1/1 for Microsoft.VisualStudio.TestPlatform.CommunicationUtilities.TestRequestSender+<>c__DisplayClass34_0., took 0 ms.
TpTrace Verbose: 0 : 18476, 11, 2024/01/14, 15:50:35.088, 847229398589, vstest.console.dll, TcpClientExtensions.MessageLoopAsync: Polling on remoteEndPoint: 127.0.0.1:59824 localEndPoint: 127.0.0.1:59823
TpTrace Verbose: 0 : 18476, 4, 2024/01/14, 15:50:35.088, 847229401437, vstest.console.dll, MulticastDelegateUtilities.SafeInvoke: InternalTestLoggerEvents.SendTestResult: Invoking callback 1/1 for Microsoft.VisualStudio.TestPlatform.CommandLine.Internal.ConsoleLogger., took 0 ms.
TpTrace Verbose: 0 : 18476, 11, 2024/01/14, 15:50:36.095, 847239470067, vstest.console.dll, TcpClientExtensions.MessageLoopAsync: Polling on remoteEndPoint: 127.0.0.1:59824 localEndPoint: 127.0.0.1:59823
TpTrace Verbose: 0 : 18476, 11, 2024/01/14, 15:50:37.101, 847249525278, vstest.console.dll, TcpClientExtensions.MessageLoopAsync: Polling on remoteEndPoint: 127.0.0.1:59824 localEndPoint: 127.0.0.1:59823
TpTrace Verbose: 0 : 18476, 11, 2024/01/14, 15:50:38.102, 847259538165, vstest.console.dll, TcpClientExtensions.MessageLoopAsync: Polling on remoteEndPoint: 127.0.0.1:59824 localEndPoint: 127.0.0.1:59823
TpTrace Verbose: 0 : 18476, 11, 2024/01/14, 15:50:39.115, 847269668997, vstest.console.dll, TcpClientExtensions.MessageLoopAsync: Polling on remoteEndPoint: 127.0.0.1:59824 localEndPoint: 127.0.0.1:59823
TpTrace Verbose: 0 : 18476, 11, 2024/01/14, 15:50:40.131, 847279823564, vstest.console.dll, TcpClientExtensions.MessageLoopAsync: Polling on remoteEndPoint: 127.0.0.1:59824 localEndPoint: 127.0.0.1:59823
TpTrace Verbose: 0 : 18476, 11, 2024/01/14, 15:50:41.136, 847289882245, vstest.console.dll, TcpClientExtensions.MessageLoopAsync: Polling on remoteEndPoint: 127.0.0.1:59824 localEndPoint: 127.0.0.1:59823
TpTrace Verbose: 0 : 18476, 11, 2024/01/14, 15:50:42.146, 847299979090, vstest.console.dll, TcpClientExtensions.MessageLoopAsync: Polling on remoteEndPoint: 127.0.0.1:59824 localEndPoint: 127.0.0.1:59823
TpTrace Verbose: 0 : 18476, 11, 2024/01/14, 15:50:42.820, 847306720520, vstest.console.dll, TcpClientExtensions.MessageLoopAsync: NotifyDataAvailable remoteEndPoint: 127.0.0.1:59824 localEndPoint: 127.0.0.1:59823
TpTrace Verbose: 0 : 18476, 11, 2024/01/14, 15:50:42.820, 847306722359, vstest.console.dll, TestRequestSender.OnExecutionMessageReceived: Received message: {"Version":7,"MessageType":"TestExecution.StatsChange","Payload":{"NewTestResults":[{"TestCase":{"Id":"6d7da6ee-4bcc-84a7-c136-e983670eeab8","FullyQualifiedName":"VVSTestOlx.Core.Tests.EminaTests.PrikazAutomobilaIzKategorijeVozila_UspjesanPrikaz","DisplayName":"PrikazAutomobilaIzKategorijeVozila_UspjesanPrikaz","ExecutorUri":"executor://NUnit3TestExecutor","Source":"C:\\Users\\Korisnik\\Desktop\\Tajra\\VVS\\Olx-blackbox-testing\\VVSTestOlx\\bin\\Debug\\net6.0\\fine-code-coverage\\build-output\\VVSTestOlx.dll","CodeFilePath":null,"LineNumber":0,"Properties":[{"Key":{"Id":"NUnit.Seed","Label":"Seed","Category":"","Description":"","Attributes":0,"ValueType":"System.String"},"Value":"1876297976"}]},"Attachments":[],"Outcome":2,"ErrorMessage":"OpenQA.Selenium.NoSuchWindowException : no such window: target window already closed\r\nfrom unknown error: web view not found\r\n  (Session info: chrome=120.0.6099.217)","ErrorStackTrace":"   at OpenQA.Selenium.WebDriver.UnpackAndThrowOnError(Response errorResponse, String commandToExecute)\r\n   at OpenQA.Selenium.WebDriver.Execute(String driverCommandToExecute, Dictionary`2 parameters)\r\n   at OpenQA.Selenium.WebDriver.FindElement(String mechanism, String value)\r\n   at OpenQA.Selenium.By.<.ctor>b__11_0(ISearchContext context)\r\n   at OpenQA.Selenium.By.FindElement(ISearchContext context)\r\n   at OpenQA.Selenium.WebDriver.FindElement(By by)\r\n   at VVSTestOlx.Core.Tests.EminaTests.PrikazAutomobilaIzKategorijeVozila_UspjesanPrikaz() in C:\\Users\\Korisnik\\Desktop\\Tajra\\VVS\\Olx-blackbox-testing\\VVSTestOlx\\Core\\Tests\\EminaTests.cs:line 50\n","DisplayName":"PrikazAutomobilaIzKategorijeVozila_UspjesanPrikaz","Messages":[],"ComputerName":"DESKTOP-2SQ13QG","Duration":"00:00:07.7317210","StartTime":"2024-01-14T14:50:35.0866753+00:00","EndTime":"2024-01-14T14:50:42.8183959+00:00","Properties":[{"Key":{"Id":"NUnit.Seed","Label":"Seed","Category":"","Description":"","Attributes":0,"ValueType":"System.String"},"Value":"1876297976"}]}],"TestRunStatistics":{"ExecutedTests":3,"Stats":{"Failed":3}},"ActiveTests":[{"Id":"f8391f7d-71af-5cc5-eb44-3a53a368f9ac","FullyQualifiedName":"VVSTestOlx.Core.Tests.EminaTests.PrikazSpecifikacijaUnutarMarketinga_UspjesanPrikaz","DisplayName":"PrikazSpecifikacijaUnutarMarketinga_UspjesanPrikaz","ExecutorUri":"executor://NUnit3TestExecutor","Source":"C:\\Users\\Korisnik\\Desktop\\Tajra\\VVS\\Olx-blackbox-testing\\VVSTestOlx\\bin\\Debug\\net6.0\\fine-code-coverage\\build-output\\VVSTestOlx.dll","CodeFilePath":null,"LineNumber":0,"Properties":[{"Key":{"Id":"NUnit.Seed","Label":"Seed","Category":"","Description":"","Attributes":0,"ValueType":"System.String"},"Value":"140131342"}]}]}}
TpTrace Verbose: 0 : 18476, 11, 2024/01/14, 15:50:42.821, 847306726406, vstest.console.dll, TestRunRequest:SendTestRunStatsChange: Starting.
TpTrace Verbose: 0 : 18476, 11, 2024/01/14, 15:50:42.821, 847306726830, vstest.console.dll, InProgress is PrikazSpecifikacijaUnutarMarketinga_UspjesanPrikaz
TpTrace Verbose: 0 : 18476, 11, 2024/01/14, 15:50:42.821, 847306727182, vstest.console.dll, MulticastDelegateUtilities.SafeInvoke: TestRun.RunStatsChanged: Invoking callbacks was skipped because there are no subscribers.
TpTrace Information: 0 : 18476, 11, 2024/01/14, 15:50:42.821, 847306727406, vstest.console.dll, TestRunRequest:SendTestRunStatsChange: Completed.
TpTrace Verbose: 0 : 18476, 11, 2024/01/14, 15:50:42.821, 847306727634, vstest.console.dll, MulticastDelegateUtilities.SafeInvoke: LengthPrefixCommunicationChannel: MessageReceived: Invoking callback 1/1 for Microsoft.VisualStudio.TestPlatform.CommunicationUtilities.TestRequestSender+<>c__DisplayClass34_0., took 0 ms.
TpTrace Verbose: 0 : 18476, 11, 2024/01/14, 15:50:42.821, 847306728048, vstest.console.dll, TcpClientExtensions.MessageLoopAsync: Polling on remoteEndPoint: 127.0.0.1:59824 localEndPoint: 127.0.0.1:59823
TpTrace Verbose: 0 : 18476, 4, 2024/01/14, 15:50:42.821, 847306729695, vstest.console.dll, MulticastDelegateUtilities.SafeInvoke: InternalTestLoggerEvents.SendTestResult: Invoking callback 1/1 for Microsoft.VisualStudio.TestPlatform.CommandLine.Internal.ConsoleLogger., took 0 ms.
TpTrace Verbose: 0 : 18476, 11, 2024/01/14, 15:50:43.833, 847316846222, vstest.console.dll, TcpClientExtensions.MessageLoopAsync: Polling on remoteEndPoint: 127.0.0.1:59824 localEndPoint: 127.0.0.1:59823
TpTrace Verbose: 0 : 18476, 11, 2024/01/14, 15:50:44.833, 847326851632, vstest.console.dll, TcpClientExtensions.MessageLoopAsync: Polling on remoteEndPoint: 127.0.0.1:59824 localEndPoint: 127.0.0.1:59823
TpTrace Verbose: 0 : 18476, 11, 2024/01/14, 15:50:45.660, 847335118187, vstest.console.dll, TcpClientExtensions.MessageLoopAsync: NotifyDataAvailable remoteEndPoint: 127.0.0.1:59824 localEndPoint: 127.0.0.1:59823
TpTrace Verbose: 0 : 18476, 11, 2024/01/14, 15:50:45.660, 847335119666, vstest.console.dll, TestRequestSender.OnExecutionMessageReceived: Received message: {"Version":7,"MessageType":"TestExecution.StatsChange","Payload":{"NewTestResults":[{"TestCase":{"Id":"f8391f7d-71af-5cc5-eb44-3a53a368f9ac","FullyQualifiedName":"VVSTestOlx.Core.Tests.EminaTests.PrikazSpecifikacijaUnutarMarketinga_UspjesanPrikaz","DisplayName":"PrikazSpecifikacijaUnutarMarketinga_UspjesanPrikaz","ExecutorUri":"executor://NUnit3TestExecutor","Source":"C:\\Users\\Korisnik\\Desktop\\Tajra\\VVS\\Olx-blackbox-testing\\VVSTestOlx\\bin\\Debug\\net6.0\\fine-code-coverage\\build-output\\VVSTestOlx.dll","CodeFilePath":null,"LineNumber":0,"Properties":[{"Key":{"Id":"NUnit.Seed","Label":"Seed","Category":"","Description":"","Attributes":0,"ValueType":"System.String"},"Value":"140131342"}]},"Attachments":[],"Outcome":2,"ErrorMessage":"OpenQA.Selenium.NoSuchWindowException : no such window: target window already closed\r\nfrom unknown error: web view not found\r\n  (Session info: chrome=120.0.6099.217)","ErrorStackTrace":"   at OpenQA.Selenium.WebDriver.UnpackAndThrowOnError(Response errorResponse, String commandToExecute)\r\n   at OpenQA.Selenium.WebDriver.Execute(String driverCommandToExecute, Dictionary`2 parameters)\r\n   at OpenQA.Selenium.WebDriver.FindElement(String mechanism, String value)\r\n   at OpenQA.Selenium.By.<.ctor>b__11_0(ISearchContext context)\r\n   at OpenQA.Selenium.By.FindElement(ISearchContext context)\r\n   at OpenQA.Selenium.WebDriver.FindElement(By by)\r\n   at VVSTestOlx.Core.Tests.EminaTests.PrihvatiCookie() in C:\\Users\\Korisnik\\Desktop\\Tajra\\VVS\\Olx-blackbox-testing\\VVSTestOlx\\Core\\Tests\\EminaTests.cs:line 27\r\n   at VVSTestOlx.Core.Tests.EminaTests.PrikazSpecifikacijaUnutarMarketinga_UspjesanPrikaz() in C:\\Users\\Korisnik\\Desktop\\Tajra\\VVS\\Olx-blackbox-testing\\VVSTestOlx\\Core\\Tests\\EminaTests.cs:line 65\n","DisplayName":"PrikazSpecifikacijaUnutarMarketinga_UspjesanPrikaz","Messages":[],"ComputerName":"DESKTOP-2SQ13QG","Duration":"00:00:02.8398940","StartTime":"2024-01-14T14:50:42.8184417+00:00","EndTime":"2024-01-14T14:50:45.6583356+00:00","Properties":[{"Key":{"Id":"NUnit.Seed","Label":"Seed","Category":"","Description":"","Attributes":0,"ValueType":"System.String"},"Value":"140131342"}]}],"TestRunStatistics":{"ExecutedTests":4,"Stats":{"Failed":4}},"ActiveTests":[{"Id":"d13ad695-d3c1-d243-e92a-080d5330752d","FullyQualifiedName":"VVSTestOlx.Core.Tests.HanaTests.PrikazKomentaraNakonSubmitanja_NeuspjesanPrikaz","DisplayName":"PrikazKomentaraNakonSubmitanja_NeuspjesanPrikaz","ExecutorUri":"executor://NUnit3TestExecutor","Source":"C:\\Users\\Korisnik\\Desktop\\Tajra\\VVS\\Olx-blackbox-testing\\VVSTestOlx\\bin\\Debug\\net6.0\\fine-code-coverage\\build-output\\VVSTestOlx.dll","CodeFilePath":null,"LineNumber":0,"Properties":[{"Key":{"Id":"NUnit.Seed","Label":"Seed","Category":"","Description":"","Attributes":0,"ValueType":"System.String"},"Value":"1460055023"}]}]}}
TpTrace Verbose: 0 : 18476, 11, 2024/01/14, 15:50:45.660, 847335123119, vstest.console.dll, TestRunRequest:SendTestRunStatsChange: Starting.
TpTrace Verbose: 0 : 18476, 11, 2024/01/14, 15:50:45.661, 847335123580, vstest.console.dll, InProgress is PrikazKomentaraNakonSubmitanja_NeuspjesanPrikaz
TpTrace Verbose: 0 : 18476, 11, 2024/01/14, 15:50:45.661, 847335123949, vstest.console.dll, MulticastDelegateUtilities.SafeInvoke: TestRun.RunStatsChanged: Invoking callbacks was skipped because there are no subscribers.
TpTrace Information: 0 : 18476, 11, 2024/01/14, 15:50:45.661, 847335124162, vstest.console.dll, TestRunRequest:SendTestRunStatsChange: Completed.
TpTrace Verbose: 0 : 18476, 11, 2024/01/14, 15:50:45.661, 847335124392, vstest.console.dll, MulticastDelegateUtilities.SafeInvoke: LengthPrefixCommunicationChannel: MessageReceived: Invoking callback 1/1 for Microsoft.VisualStudio.TestPlatform.CommunicationUtilities.TestRequestSender+<>c__DisplayClass34_0., took 0 ms.
TpTrace Verbose: 0 : 18476, 11, 2024/01/14, 15:50:45.661, 847335124623, vstest.console.dll, TcpClientExtensions.MessageLoopAsync: Polling on remoteEndPoint: 127.0.0.1:59824 localEndPoint: 127.0.0.1:59823
TpTrace Verbose: 0 : 18476, 4, 2024/01/14, 15:50:45.661, 847335126467, vstest.console.dll, MulticastDelegateUtilities.SafeInvoke: InternalTestLoggerEvents.SendTestResult: Invoking callback 1/1 for Microsoft.VisualStudio.TestPlatform.CommandLine.Internal.ConsoleLogger., took 0 ms.
TpTrace Verbose: 0 : 18476, 11, 2024/01/14, 15:50:46.662, 847345142065, vstest.console.dll, TcpClientExtensions.MessageLoopAsync: Polling on remoteEndPoint: 127.0.0.1:59824 localEndPoint: 127.0.0.1:59823
TpTrace Verbose: 0 : 18476, 11, 2024/01/14, 15:50:47.663, 847355148543, vstest.console.dll, TcpClientExtensions.MessageLoopAsync: Polling on remoteEndPoint: 127.0.0.1:59824 localEndPoint: 127.0.0.1:59823
TpTrace Verbose: 0 : 18476, 11, 2024/01/14, 15:50:48.664, 847365161022, vstest.console.dll, TcpClientExtensions.MessageLoopAsync: Polling on remoteEndPoint: 127.0.0.1:59824 localEndPoint: 127.0.0.1:59823
TpTrace Verbose: 0 : 18476, 11, 2024/01/14, 15:50:49.671, 847375227474, vstest.console.dll, TcpClientExtensions.MessageLoopAsync: Polling on remoteEndPoint: 127.0.0.1:59824 localEndPoint: 127.0.0.1:59823
TpTrace Verbose: 0 : 18476, 11, 2024/01/14, 15:50:50.672, 847385242469, vstest.console.dll, TcpClientExtensions.MessageLoopAsync: Polling on remoteEndPoint: 127.0.0.1:59824 localEndPoint: 127.0.0.1:59823
TpTrace Verbose: 0 : 18476, 11, 2024/01/14, 15:50:51.135, 847389865531, vstest.console.dll, TcpClientExtensions.MessageLoopAsync: NotifyDataAvailable remoteEndPoint: 127.0.0.1:59824 localEndPoint: 127.0.0.1:59823
TpTrace Verbose: 0 : 18476, 11, 2024/01/14, 15:50:51.135, 847389866764, vstest.console.dll, TestRequestSender.OnExecutionMessageReceived: Received message: {"Version":7,"MessageType":"TestExecution.StatsChange","Payload":{"NewTestResults":[{"TestCase":{"Id":"d13ad695-d3c1-d243-e92a-080d5330752d","FullyQualifiedName":"VVSTestOlx.Core.Tests.HanaTests.PrikazKomentaraNakonSubmitanja_NeuspjesanPrikaz","DisplayName":"PrikazKomentaraNakonSubmitanja_NeuspjesanPrikaz","ExecutorUri":"executor://NUnit3TestExecutor","Source":"C:\\Users\\Korisnik\\Desktop\\Tajra\\VVS\\Olx-blackbox-testing\\VVSTestOlx\\bin\\Debug\\net6.0\\fine-code-coverage\\build-output\\VVSTestOlx.dll","CodeFilePath":null,"LineNumber":0,"Properties":[{"Key":{"Id":"NUnit.Seed","Label":"Seed","Category":"","Description":"","Attributes":0,"ValueType":"System.String"},"Value":"1460055023"}]},"Attachments":[],"Outcome":2,"ErrorMessage":"OpenQA.Selenium.NoSuchWindowException : no such window: target window already closed\r\nfrom unknown error: web view not found\r\n  (Session info: chrome=120.0.6099.217)","ErrorStackTrace":"   at OpenQA.Selenium.WebDriver.UnpackAndThrowOnError(Response errorResponse, String commandToExecute)\r\n   at OpenQA.Selenium.WebDriver.Execute(String driverCommandToExecute, Dictionary`2 parameters)\r\n   at OpenQA.Selenium.WebDriver.FindElement(String mechanism, String value)\r\n   at OpenQA.Selenium.By.<.ctor>b__11_0(ISearchContext context)\r\n   at OpenQA.Selenium.By.FindElement(ISearchContext context)\r\n   at OpenQA.Selenium.WebDriver.FindElement(By by)\r\n   at VVSTestOlx.Core.Tests.HanaTests.PrikazKomentaraNakonSubmitanja_NeuspjesanPrikaz() in C:\\Users\\Korisnik\\Desktop\\Tajra\\VVS\\Olx-blackbox-testing\\VVSTestOlx\\Core\\Tests\\HanaTests.cs:line 41\n","DisplayName":"PrikazKomentaraNakonSubmitanja_NeuspjesanPrikaz","Messages":[],"ComputerName":"DESKTOP-2SQ13QG","Duration":"00:00:05.4746460","StartTime":"2024-01-14T14:50:45.6585992+00:00","EndTime":"2024-01-14T14:50:51.1332443+00:00","Properties":[{"Key":{"Id":"NUnit.Seed","Label":"Seed","Category":"","Description":"","Attributes":0,"ValueType":"System.String"},"Value":"1460055023"}]}],"TestRunStatistics":{"ExecutedTests":5,"Stats":{"Failed":5}},"ActiveTests":[{"Id":"3c9ce0c1-eb7c-89d3-bbc3-afe7a2a2b795","FullyQualifiedName":"VVSTestOlx.Core.Tests.HanaTests.PrikazKontaktStranice_NeuspjesanPrikaz","DisplayName":"PrikazKontaktStranice_NeuspjesanPrikaz","ExecutorUri":"executor://NUnit3TestExecutor","Source":"C:\\Users\\Korisnik\\Desktop\\Tajra\\VVS\\Olx-blackbox-testing\\VVSTestOlx\\bin\\Debug\\net6.0\\fine-code-coverage\\build-output\\VVSTestOlx.dll","CodeFilePath":null,"LineNumber":0,"Properties":[{"Key":{"Id":"NUnit.Seed","Label":"Seed","Category":"","Description":"","Attributes":0,"ValueType":"System.String"},"Value":"1659252697"}]}]}}
TpTrace Verbose: 0 : 18476, 11, 2024/01/14, 15:50:51.135, 847389869945, vstest.console.dll, TestRunRequest:SendTestRunStatsChange: Starting.
TpTrace Verbose: 0 : 18476, 11, 2024/01/14, 15:50:51.135, 847389870362, vstest.console.dll, InProgress is PrikazKontaktStranice_NeuspjesanPrikaz
TpTrace Verbose: 0 : 18476, 11, 2024/01/14, 15:50:51.135, 847389870753, vstest.console.dll, MulticastDelegateUtilities.SafeInvoke: TestRun.RunStatsChanged: Invoking callbacks was skipped because there are no subscribers.
TpTrace Information: 0 : 18476, 11, 2024/01/14, 15:50:51.135, 847389871002, vstest.console.dll, TestRunRequest:SendTestRunStatsChange: Completed.
TpTrace Verbose: 0 : 18476, 11, 2024/01/14, 15:50:51.135, 847389871232, vstest.console.dll, MulticastDelegateUtilities.SafeInvoke: LengthPrefixCommunicationChannel: MessageReceived: Invoking callback 1/1 for Microsoft.VisualStudio.TestPlatform.CommunicationUtilities.TestRequestSender+<>c__DisplayClass34_0., took 0 ms.
TpTrace Verbose: 0 : 18476, 11, 2024/01/14, 15:50:51.135, 847389871471, vstest.console.dll, TcpClientExtensions.MessageLoopAsync: Polling on remoteEndPoint: 127.0.0.1:59824 localEndPoint: 127.0.0.1:59823
TpTrace Verbose: 0 : 18476, 4, 2024/01/14, 15:50:51.136, 847389873692, vstest.console.dll, MulticastDelegateUtilities.SafeInvoke: InternalTestLoggerEvents.SendTestResult: Invoking callback 1/1 for Microsoft.VisualStudio.TestPlatform.CommandLine.Internal.ConsoleLogger., took 0 ms.
TpTrace Verbose: 0 : 18476, 11, 2024/01/14, 15:50:52.147, 847399989349, vstest.console.dll, TcpClientExtensions.MessageLoopAsync: Polling on remoteEndPoint: 127.0.0.1:59824 localEndPoint: 127.0.0.1:59823
TpTrace Verbose: 0 : 18476, 11, 2024/01/14, 15:50:53.152, 847410040617, vstest.console.dll, TcpClientExtensions.MessageLoopAsync: Polling on remoteEndPoint: 127.0.0.1:59824 localEndPoint: 127.0.0.1:59823
TpTrace Verbose: 0 : 18476, 11, 2024/01/14, 15:50:53.669, 847415210125, vstest.console.dll, TcpClientExtensions.MessageLoopAsync: NotifyDataAvailable remoteEndPoint: 127.0.0.1:59824 localEndPoint: 127.0.0.1:59823
TpTrace Verbose: 0 : 18476, 11, 2024/01/14, 15:50:53.669, 847415211481, vstest.console.dll, TestRequestSender.OnExecutionMessageReceived: Received message: {"Version":7,"MessageType":"TestExecution.StatsChange","Payload":{"NewTestResults":[{"TestCase":{"Id":"3c9ce0c1-eb7c-89d3-bbc3-afe7a2a2b795","FullyQualifiedName":"VVSTestOlx.Core.Tests.HanaTests.PrikazKontaktStranice_NeuspjesanPrikaz","DisplayName":"PrikazKontaktStranice_NeuspjesanPrikaz","ExecutorUri":"executor://NUnit3TestExecutor","Source":"C:\\Users\\Korisnik\\Desktop\\Tajra\\VVS\\Olx-blackbox-testing\\VVSTestOlx\\bin\\Debug\\net6.0\\fine-code-coverage\\build-output\\VVSTestOlx.dll","CodeFilePath":null,"LineNumber":0,"Properties":[{"Key":{"Id":"NUnit.Seed","Label":"Seed","Category":"","Description":"","Attributes":0,"ValueType":"System.String"},"Value":"1659252697"}]},"Attachments":[],"Outcome":2,"ErrorMessage":"OpenQA.Selenium.NoSuchWindowException : no such window: target window already closed\r\nfrom unknown error: web view not found\r\n  (Session info: chrome=120.0.6099.217)","ErrorStackTrace":"   at OpenQA.Selenium.WebDriver.UnpackAndThrowOnError(Response errorResponse, String commandToExecute)\r\n   at OpenQA.Selenium.WebDriver.Execute(String driverCommandToExecute, Dictionary`2 parameters)\r\n   at OpenQA.Selenium.WebDriver.FindElement(String mechanism, String value)\r\n   at OpenQA.Selenium.By.<.ctor>b__11_0(ISearchContext context)\r\n   at OpenQA.Selenium.By.FindElement(ISearchContext context)\r\n   at OpenQA.Selenium.WebDriver.FindElement(By by)\r\n   at VVSTestOlx.Core.Tests.HanaTests.PrihvatiCookie() in C:\\Users\\Korisnik\\Desktop\\Tajra\\VVS\\Olx-blackbox-testing\\VVSTestOlx\\Core\\Tests\\HanaTests.cs:line 136\r\n   at VVSTestOlx.Core.Tests.HanaTests.PrikazKontaktStranice_NeuspjesanPrikaz() in C:\\Users\\Korisnik\\Desktop\\Tajra\\VVS\\Olx-blackbox-testing\\VVSTestOlx\\Core\\Tests\\HanaTests.cs:line 102\n","DisplayName":"PrikazKontaktStranice_NeuspjesanPrikaz","Messages":[],"ComputerName":"DESKTOP-2SQ13QG","Duration":"00:00:02.5343570","StartTime":"2024-01-14T14:50:51.1332719+00:00","EndTime":"2024-01-14T14:50:53.6676284+00:00","Properties":[{"Key":{"Id":"NUnit.Seed","Label":"Seed","Category":"","Description":"","Attributes":0,"ValueType":"System.String"},"Value":"1659252697"}]}],"TestRunStatistics":{"ExecutedTests":6,"Stats":{"Failed":6}},"ActiveTests":[{"Id":"a3813ecd-96ea-59d6-492f-4b98a20dcd7a","FullyQualifiedName":"VVSTestOlx.Core.Tests.TajraTests.RegistracijaNaOLX_NecheckiranoSlazemSe_NeuspjenaRegistracija","DisplayName":"RegistracijaNaOLX_NecheckiranoSlazemSe_NeuspjenaRegistracija","ExecutorUri":"executor://NUnit3TestExecutor","Source":"C:\\Users\\Korisnik\\Desktop\\Tajra\\VVS\\Olx-blackbox-testing\\VVSTestOlx\\bin\\Debug\\net6.0\\fine-code-coverage\\build-output\\VVSTestOlx.dll","CodeFilePath":null,"LineNumber":0,"Properties":[{"Key":{"Id":"NUnit.Seed","Label":"Seed","Category":"","Description":"","Attributes":0,"ValueType":"System.String"},"Value":"564267775"}]}]}}
TpTrace Verbose: 0 : 18476, 11, 2024/01/14, 15:50:53.670, 847415214728, vstest.console.dll, TestRunRequest:SendTestRunStatsChange: Starting.
TpTrace Verbose: 0 : 18476, 11, 2024/01/14, 15:50:53.670, 847415215205, vstest.console.dll, InProgress is RegistracijaNaOLX_NecheckiranoSlazemSe_NeuspjenaRegistracija
TpTrace Verbose: 0 : 18476, 11, 2024/01/14, 15:50:53.670, 847415215569, vstest.console.dll, MulticastDelegateUtilities.SafeInvoke: TestRun.RunStatsChanged: Invoking callbacks was skipped because there are no subscribers.
TpTrace Information: 0 : 18476, 11, 2024/01/14, 15:50:53.670, 847415215778, vstest.console.dll, TestRunRequest:SendTestRunStatsChange: Completed.
TpTrace Verbose: 0 : 18476, 11, 2024/01/14, 15:50:53.670, 847415216016, vstest.console.dll, MulticastDelegateUtilities.SafeInvoke: LengthPrefixCommunicationChannel: MessageReceived: Invoking callback 1/1 for Microsoft.VisualStudio.TestPlatform.CommunicationUtilities.TestRequestSender+<>c__DisplayClass34_0., took 0 ms.
TpTrace Verbose: 0 : 18476, 11, 2024/01/14, 15:50:53.670, 847415216264, vstest.console.dll, TcpClientExtensions.MessageLoopAsync: Polling on remoteEndPoint: 127.0.0.1:59824 localEndPoint: 127.0.0.1:59823
TpTrace Verbose: 0 : 18476, 4, 2024/01/14, 15:50:53.670, 847415219395, vstest.console.dll, MulticastDelegateUtilities.SafeInvoke: InternalTestLoggerEvents.SendTestResult: Invoking callback 1/1 for Microsoft.VisualStudio.TestPlatform.CommandLine.Internal.ConsoleLogger., took 0 ms.
TpTrace Verbose: 0 : 18476, 11, 2024/01/14, 15:50:54.682, 847425341028, vstest.console.dll, TcpClientExtensions.MessageLoopAsync: Polling on remoteEndPoint: 127.0.0.1:59824 localEndPoint: 127.0.0.1:59823
TpTrace Verbose: 0 : 18476, 11, 2024/01/14, 15:50:55.690, 847435416246, vstest.console.dll, TcpClientExtensions.MessageLoopAsync: Polling on remoteEndPoint: 127.0.0.1:59824 localEndPoint: 127.0.0.1:59823
TpTrace Verbose: 0 : 18476, 11, 2024/01/14, 15:50:56.704, 847445562132, vstest.console.dll, TcpClientExtensions.MessageLoopAsync: Polling on remoteEndPoint: 127.0.0.1:59824 localEndPoint: 127.0.0.1:59823
TpTrace Verbose: 0 : 18476, 11, 2024/01/14, 15:50:57.705, 847455565920, vstest.console.dll, TcpClientExtensions.MessageLoopAsync: Polling on remoteEndPoint: 127.0.0.1:59824 localEndPoint: 127.0.0.1:59823
TpTrace Verbose: 0 : 18476, 11, 2024/01/14, 15:50:58.709, 847465609784, vstest.console.dll, TcpClientExtensions.MessageLoopAsync: Polling on remoteEndPoint: 127.0.0.1:59824 localEndPoint: 127.0.0.1:59823
TpTrace Verbose: 0 : 18476, 11, 2024/01/14, 15:50:59.712, 847475633743, vstest.console.dll, TcpClientExtensions.MessageLoopAsync: Polling on remoteEndPoint: 127.0.0.1:59824 localEndPoint: 127.0.0.1:59823
TpTrace Verbose: 0 : 18476, 11, 2024/01/14, 15:51:00.717, 847485693150, vstest.console.dll, TcpClientExtensions.MessageLoopAsync: Polling on remoteEndPoint: 127.0.0.1:59824 localEndPoint: 127.0.0.1:59823
TpTrace Verbose: 0 : 18476, 11, 2024/01/14, 15:51:01.718, 847495700586, vstest.console.dll, TcpClientExtensions.MessageLoopAsync: Polling on remoteEndPoint: 127.0.0.1:59824 localEndPoint: 127.0.0.1:59823
TpTrace Verbose: 0 : 18476, 11, 2024/01/14, 15:51:02.719, 847505710240, vstest.console.dll, TcpClientExtensions.MessageLoopAsync: Polling on remoteEndPoint: 127.0.0.1:59824 localEndPoint: 127.0.0.1:59823
TpTrace Verbose: 0 : 18476, 11, 2024/01/14, 15:51:03.676, 847515282790, vstest.console.dll, TcpClientExtensions.MessageLoopAsync: NotifyDataAvailable remoteEndPoint: 127.0.0.1:59824 localEndPoint: 127.0.0.1:59823
TpTrace Verbose: 0 : 18476, 11, 2024/01/14, 15:51:03.677, 847515284100, vstest.console.dll, TestRequestSender.OnExecutionMessageReceived: Received message: {"Version":7,"MessageType":"TestExecution.StatsChange","Payload":{"NewTestResults":[{"TestCase":{"Id":"a3813ecd-96ea-59d6-492f-4b98a20dcd7a","FullyQualifiedName":"VVSTestOlx.Core.Tests.TajraTests.RegistracijaNaOLX_NecheckiranoSlazemSe_NeuspjenaRegistracija","DisplayName":"RegistracijaNaOLX_NecheckiranoSlazemSe_NeuspjenaRegistracija","ExecutorUri":"executor://NUnit3TestExecutor","Source":"C:\\Users\\Korisnik\\Desktop\\Tajra\\VVS\\Olx-blackbox-testing\\VVSTestOlx\\bin\\Debug\\net6.0\\fine-code-coverage\\build-output\\VVSTestOlx.dll","CodeFilePath":null,"LineNumber":0,"Properties":[{"Key":{"Id":"NUnit.Seed","Label":"Seed","Category":"","Description":"","Attributes":0,"ValueType":"System.String"},"Value":"564267775"}]},"Attachments":[],"Outcome":2,"ErrorMessage":"OpenQA.Selenium.NoSuchWindowException : no such window: target window already closed\r\nfrom unknown error: web view not found\r\n  (Session info: chrome=120.0.6099.217)","ErrorStackTrace":"   at OpenQA.Selenium.WebDriver.UnpackAndThrowOnError(Response errorResponse, String commandToExecute)\r\n   at OpenQA.Selenium.WebDriver.Execute(String driverCommandToExecute, Dictionary`2 parameters)\r\n   at OpenQA.Selenium.WebDriver.FindElement(String mechanism, String value)\r\n   at OpenQA.Selenium.By.<.ctor>b__11_0(ISearchContext context)\r\n   at OpenQA.Selenium.By.FindElement(ISearchContext context)\r\n   at OpenQA.Selenium.WebDriver.FindElement(By by)\r\n   at VVSTestOlx.Core.Tests.TajraTests.RegistracijaNaOLX_NecheckiranoSlazemSe_NeuspjenaRegistracija() in C:\\Users\\Korisnik\\Desktop\\Tajra\\VVS\\Olx-blackbox-testing\\VVSTestOlx\\Core\\Tests\\TajraTests.cs:line 60\n","DisplayName":"RegistracijaNaOLX_NecheckiranoSlazemSe_NeuspjenaRegistracija","Messages":[],"ComputerName":"DESKTOP-2SQ13QG","Duration":"00:00:10.0072500","StartTime":"2024-01-14T14:50:53.667844+00:00","EndTime":"2024-01-14T14:51:03.6750936+00:00","Properties":[{"Key":{"Id":"NUnit.Seed","Label":"Seed","Category":"","Description":"","Attributes":0,"ValueType":"System.String"},"Value":"564267775"}]}],"TestRunStatistics":{"ExecutedTests":7,"Stats":{"Failed":7}},"ActiveTests":[{"Id":"d42baf0a-24c4-3bd1-6f12-4cf3e28df094","FullyQualifiedName":"VVSTestOlx.Core.Tests.TajraTests.RegistracijaNaOLX_NedozvoljeneRijeci_NeuspjenaRegistracija","DisplayName":"RegistracijaNaOLX_NedozvoljeneRijeci_NeuspjenaRegistracija","ExecutorUri":"executor://NUnit3TestExecutor","Source":"C:\\Users\\Korisnik\\Desktop\\Tajra\\VVS\\Olx-blackbox-testing\\VVSTestOlx\\bin\\Debug\\net6.0\\fine-code-coverage\\build-output\\VVSTestOlx.dll","CodeFilePath":null,"LineNumber":0,"Properties":[{"Key":{"Id":"NUnit.Seed","Label":"Seed","Category":"","Description":"","Attributes":0,"ValueType":"System.String"},"Value":"1352499964"}]}]}}
TpTrace Verbose: 0 : 18476, 11, 2024/01/14, 15:51:03.682, 847515335901, vstest.console.dll, TestRunRequest:SendTestRunStatsChange: Starting.
TpTrace Verbose: 0 : 18476, 11, 2024/01/14, 15:51:03.682, 847515336446, vstest.console.dll, InProgress is RegistracijaNaOLX_NedozvoljeneRijeci_NeuspjenaRegistracija
TpTrace Verbose: 0 : 18476, 11, 2024/01/14, 15:51:03.682, 847515336786, vstest.console.dll, MulticastDelegateUtilities.SafeInvoke: TestRun.RunStatsChanged: Invoking callbacks was skipped because there are no subscribers.
TpTrace Information: 0 : 18476, 11, 2024/01/14, 15:51:03.682, 847515337693, vstest.console.dll, TestRunRequest:SendTestRunStatsChange: Completed.
TpTrace Verbose: 0 : 18476, 11, 2024/01/14, 15:51:03.682, 847515337952, vstest.console.dll, MulticastDelegateUtilities.SafeInvoke: LengthPrefixCommunicationChannel: MessageReceived: Invoking callback 1/1 for Microsoft.VisualStudio.TestPlatform.CommunicationUtilities.TestRequestSender+<>c__DisplayClass34_0., took 5 ms.
TpTrace Verbose: 0 : 18476, 11, 2024/01/14, 15:51:03.682, 847515338224, vstest.console.dll, TcpClientExtensions.MessageLoopAsync: Polling on remoteEndPoint: 127.0.0.1:59824 localEndPoint: 127.0.0.1:59823
TpTrace Verbose: 0 : 18476, 4, 2024/01/14, 15:51:03.682, 847515340693, vstest.console.dll, MulticastDelegateUtilities.SafeInvoke: InternalTestLoggerEvents.SendTestResult: Invoking callback 1/1 for Microsoft.VisualStudio.TestPlatform.CommandLine.Internal.ConsoleLogger., took 0 ms.
TpTrace Verbose: 0 : 18476, 11, 2024/01/14, 15:51:04.694, 847525461319, vstest.console.dll, TcpClientExtensions.MessageLoopAsync: Polling on remoteEndPoint: 127.0.0.1:59824 localEndPoint: 127.0.0.1:59823
TpTrace Verbose: 0 : 18476, 11, 2024/01/14, 15:51:05.696, 847535481224, vstest.console.dll, TcpClientExtensions.MessageLoopAsync: Polling on remoteEndPoint: 127.0.0.1:59824 localEndPoint: 127.0.0.1:59823
TpTrace Verbose: 0 : 18476, 11, 2024/01/14, 15:51:06.711, 847545631439, vstest.console.dll, TcpClientExtensions.MessageLoopAsync: Polling on remoteEndPoint: 127.0.0.1:59824 localEndPoint: 127.0.0.1:59823
TpTrace Verbose: 0 : 18476, 11, 2024/01/14, 15:51:06.879, 847547312317, vstest.console.dll, TcpClientExtensions.MessageLoopAsync: NotifyDataAvailable remoteEndPoint: 127.0.0.1:59824 localEndPoint: 127.0.0.1:59823
TpTrace Verbose: 0 : 18476, 11, 2024/01/14, 15:51:06.880, 847547313488, vstest.console.dll, TestRequestSender.OnExecutionMessageReceived: Received message: {"Version":7,"MessageType":"TestSession.Message","Payload":{"MessageLevel":0,"Message":"NUnit Adapter 4.4.0.0: Test execution complete"}}
TpTrace Verbose: 0 : 18476, 11, 2024/01/14, 15:51:06.880, 847547314475, vstest.console.dll, TestRunRequest:SendTestRunMessage: Starting.
TpTrace Verbose: 0 : 18476, 11, 2024/01/14, 15:51:06.880, 847547314968, vstest.console.dll, MulticastDelegateUtilities.SafeInvoke: TestRun.LogMessages: Invoking callback 1/1 for Microsoft.VisualStudio.TestPlatform.CommandLine.TestRunResultAggregator., took 0 ms.
TpTrace Verbose: 0 : 18476, 4, 2024/01/14, 15:51:06.880, 847547315127, vstest.console.dll, MulticastDelegateUtilities.SafeInvoke: InternalTestLoggerEvents.SendTestRunMessage: Invoking callback 1/1 for Microsoft.VisualStudio.TestPlatform.CommandLine.Internal.ConsoleLogger., took 0 ms.
TpTrace Information: 0 : 18476, 11, 2024/01/14, 15:51:06.880, 847547315194, vstest.console.dll, TestRunRequest:SendTestRunMessage: Completed.
TpTrace Verbose: 0 : 18476, 11, 2024/01/14, 15:51:06.880, 847547316032, vstest.console.dll, MulticastDelegateUtilities.SafeInvoke: LengthPrefixCommunicationChannel: MessageReceived: Invoking callback 1/1 for Microsoft.VisualStudio.TestPlatform.CommunicationUtilities.TestRequestSender+<>c__DisplayClass34_0., took 0 ms.
TpTrace Verbose: 0 : 18476, 11, 2024/01/14, 15:51:06.880, 847547316329, vstest.console.dll, TcpClientExtensions.MessageLoopAsync: Polling on remoteEndPoint: 127.0.0.1:59824 localEndPoint: 127.0.0.1:59823
TpTrace Verbose: 0 : 18476, 11, 2024/01/14, 15:51:06.898, 847547500825, vstest.console.dll, TcpClientExtensions.MessageLoopAsync: NotifyDataAvailable remoteEndPoint: 127.0.0.1:59824 localEndPoint: 127.0.0.1:59823
TpTrace Verbose: 0 : 18476, 11, 2024/01/14, 15:51:06.898, 847547502222, vstest.console.dll, TestRequestSender.OnExecutionMessageReceived: Received message: {"Version":7,"MessageType":"TestExecution.Completed","Payload":{"TestRunCompleteArgs":{"TestRunStatistics":{"ExecutedTests":8,"Stats":{"Failed":8}},"IsCanceled":false,"IsAborted":false,"Error":null,"AttachmentSets":[],"InvokedDataCollectors":[],"ElapsedTimeInRunningTests":"00:00:40.1225735","Metrics":{},"DiscoveredExtensions":{"TestDiscoverers":["NUnit.VisualStudio.TestAdapter.NUnit3TestDiscoverer, NUnit3.TestAdapter, Version=4.4.0.0, Culture=neutral, PublicKeyToken=4cb40d35494691ac"],"TestExecutors":["executor://NUnit3TestExecutor"],"TestExecutors2":[],"TestSettingsProviders":[]}},"LastRunTests":{"NewTestResults":[{"TestCase":{"Id":"d42baf0a-24c4-3bd1-6f12-4cf3e28df094","FullyQualifiedName":"VVSTestOlx.Core.Tests.TajraTests.RegistracijaNaOLX_NedozvoljeneRijeci_NeuspjenaRegistracija","DisplayName":"RegistracijaNaOLX_NedozvoljeneRijeci_NeuspjenaRegistracija","ExecutorUri":"executor://NUnit3TestExecutor","Source":"C:\\Users\\Korisnik\\Desktop\\Tajra\\VVS\\Olx-blackbox-testing\\VVSTestOlx\\bin\\Debug\\net6.0\\fine-code-coverage\\build-output\\VVSTestOlx.dll","CodeFilePath":null,"LineNumber":0,"Properties":[{"Key":{"Id":"NUnit.Seed","Label":"Seed","Category":"","Description":"","Attributes":0,"ValueType":"System.String"},"Value":"1352499964"}]},"Attachments":[],"Outcome":2,"ErrorMessage":"OpenQA.Selenium.NoSuchWindowException : no such window: target window already closed\r\nfrom unknown error: web view not found\r\n  (Session info: chrome=120.0.6099.217)","ErrorStackTrace":"   at OpenQA.Selenium.WebDriver.UnpackAndThrowOnError(Response errorResponse, String commandToExecute)\r\n   at OpenQA.Selenium.WebDriver.Execute(String driverCommandToExecute, Dictionary`2 parameters)\r\n   at OpenQA.Selenium.WebDriver.FindElement(String mechanism, String value)\r\n   at OpenQA.Selenium.By.<.ctor>b__11_0(ISearchContext context)\r\n   at OpenQA.Selenium.By.FindElement(ISearchContext context)\r\n   at OpenQA.Selenium.WebDriver.FindElement(By by)\r\n   at VVSTestOlx.Core.Tests.TajraTests.PrihvatiCookie() in C:\\Users\\Korisnik\\Desktop\\Tajra\\VVS\\Olx-blackbox-testing\\VVSTestOlx\\Core\\Tests\\TajraTests.cs:line 127\r\n   at VVSTestOlx.Core.Tests.TajraTests.RegistracijaNaOLX_NedozvoljeneRijeci_NeuspjenaRegistracija() in C:\\Users\\Korisnik\\Desktop\\Tajra\\VVS\\Olx-blackbox-testing\\VVSTestOlx\\Core\\Tests\\TajraTests.cs:line 76\n","DisplayName":"RegistracijaNaOLX_NedozvoljeneRijeci_NeuspjenaRegistracija","Messages":[],"ComputerName":"DESKTOP-2SQ13QG","Duration":"00:00:03.1985660","StartTime":"2024-01-14T14:51:03.6751431+00:00","EndTime":"2024-01-14T14:51:06.8737094+00:00","Properties":[{"Key":{"Id":"NUnit.Seed","Label":"Seed","Category":"","Description":"","Attributes":0,"ValueType":"System.String"},"Value":"1352499964"}]}],"TestRunStatistics":{"ExecutedTests":8,"Stats":{"Failed":8}},"ActiveTests":[]},"RunAttachments":[],"ExecutorUris":["executor://nunit3testexecutor/"]}}
TpTrace Verbose: 0 : 18476, 11, 2024/01/14, 15:51:06.898, 847547503143, vstest.console.dll, TestRequestSender.EndSession: Sending end session.
TpTrace Verbose: 0 : 18476, 11, 2024/01/14, 15:51:06.899, 847547504622, vstest.console.dll, ProxyOperationManager.Close: waiting for test host to exit for 100 ms
TpTrace Verbose: 0 : 18476, 7, 2024/01/14, 15:51:06.907, 847547583909, vstest.console.dll, TestHostManagerCallbacks.ctor: Experimental forwarding output is disabled.
TpTrace Warning: 0 : 18476, 7, 2024/01/14, 15:51:06.907, 847547584916, vstest.console.dll, TestHostManagerCallbacks.ErrorReceivedCallback Test host standard error line: 
TpTrace Verbose: 0 : 18476, 7, 2024/01/14, 15:51:06.917, 847547687955, vstest.console.dll, TestHostProvider.ExitCallBack: Host exited starting callback.
TpTrace Information: 0 : 18476, 7, 2024/01/14, 15:51:06.917, 847547689572, vstest.console.dll, TestHostManagerCallbacks.ExitCallBack: Testhost processId: 12368 exited with exitcode: 0 error: '[1705243835.008][SEVERE]: Unable to receive message from renderer
'
TpTrace Verbose: 0 : 18476, 7, 2024/01/14, 15:51:06.917, 847547689939, vstest.console.dll, DotnetTestHostManager.OnHostExited: invoking OnHostExited callback
TpTrace Verbose: 0 : 18476, 7, 2024/01/14, 15:51:06.917, 847547690420, vstest.console.dll, CrossPlatEngine.TestHostManagerHostExited: calling on client process exit callback.
TpTrace Information: 0 : 18476, 7, 2024/01/14, 15:51:06.917, 847547690944, vstest.console.dll, TestRequestSender.OnClientProcessExit: Test host process exited. Standard error: [1705243835.008][SEVERE]: Unable to receive message from renderer

TpTrace Information: 0 : 18476, 7, 2024/01/14, 15:51:06.917, 847547691263, vstest.console.dll, SocketServer.Stop: Stop server endPoint: 127.0.0.1:59823
TpTrace Information: 0 : 18476, 7, 2024/01/14, 15:51:06.917, 847547691472, vstest.console.dll, SocketServer.Stop: Cancellation requested. Stopping message loop.
TpTrace Information: 0 : 18476, 11, 2024/01/14, 15:51:06.917, 847547691786, vstest.console.dll, SocketServer.Stop: Stop server endPoint: 127.0.0.1:59823
TpTrace Information: 0 : 18476, 11, 2024/01/14, 15:51:06.917, 847547692254, vstest.console.dll, SocketServer.Stop: Cancellation requested. Stopping message loop.
TpTrace Verbose: 0 : 18476, 7, 2024/01/14, 15:51:06.917, 847547692330, vstest.console.dll, MulticastDelegateUtilities.SafeInvoke: HostProviderEvents.OnHostExited: Invoking callback 1/1 for Microsoft.VisualStudio.TestPlatform.CrossPlatEngine.Client.ProxyOperationManager., took 0 ms.
TpTrace Information: 0 : 18476, 11, 2024/01/14, 15:51:06.917, 847547692601, vstest.console.dll, Closing the connection
TpTrace Verbose: 0 : 18476, 11, 2024/01/14, 15:51:06.918, 847547694930, vstest.console.dll, ProxyDataCollectionManager.InvokeDataCollectionServiceAction: Starting.
TpTrace Information: 0 : 18476, 11, 2024/01/14, 15:51:06.918, 847547695296, vstest.console.dll, ProxyDataCollectionManager.AfterTestRunEnd: Get attachment set and invoked data collectors processId: 16236 port: 59820
TpTrace Verbose: 0 : 18476, 11, 2024/01/14, 15:51:06.918, 847547695782, vstest.console.dll, DataCollectionRequestSender.SendAfterTestRunStartAndGetResult: Send AfterTestRunEnd message with isCancelled: False
TpTrace Verbose: 0 : 18476, 11, 2024/01/14, 15:51:06.924, 847547759276, vstest.console.dll, DataCollectionRequestSender.SendAfterTestRunStartAndGetResult: Received message: (DataCollection.AfterTestRunEndResult) -> {"MessageType":"DataCollection.AfterTestRunEndResult","Payload":{"AttachmentSets":[],"InvokedDataCollectors":[{"Uri":"datacollector://Microsoft/TestPlatform/Extensions/Blame/v1","FriendlyName":"Blame","AssemblyQualifiedName":"Microsoft.TestPlatform.Extensions.BlameDataCollector.BlameCollector, Microsoft.TestPlatform.Extensions.BlameDataCollector, Version=15.0.0.0, Culture=neutral, PublicKeyToken=b03f5f7f11d50a3a","FilePath":"C:\\Program Files\\dotnet\\sdk\\7.0.402\\Extensions\\Microsoft.TestPlatform.Extensions.BlameDataCollector.dll","HasAttachmentProcessor":false}],"Metrics":{}}}
TpTrace Warning: 0 : 18476, 10, 2024/01/14, 15:51:06.928, 847547798144, vstest.console.dll, DataCollectionLauncher.ErrorReceivedCallback datacollector standard error line: 
TpTrace Information: 0 : 18476, 11, 2024/01/14, 15:51:06.929, 847547812232, vstest.console.dll, ProxyDataCollectionManager.InvokeDataCollectionServiceAction: Completed.
TpTrace Information: 0 : 18476, 10, 2024/01/14, 15:51:06.935, 847547866762, vstest.console.dll, DataCollectionLauncher.ExitCallBack: Data collector exited with exitcode: 0 error: ''
TpTrace Verbose: 0 : 18476, 11, 2024/01/14, 15:51:06.967, 847548184333, vstest.console.dll, TestRunRequest:SendTestRunStatsChange: Starting.
TpTrace Verbose: 0 : 18476, 11, 2024/01/14, 15:51:06.967, 847548185278, vstest.console.dll, MulticastDelegateUtilities.SafeInvoke: TestRun.RunStatsChanged: Invoking callbacks was skipped because there are no subscribers.
TpTrace Information: 0 : 18476, 11, 2024/01/14, 15:51:06.967, 847548186182, vstest.console.dll, TestRunRequest:SendTestRunStatsChange: Completed.
TpTrace Verbose: 0 : 18476, 4, 2024/01/14, 15:51:06.967, 847548188573, vstest.console.dll, MulticastDelegateUtilities.SafeInvoke: InternalTestLoggerEvents.SendTestResult: Invoking callback 1/1 for Microsoft.VisualStudio.TestPlatform.CommandLine.Internal.ConsoleLogger., took 0 ms.
TpTrace Verbose: 0 : 18476, 11, 2024/01/14, 15:51:06.967, 847548192554, vstest.console.dll, ParallelProxyExecutionManager: HandlePartialRunComplete: Total workloads = 1, Total started clients = 1 Total completed clients = 1, Run complete = True, Run canceled: False.
TpTrace Verbose: 0 : 18476, 11, 2024/01/14, 15:51:06.967, 847548192922, vstest.console.dll, ParallelProxyExecutionManager: HandlePartialRunComplete: All runs completed stopping all managers.
TpTrace Verbose: 0 : 18476, 11, 2024/01/14, 15:51:06.967, 847548193201, vstest.console.dll, ParallelOperationManager.StopAllManagers: Stopping all managers.
TpTrace Verbose: 0 : 18476, 11, 2024/01/14, 15:51:06.968, 847548193895, vstest.console.dll, ParallelOperationManager.ClearSlots: Clearing all slots. Slots should accept more work: False
TpTrace Verbose: 0 : 18476, 11, 2024/01/14, 15:51:06.968, 847548194309, vstest.console.dll, ParallelOperationManager.SetOccupiedSlotCount: Setting slot counts AvailableSlotCount = 1, OccupiedSlotCount = 0.
TpTrace Verbose: 0 : 18476, 11, 2024/01/14, 15:51:06.968, 847548194715, vstest.console.dll, Occupied slots:

TpTrace Verbose: 0 : 18476, 4, 2024/01/14, 15:51:06.976, 847548282836, vstest.console.dll, MulticastDelegateUtilities.SafeInvoke: InternalTestLoggerEvents.SendTestRunComplete: Invoking callback 1/2 for Microsoft.TestPlatform.Extensions.BlameDataCollector.BlameLogger., took 0 ms.
TpTrace Verbose: 0 : 18476, 4, 2024/01/14, 15:51:06.982, 847548342314, vstest.console.dll, MulticastDelegateUtilities.SafeInvoke: InternalTestLoggerEvents.SendTestRunComplete: Invoking callback 2/2 for Microsoft.VisualStudio.TestPlatform.CommandLine.Internal.ConsoleLogger., took 5 ms.
TpTrace Verbose: 0 : 18476, 11, 2024/01/14, 15:51:06.983, 847548345640, vstest.console.dll, TestRunRequest:TestRunComplete: Starting. IsAborted:False IsCanceled:False.
TpTrace Verbose: 0 : 18476, 11, 2024/01/14, 15:51:06.983, 847548347162, vstest.console.dll, ParallelOperationManager.DoActionOnAllManagers: Calling an action on all managers.
TpTrace Verbose: 0 : 18476, 11, 2024/01/14, 15:51:06.984, 847548356151, vstest.console.dll, TestLoggerManager.HandleTestRunComplete: Ignoring as the object is disposed.
TpTrace Verbose: 0 : 18476, 11, 2024/01/14, 15:51:06.984, 847548358088, vstest.console.dll, MulticastDelegateUtilities.SafeInvoke: TestRun.TestRunComplete: Invoking callback 1/2 for Microsoft.VisualStudio.TestPlatform.CommandLine.TestRunResultAggregator., took 0 ms.
TpTrace Verbose: 0 : 18476, 11, 2024/01/14, 15:51:06.984, 847548359238, vstest.console.dll, MulticastDelegateUtilities.SafeInvoke: TestRun.TestRunComplete: Invoking callback 2/2 for Microsoft.VisualStudio.TestPlatform.CommandLine.Processors.RunTestsArgumentExecutor+TestRunRequestEventsRegistrar., took 0 ms.
TpTrace Information: 0 : 18476, 11, 2024/01/14, 15:51:06.984, 847548360316, vstest.console.dll, TestRunRequest:TestRunComplete: Completed.
TpTrace Verbose: 0 : 18476, 1, 2024/01/14, 15:51:06.984, 847548360513, vstest.console.dll, TestRunRequest.Dispose: Starting.
TpTrace Verbose: 0 : 18476, 11, 2024/01/14, 15:51:06.984, 847548360645, vstest.console.dll, TestRequestSender.SetOperationComplete: Setting operation complete.
TpTrace Information: 0 : 18476, 1, 2024/01/14, 15:51:06.984, 847548361016, vstest.console.dll, TestRunRequest.Dispose: Completed.
TpTrace Information: 0 : 18476, 11, 2024/01/14, 15:51:06.984, 847548361190, vstest.console.dll, SocketServer.Stop: Stop server endPoint: 127.0.0.1:59823
TpTrace Information: 0 : 18476, 1, 2024/01/14, 15:51:06.984, 847548361539, vstest.console.dll, TestRequestManager.RunTests: run tests completed.
TpTrace Information: 0 : 18476, 11, 2024/01/14, 15:51:06.984, 847548361630, vstest.console.dll, SocketServer.Stop: Cancellation requested. Stopping message loop.
TpTrace Verbose: 0 : 18476, 11, 2024/01/14, 15:51:06.984, 847548362195, vstest.console.dll, MulticastDelegateUtilities.SafeInvoke: LengthPrefixCommunicationChannel: MessageReceived: Invoking callback 1/1 for Microsoft.VisualStudio.TestPlatform.CommunicationUtilities.TestRequestSender+<>c__DisplayClass34_0., took 86 ms.
TpTrace Information: 0 : 18476, 11, 2024/01/14, 15:51:06.984, 847548362668, vstest.console.dll, SocketServer.PrivateStop: Stopping server endPoint: 127.0.0.1:59823 error: 
TpTrace Information: 0 : 18476, 1, 2024/01/14, 15:51:06.984, 847548362727, vstest.console.dll, RunTestsArgumentProcessor:Execute: Test run is completed.
TpTrace Verbose: 0 : 18476, 1, 2024/01/14, 15:51:06.985, 847548364749, vstest.console.dll, Executor.Execute: Exiting with exit code of 1
TpTrace Verbose: 0 : 18476, 11, 2024/01/14, 15:51:06.985, 847548366613, vstest.console.dll, LengthPrefixCommunicationChannel.Dispose: Dispose reader and writer.
TpTrace Information: 0 : 18476, 11, 2024/01/14, 15:51:06.985, 847548367781, vstest.console.dll, SocketServer.Stop: Raise disconnected event endPoint: 127.0.0.1:59823 error: 
TpTrace Verbose: 0 : 18476, 11, 2024/01/14, 15:51:06.985, 847548368513, vstest.console.dll, TestRequestSender: OnTestRunAbort: Operation is already complete. Skip error message.
TpTrace Verbose: 0 : 18476, 11, 2024/01/14, 15:51:06.985, 847548368871, vstest.console.dll, MulticastDelegateUtilities.SafeInvoke: SocketServer: ClientDisconnected: Invoking callback 1/1 for Microsoft.VisualStudio.TestPlatform.CommunicationUtilities.TestRequestSender., took 0 ms.
TpTrace Verbose: 0 : 18476, 11, 2024/01/14, 15:51:06.985, 847548369083, vstest.console.dll, TcpClientExtensions.MessageLoopAsync: exiting MessageLoopAsync remoteEndPoint: 127.0.0.1:59824 localEndPoint: 127.0.0.1:59823
