TpTrace Verbose: 0 : 17912, 1, 2024/01/13, 04:04:20.367, 202133146213, vstest.console.dll, Version: 17.7.1-release-23418-01 Current process architecture: X64
TpTrace Verbose: 0 : 17912, 1, 2024/01/13, 04:04:20.372, 202133198274, vstest.console.dll, Runtime location: C:\Program Files\dotnet\shared\Microsoft.NETCore.App\7.0.12
TpTrace Verbose: 0 : 17912, 1, 2024/01/13, 04:04:20.381, 202133282381, vstest.console.dll, ArtifactProcessingPostProcessModeProcessorExecutor.Initialize: ArtifactProcessingMode.Collect
TpTrace Verbose: 0 : 17912, 1, 2024/01/13, 04:04:20.381, 202133287725, vstest.console.dll, TestSessionCorrelationIdProcessorModeProcessorExecutor.Initialize: TestSessionCorrelationId '18136_438007ae-4c80-49e0-be49-b7f637dab960'
TpTrace Information: 0 : 17912, 1, 2024/01/13, 04:04:20.409, 202133561546, vstest.console.dll, FilePatternParser: The given file C:\Users\Amina\Source\Repos\VVSTestOlx\VVSTestOlx\bin\Debug\net6.0\fine-code-coverage\build-output\VVSTestOlx.dll is a full path.
TpTrace Verbose: 0 : 17912, 1, 2024/01/13, 04:04:20.424, 202133716935, vstest.console.dll, TestPluginCache.DiscoverTestExtensions: finding test extensions in assemblies ends with: RuntimeProvider.dll TPluginInfo: Microsoft.VisualStudio.TestPlatform.Common.ExtensionFramework.Utilities.TestRuntimePluginInformation TExtension: Microsoft.VisualStudio.TestPlatform.ObjectModel.Host.ITestRuntimeProvider
TpTrace Verbose: 0 : 17912, 1, 2024/01/13, 04:04:20.425, 202133729993, vstest.console.dll, TestPluginCache.GetExtensionPaths: Filtered extension paths: 
TpTrace Verbose: 0 : 17912, 1, 2024/01/13, 04:04:20.426, 202133735272, vstest.console.dll, TestPluginCache.GetExtensionPaths: Added default extension paths: C:\Program Files\dotnet\sdk\7.0.402\Extensions\Microsoft.Diagnostics.NETCore.Client.dll
C:\Program Files\dotnet\sdk\7.0.402\Extensions\Microsoft.TestPlatform.Extensions.BlameDataCollector.dll
C:\Program Files\dotnet\sdk\7.0.402\Extensions\Microsoft.TestPlatform.Extensions.EventLogCollector.dll
C:\Program Files\dotnet\sdk\7.0.402\Extensions\Microsoft.TestPlatform.TestHostRuntimeProvider.dll
C:\Program Files\dotnet\sdk\7.0.402\Extensions\Microsoft.VisualStudio.TestPlatform.Extensions.Html.TestLogger.dll
C:\Program Files\dotnet\sdk\7.0.402\Extensions\Microsoft.VisualStudio.TestPlatform.Extensions.Trx.TestLogger.dll
TpTrace Verbose: 0 : 17912, 1, 2024/01/13, 04:04:20.426, 202133738199, vstest.console.dll, TestPluginCache.GetExtensionPaths: Added unfilterableExtensionPaths: 
TpTrace Information: 0 : 17912, 1, 2024/01/13, 04:04:20.429, 202133762184, vstest.console.dll, AssemblyResolver.ctor: Creating AssemblyResolver with searchDirectories C:\Program Files\dotnet\sdk\7.0.402\Extensions,C:\Program Files\dotnet\sdk\7.0.402
TpTrace Verbose: 0 : 17912, 1, 2024/01/13, 04:04:20.433, 202133801932, vstest.console.dll, TestPluginCache.DiscoverTestExtensions: Discovering the extensions using extension path.
TpTrace Verbose: 0 : 17912, 1, 2024/01/13, 04:04:20.433, 202133807593, vstest.console.dll, TestPluginCache.GetExtensionPaths: Filtered extension paths: 
TpTrace Verbose: 0 : 17912, 1, 2024/01/13, 04:04:20.433, 202133810056, vstest.console.dll, TestPluginCache.GetExtensionPaths: Added default extension paths: C:\Program Files\dotnet\sdk\7.0.402\Extensions\Microsoft.Diagnostics.NETCore.Client.dll
C:\Program Files\dotnet\sdk\7.0.402\Extensions\Microsoft.TestPlatform.Extensions.BlameDataCollector.dll
C:\Program Files\dotnet\sdk\7.0.402\Extensions\Microsoft.TestPlatform.Extensions.EventLogCollector.dll
C:\Program Files\dotnet\sdk\7.0.402\Extensions\Microsoft.TestPlatform.TestHostRuntimeProvider.dll
C:\Program Files\dotnet\sdk\7.0.402\Extensions\Microsoft.VisualStudio.TestPlatform.Extensions.Html.TestLogger.dll
C:\Program Files\dotnet\sdk\7.0.402\Extensions\Microsoft.VisualStudio.TestPlatform.Extensions.Trx.TestLogger.dll
TpTrace Verbose: 0 : 17912, 1, 2024/01/13, 04:04:20.434, 202133812987, vstest.console.dll, TestPluginCache.GetExtensionPaths: Added unfilterableExtensionPaths: 
TpTrace Verbose: 0 : 17912, 1, 2024/01/13, 04:04:20.434, 202133817791, vstest.console.dll, TestPluginCache.DiscoverTestExtensions: Discovering the extensions using allExtensionPaths: C:\Program Files\dotnet\sdk\7.0.402\Extensions\Microsoft.Diagnostics.NETCore.Client.dll
C:\Program Files\dotnet\sdk\7.0.402\Extensions\Microsoft.TestPlatform.Extensions.BlameDataCollector.dll
C:\Program Files\dotnet\sdk\7.0.402\Extensions\Microsoft.TestPlatform.Extensions.EventLogCollector.dll
C:\Program Files\dotnet\sdk\7.0.402\Extensions\Microsoft.TestPlatform.TestHostRuntimeProvider.dll
C:\Program Files\dotnet\sdk\7.0.402\Extensions\Microsoft.VisualStudio.TestPlatform.Extensions.Html.TestLogger.dll
C:\Program Files\dotnet\sdk\7.0.402\Extensions\Microsoft.VisualStudio.TestPlatform.Extensions.Trx.TestLogger.dll
TpTrace Information: 0 : 17912, 1, 2024/01/13, 04:04:20.435, 202133824506, vstest.console.dll, AssemblyResolver.AddSearchDirectories: Adding more searchDirectories C:\Program Files\dotnet\sdk\7.0.402\Extensions,C:\Program Files\dotnet\sdk\7.0.402
TpTrace Information: 0 : 17912, 1, 2024/01/13, 04:04:20.435, 202133829336, vstest.console.dll, AssemblyResolver.AddSearchDirectories: Adding more searchDirectories C:\Program Files\dotnet\sdk\7.0.402\Extensions,C:\Program Files\dotnet\sdk\7.0.402
TpTrace Information: 0 : 17912, 1, 2024/01/13, 04:04:20.436, 202133832059, vstest.console.dll, AssemblyResolver.AddSearchDirectories: Adding more searchDirectories C:\Program Files\dotnet\sdk\7.0.402\Extensions,C:\Program Files\dotnet\sdk\7.0.402
TpTrace Information: 0 : 17912, 1, 2024/01/13, 04:04:20.436, 202133834978, vstest.console.dll, AssemblyResolver.AddSearchDirectories: Adding more searchDirectories C:\Program Files\dotnet\sdk\7.0.402\Extensions,C:\Program Files\dotnet\sdk\7.0.402
TpTrace Information: 0 : 17912, 1, 2024/01/13, 04:04:20.436, 202133836973, vstest.console.dll, AssemblyResolver.AddSearchDirectories: Adding more searchDirectories C:\Program Files\dotnet\sdk\7.0.402\Extensions,C:\Program Files\dotnet\sdk\7.0.402
TpTrace Information: 0 : 17912, 1, 2024/01/13, 04:04:20.436, 202133839414, vstest.console.dll, AssemblyResolver.AddSearchDirectories: Adding more searchDirectories C:\Program Files\dotnet\sdk\7.0.402\Extensions,C:\Program Files\dotnet\sdk\7.0.402
TpTrace Information: 0 : 17912, 1, 2024/01/13, 04:04:20.438, 202133854212, vstest.console.dll, AssemblyResolver.OnResolve: Microsoft.Diagnostics.NETCore.Client: Resolving assembly.
TpTrace Information: 0 : 17912, 1, 2024/01/13, 04:04:20.438, 202133857247, vstest.console.dll, AssemblyResolver.OnResolve: Microsoft.Diagnostics.NETCore.Client: Searching in: 'C:\Program Files\dotnet\sdk\7.0.402\Extensions'.
TpTrace Information: 0 : 17912, 1, 2024/01/13, 04:04:20.459, 202134068709, vstest.console.dll, AssemblyResolver.OnResolve: Microsoft.Diagnostics.NETCore.Client: Loading assembly 'C:\Program Files\dotnet\sdk\7.0.402\Extensions\Microsoft.Diagnostics.NETCore.Client.dll'.
TpTrace Information: 0 : 17912, 1, 2024/01/13, 04:04:20.461, 202134083837, vstest.console.dll, AssemblyResolver.OnResolve: Resolved assembly: Microsoft.Diagnostics.NETCore.Client, from path: C:\Program Files\dotnet\sdk\7.0.402\Extensions\Microsoft.Diagnostics.NETCore.Client.dll
TpTrace Verbose: 0 : 17912, 1, 2024/01/13, 04:04:20.465, 202134128236, vstest.console.dll, MetadataReaderExtensionsHelper: Discovering extensions inside assembly 'Microsoft.Diagnostics.NETCore.Client, Version=0.2.8.21101, Culture=neutral, PublicKeyToken=31bf3856ad364e35' file path 'C:\Program Files\dotnet\sdk\7.0.402\Extensions\Microsoft.Diagnostics.NETCore.Client.dll'
TpTrace Information: 0 : 17912, 1, 2024/01/13, 04:04:20.477, 202134243643, vstest.console.dll, AssemblyResolver.OnResolve: Microsoft.Bcl.AsyncInterfaces: Resolving assembly.
TpTrace Information: 0 : 17912, 1, 2024/01/13, 04:04:20.477, 202134246513, vstest.console.dll, AssemblyResolver.OnResolve: Microsoft.Bcl.AsyncInterfaces: Searching in: 'C:\Program Files\dotnet\sdk\7.0.402\Extensions'.
TpTrace Information: 0 : 17912, 1, 2024/01/13, 04:04:20.477, 202134249465, vstest.console.dll, AssemblyResolver.OnResolve: Microsoft.Bcl.AsyncInterfaces: Assembly path does not exist: 'C:\Program Files\dotnet\sdk\7.0.402\Extensions\Microsoft.Bcl.AsyncInterfaces.dll', returning.
TpTrace Information: 0 : 17912, 1, 2024/01/13, 04:04:20.478, 202134254146, vstest.console.dll, AssemblyResolver.OnResolve: Microsoft.Bcl.AsyncInterfaces: Assembly path does not exist: 'C:\Program Files\dotnet\sdk\7.0.402\Extensions\Microsoft.Bcl.AsyncInterfaces.exe', returning.
TpTrace Information: 0 : 17912, 1, 2024/01/13, 04:04:20.478, 202134257818, vstest.console.dll, AssemblyResolver.OnResolve: Microsoft.Bcl.AsyncInterfaces: Searching in: 'C:\Program Files\dotnet\sdk\7.0.402'.
TpTrace Information: 0 : 17912, 1, 2024/01/13, 04:04:20.478, 202134260924, vstest.console.dll, AssemblyResolver.OnResolve: Microsoft.Bcl.AsyncInterfaces: Assembly path does not exist: 'C:\Program Files\dotnet\sdk\7.0.402\Microsoft.Bcl.AsyncInterfaces.dll', returning.
TpTrace Information: 0 : 17912, 1, 2024/01/13, 04:04:20.479, 202134264359, vstest.console.dll, AssemblyResolver.OnResolve: Microsoft.Bcl.AsyncInterfaces: Assembly path does not exist: 'C:\Program Files\dotnet\sdk\7.0.402\Microsoft.Bcl.AsyncInterfaces.exe', returning.
TpTrace Information: 0 : 17912, 1, 2024/01/13, 04:04:20.479, 202134268171, vstest.console.dll, AssemblyResolver.OnResolve: Microsoft.Bcl.AsyncInterfaces: Failed to load assembly.
TpTrace Verbose: 0 : 17912, 1, 2024/01/13, 04:04:20.479, 202134270502, vstest.console.dll, CurrentDomainAssemblyResolve: Resolving assembly 'Microsoft.Bcl.AsyncInterfaces'.
TpTrace Information: 0 : 17912, 1, 2024/01/13, 04:04:20.480, 202134277412, vstest.console.dll, AssemblyResolver.OnResolve: Microsoft.Bcl.AsyncInterfaces: Resolving assembly.
TpTrace Information: 0 : 17912, 1, 2024/01/13, 04:04:20.481, 202134283149, vstest.console.dll, AssemblyResolver.OnResolve: Microsoft.Bcl.AsyncInterfaces: Resolved from cache.
TpTrace Verbose: 0 : 17912, 1, 2024/01/13, 04:04:20.481, 202134287874, vstest.console.dll, CurrentDomainAssemblyResolve: Resolving assembly 'Microsoft.Bcl.AsyncInterfaces'.
TpTrace Verbose: 0 : 17912, 1, 2024/01/13, 04:04:20.482, 202134291505, vstest.console.dll, CurrentDomainAssemblyResolve: Failed to resolve assembly 'Microsoft.Bcl.AsyncInterfaces'.
TpTrace Verbose: 0 : 17912, 1, 2024/01/13, 04:04:20.485, 202134322255, vstest.console.dll, CurrentDomainAssemblyResolve: Failed to resolve assembly 'Microsoft.Bcl.AsyncInterfaces'.
TpTrace Warning: 0 : 17912, 1, 2024/01/13, 04:04:20.514, 202134620876, vstest.console.dll, TestPluginDiscoverer: Failed to get types from assembly 'Microsoft.Diagnostics.NETCore.Client, Version=0.2.8.21101, Culture=neutral, PublicKeyToken=31bf3856ad364e35'. Error: System.Reflection.ReflectionTypeLoadException: Unable to load one or more of the requested types.
Could not load file or assembly 'Microsoft.Bcl.AsyncInterfaces, Version=1.0.0.0, Culture=neutral, PublicKeyToken=cc7b13ffcd2ddd51'. The system cannot find the file specified.
   at System.Reflection.RuntimeModule.GetTypes(RuntimeModule module)
   at System.Reflection.Assembly.GetTypes()
   at Microsoft.VisualStudio.TestPlatform.Common.ExtensionFramework.TestPluginDiscoverer.GetTestExtensionsFromAssembly[TPluginInfo,TExtension](Assembly assembly, Dictionary`2 pluginInfos, String filePath) in /_/src/Microsoft.TestPlatform.Common/ExtensionFramework/TestPluginDiscoverer.cs:line 158
System.IO.FileNotFoundException: Could not load file or assembly 'Microsoft.Bcl.AsyncInterfaces, Version=1.0.0.0, Culture=neutral, PublicKeyToken=cc7b13ffcd2ddd51'. The system cannot find the file specified.
File name: 'Microsoft.Bcl.AsyncInterfaces, Version=1.0.0.0, Culture=neutral, PublicKeyToken=cc7b13ffcd2ddd51'
 ---> System.IO.FileNotFoundException: Could not load file or assembly 'Microsoft.Bcl.AsyncInterfaces, Culture=neutral, PublicKeyToken=null'. The system cannot find the file specified.
File name: 'Microsoft.Bcl.AsyncInterfaces, Culture=neutral, PublicKeyToken=null'
   at System.Reflection.RuntimeAssembly.InternalLoad(AssemblyName assemblyName, StackCrawlMark& stackMark, AssemblyLoadContext assemblyLoadContext, RuntimeAssembly requestingAssembly, Boolean throwOnFileNotFound)
   at System.Reflection.Assembly.Load(AssemblyName assemblyRef)
   at Microsoft.VisualStudio.TestPlatform.Common.ExtensionFramework.TestPluginCache.CurrentDomainAssemblyResolve(Object sender, AssemblyResolveEventArgs args) in /_/src/Microsoft.TestPlatform.Common/ExtensionFramework/TestPluginCache.cs:line 513
   at System.Runtime.Loader.AssemblyLoadContext.GetFirstResolvedAssemblyFromResolvingEvent(AssemblyName assemblyName)
   at System.Runtime.Loader.AssemblyLoadContext.ResolveUsingEvent(AssemblyName assemblyName)
   at System.Runtime.Loader.AssemblyLoadContext.ResolveUsingResolvingEvent(IntPtr gchManagedAssemblyLoadContext, AssemblyName assemblyName)
TpTrace Warning: 0 : 17912, 1, 2024/01/13, 04:04:20.516, 202134640134, vstest.console.dll, LoaderExceptions: System.IO.FileNotFoundException: Could not load file or assembly 'Microsoft.Bcl.AsyncInterfaces, Version=1.0.0.0, Culture=neutral, PublicKeyToken=cc7b13ffcd2ddd51'. The system cannot find the file specified.
File name: 'Microsoft.Bcl.AsyncInterfaces, Version=1.0.0.0, Culture=neutral, PublicKeyToken=cc7b13ffcd2ddd51'
 ---> System.IO.FileNotFoundException: Could not load file or assembly 'Microsoft.Bcl.AsyncInterfaces, Culture=neutral, PublicKeyToken=null'. The system cannot find the file specified.
File name: 'Microsoft.Bcl.AsyncInterfaces, Culture=neutral, PublicKeyToken=null'
   at System.Reflection.RuntimeAssembly.InternalLoad(AssemblyName assemblyName, StackCrawlMark& stackMark, AssemblyLoadContext assemblyLoadContext, RuntimeAssembly requestingAssembly, Boolean throwOnFileNotFound)
   at System.Reflection.Assembly.Load(AssemblyName assemblyRef)
   at Microsoft.VisualStudio.TestPlatform.Common.ExtensionFramework.TestPluginCache.CurrentDomainAssemblyResolve(Object sender, AssemblyResolveEventArgs args) in /_/src/Microsoft.TestPlatform.Common/ExtensionFramework/TestPluginCache.cs:line 513
   at System.Runtime.Loader.AssemblyLoadContext.GetFirstResolvedAssemblyFromResolvingEvent(AssemblyName assemblyName)
   at System.Runtime.Loader.AssemblyLoadContext.ResolveUsingEvent(AssemblyName assemblyName)
   at System.Runtime.Loader.AssemblyLoadContext.ResolveUsingResolvingEvent(IntPtr gchManagedAssemblyLoadContext, AssemblyName assemblyName)
TpTrace Information: 0 : 17912, 1, 2024/01/13, 04:04:20.517, 202134645384, vstest.console.dll, AssemblyResolver.OnResolve: Microsoft.TestPlatform.Extensions.BlameDataCollector: Resolving assembly.
TpTrace Information: 0 : 17912, 1, 2024/01/13, 04:04:20.517, 202134649426, vstest.console.dll, AssemblyResolver.OnResolve: Microsoft.TestPlatform.Extensions.BlameDataCollector: Searching in: 'C:\Program Files\dotnet\sdk\7.0.402\Extensions'.
TpTrace Information: 0 : 17912, 1, 2024/01/13, 04:04:20.518, 202134659200, vstest.console.dll, AssemblyResolver.OnResolve: Microsoft.TestPlatform.Extensions.BlameDataCollector: Loading assembly 'C:\Program Files\dotnet\sdk\7.0.402\Extensions\Microsoft.TestPlatform.Extensions.BlameDataCollector.dll'.
TpTrace Information: 0 : 17912, 1, 2024/01/13, 04:04:20.520, 202134672811, vstest.console.dll, AssemblyResolver.OnResolve: Resolved assembly: Microsoft.TestPlatform.Extensions.BlameDataCollector, from path: C:\Program Files\dotnet\sdk\7.0.402\Extensions\Microsoft.TestPlatform.Extensions.BlameDataCollector.dll
TpTrace Verbose: 0 : 17912, 1, 2024/01/13, 04:04:20.520, 202134677092, vstest.console.dll, MetadataReaderExtensionsHelper: Discovering extensions inside assembly 'Microsoft.TestPlatform.Extensions.BlameDataCollector, Version=15.0.0.0, Culture=neutral, PublicKeyToken=b03f5f7f11d50a3a' file path 'C:\Program Files\dotnet\sdk\7.0.402\Extensions\Microsoft.TestPlatform.Extensions.BlameDataCollector.dll'
TpTrace Information: 0 : 17912, 1, 2024/01/13, 04:04:20.524, 202134712783, vstest.console.dll, AssemblyResolver.OnResolve: Microsoft.TestPlatform.Extensions.EventLogCollector: Resolving assembly.
TpTrace Information: 0 : 17912, 1, 2024/01/13, 04:04:20.524, 202134715470, vstest.console.dll, AssemblyResolver.OnResolve: Microsoft.TestPlatform.Extensions.EventLogCollector: Searching in: 'C:\Program Files\dotnet\sdk\7.0.402\Extensions'.
TpTrace Information: 0 : 17912, 1, 2024/01/13, 04:04:20.525, 202134724574, vstest.console.dll, AssemblyResolver.OnResolve: Microsoft.TestPlatform.Extensions.EventLogCollector: Loading assembly 'C:\Program Files\dotnet\sdk\7.0.402\Extensions\Microsoft.TestPlatform.Extensions.EventLogCollector.dll'.
TpTrace Information: 0 : 17912, 1, 2024/01/13, 04:04:20.526, 202134734057, vstest.console.dll, AssemblyResolver.OnResolve: Resolved assembly: Microsoft.TestPlatform.Extensions.EventLogCollector, from path: C:\Program Files\dotnet\sdk\7.0.402\Extensions\Microsoft.TestPlatform.Extensions.EventLogCollector.dll
TpTrace Verbose: 0 : 17912, 1, 2024/01/13, 04:04:20.526, 202134737010, vstest.console.dll, MetadataReaderExtensionsHelper: Discovering extensions inside assembly 'Microsoft.TestPlatform.Extensions.EventLogCollector, Version=15.0.0.0, Culture=neutral, PublicKeyToken=b03f5f7f11d50a3a' file path 'C:\Program Files\dotnet\sdk\7.0.402\Extensions\Microsoft.TestPlatform.Extensions.EventLogCollector.dll'
TpTrace Information: 0 : 17912, 1, 2024/01/13, 04:04:20.531, 202134786102, vstest.console.dll, AssemblyResolver.OnResolve: Microsoft.TestPlatform.TestHostRuntimeProvider: Resolving assembly.
TpTrace Information: 0 : 17912, 1, 2024/01/13, 04:04:20.531, 202134789512, vstest.console.dll, AssemblyResolver.OnResolve: Microsoft.TestPlatform.TestHostRuntimeProvider: Searching in: 'C:\Program Files\dotnet\sdk\7.0.402\Extensions'.
TpTrace Information: 0 : 17912, 1, 2024/01/13, 04:04:20.532, 202134800482, vstest.console.dll, AssemblyResolver.OnResolve: Microsoft.TestPlatform.TestHostRuntimeProvider: Loading assembly 'C:\Program Files\dotnet\sdk\7.0.402\Extensions\Microsoft.TestPlatform.TestHostRuntimeProvider.dll'.
TpTrace Information: 0 : 17912, 1, 2024/01/13, 04:04:20.534, 202134813063, vstest.console.dll, AssemblyResolver.OnResolve: Resolved assembly: Microsoft.TestPlatform.TestHostRuntimeProvider, from path: C:\Program Files\dotnet\sdk\7.0.402\Extensions\Microsoft.TestPlatform.TestHostRuntimeProvider.dll
TpTrace Verbose: 0 : 17912, 1, 2024/01/13, 04:04:20.534, 202134816770, vstest.console.dll, MetadataReaderExtensionsHelper: Discovering extensions inside assembly 'Microsoft.TestPlatform.TestHostRuntimeProvider, Version=15.0.0.0, Culture=neutral, PublicKeyToken=b03f5f7f11d50a3a' file path 'C:\Program Files\dotnet\sdk\7.0.402\Extensions\Microsoft.TestPlatform.TestHostRuntimeProvider.dll'
TpTrace Information: 0 : 17912, 1, 2024/01/13, 04:04:20.539, 202134870522, vstest.console.dll, GetTestExtensionFromType: Register extension with identifier data 'HostProvider://DefaultTestHost' and type 'Microsoft.VisualStudio.TestPlatform.CrossPlatEngine.Hosting.DefaultTestHostManager, Microsoft.TestPlatform.TestHostRuntimeProvider, Version=15.0.0.0, Culture=neutral, PublicKeyToken=b03f5f7f11d50a3a' inside file 'C:\Program Files\dotnet\sdk\7.0.402\Extensions\Microsoft.TestPlatform.TestHostRuntimeProvider.dll'
TpTrace Information: 0 : 17912, 1, 2024/01/13, 04:04:20.540, 202134881059, vstest.console.dll, GetTestExtensionFromType: Register extension with identifier data 'HostProvider://DotnetTestHost' and type 'Microsoft.VisualStudio.TestPlatform.CrossPlatEngine.Hosting.DotnetTestHostManager, Microsoft.TestPlatform.TestHostRuntimeProvider, Version=15.0.0.0, Culture=neutral, PublicKeyToken=b03f5f7f11d50a3a' inside file 'C:\Program Files\dotnet\sdk\7.0.402\Extensions\Microsoft.TestPlatform.TestHostRuntimeProvider.dll'
TpTrace Information: 0 : 17912, 1, 2024/01/13, 04:04:20.541, 202134884795, vstest.console.dll, AssemblyResolver.OnResolve: Microsoft.VisualStudio.TestPlatform.Extensions.Html.TestLogger: Resolving assembly.
TpTrace Information: 0 : 17912, 1, 2024/01/13, 04:04:20.541, 202134888139, vstest.console.dll, AssemblyResolver.OnResolve: Microsoft.VisualStudio.TestPlatform.Extensions.Html.TestLogger: Searching in: 'C:\Program Files\dotnet\sdk\7.0.402\Extensions'.
TpTrace Information: 0 : 17912, 1, 2024/01/13, 04:04:20.542, 202134896212, vstest.console.dll, AssemblyResolver.OnResolve: Microsoft.VisualStudio.TestPlatform.Extensions.Html.TestLogger: Loading assembly 'C:\Program Files\dotnet\sdk\7.0.402\Extensions\Microsoft.VisualStudio.TestPlatform.Extensions.Html.TestLogger.dll'.
TpTrace Information: 0 : 17912, 1, 2024/01/13, 04:04:20.543, 202134908889, vstest.console.dll, AssemblyResolver.OnResolve: Resolved assembly: Microsoft.VisualStudio.TestPlatform.Extensions.Html.TestLogger, from path: C:\Program Files\dotnet\sdk\7.0.402\Extensions\Microsoft.VisualStudio.TestPlatform.Extensions.Html.TestLogger.dll
TpTrace Verbose: 0 : 17912, 1, 2024/01/13, 04:04:20.544, 202134913877, vstest.console.dll, MetadataReaderExtensionsHelper: Discovering extensions inside assembly 'Microsoft.VisualStudio.TestPlatform.Extensions.Html.TestLogger, Version=15.0.0.0, Culture=neutral, PublicKeyToken=b03f5f7f11d50a3a' file path 'C:\Program Files\dotnet\sdk\7.0.402\Extensions\Microsoft.VisualStudio.TestPlatform.Extensions.Html.TestLogger.dll'
TpTrace Information: 0 : 17912, 1, 2024/01/13, 04:04:20.546, 202134933814, vstest.console.dll, AssemblyResolver.OnResolve: Microsoft.VisualStudio.TestPlatform.Extensions.Trx.TestLogger: Resolving assembly.
TpTrace Information: 0 : 17912, 1, 2024/01/13, 04:04:20.546, 202134936309, vstest.console.dll, AssemblyResolver.OnResolve: Microsoft.VisualStudio.TestPlatform.Extensions.Trx.TestLogger: Searching in: 'C:\Program Files\dotnet\sdk\7.0.402\Extensions'.
TpTrace Information: 0 : 17912, 1, 2024/01/13, 04:04:20.547, 202134950337, vstest.console.dll, AssemblyResolver.OnResolve: Microsoft.VisualStudio.TestPlatform.Extensions.Trx.TestLogger: Loading assembly 'C:\Program Files\dotnet\sdk\7.0.402\Extensions\Microsoft.VisualStudio.TestPlatform.Extensions.Trx.TestLogger.dll'.
TpTrace Information: 0 : 17912, 1, 2024/01/13, 04:04:20.550, 202134972048, vstest.console.dll, AssemblyResolver.OnResolve: Resolved assembly: Microsoft.VisualStudio.TestPlatform.Extensions.Trx.TestLogger, from path: C:\Program Files\dotnet\sdk\7.0.402\Extensions\Microsoft.VisualStudio.TestPlatform.Extensions.Trx.TestLogger.dll
TpTrace Verbose: 0 : 17912, 1, 2024/01/13, 04:04:20.550, 202134975542, vstest.console.dll, MetadataReaderExtensionsHelper: Discovering extensions inside assembly 'Microsoft.VisualStudio.TestPlatform.Extensions.Trx.TestLogger, Version=15.0.0.0, Culture=neutral, PublicKeyToken=b03f5f7f11d50a3a' file path 'C:\Program Files\dotnet\sdk\7.0.402\Extensions\Microsoft.VisualStudio.TestPlatform.Extensions.Trx.TestLogger.dll'
TpTrace Verbose: 0 : 17912, 1, 2024/01/13, 04:04:20.553, 202135006398, vstest.console.dll, TestPluginCache: Discovered the extensions using extension path ''.
TpTrace Verbose: 0 : 17912, 1, 2024/01/13, 04:04:20.553, 202135009420, vstest.console.dll, TestPluginCache: Discoverers are ''.
TpTrace Verbose: 0 : 17912, 1, 2024/01/13, 04:04:20.554, 202135012209, vstest.console.dll, TestPluginCache: Executors are ''.
TpTrace Verbose: 0 : 17912, 1, 2024/01/13, 04:04:20.554, 202135014711, vstest.console.dll, TestPluginCache: Executors2 are ''.
TpTrace Verbose: 0 : 17912, 1, 2024/01/13, 04:04:20.554, 202135016310, vstest.console.dll, TestPluginCache: Setting providers are ''.
TpTrace Verbose: 0 : 17912, 1, 2024/01/13, 04:04:20.554, 202135018460, vstest.console.dll, TestPluginCache: Loggers are ''.
TpTrace Verbose: 0 : 17912, 1, 2024/01/13, 04:04:20.555, 202135024896, vstest.console.dll, TestPluginCache: TestHosts are 'HostProvider://DefaultTestHost,HostProvider://DotnetTestHost'.
TpTrace Verbose: 0 : 17912, 1, 2024/01/13, 04:04:20.555, 202135027346, vstest.console.dll, TestPluginCache: DataCollectors are ''.
TpTrace Information: 0 : 17912, 1, 2024/01/13, 04:04:20.585, 202135329343, vstest.console.dll, RunTestsArgumentProcessor:Execute: Test run is starting.
TpTrace Verbose: 0 : 17912, 1, 2024/01/13, 04:04:20.586, 202135331924, vstest.console.dll, RunTestsArgumentProcessor:Execute: Queuing Test run.
TpTrace Information: 0 : 17912, 1, 2024/01/13, 04:04:20.586, 202135339101, vstest.console.dll, TestRequestManager.RunTests: run tests started.
TpTrace Information: 0 : 17912, 1, 2024/01/13, 04:04:20.590, 202135374103, vstest.console.dll, AssemblyMetadataProvider.GetFrameworkName: Determined framework:'.NETCoreApp,Version=v6.0' for source: 'C:\Users\Amina\Source\Repos\VVSTestOlx\VVSTestOlx\bin\Debug\net6.0\fine-code-coverage\build-output\VVSTestOlx.dll'
TpTrace Information: 0 : 17912, 1, 2024/01/13, 04:04:20.591, 202135382232, vstest.console.dll, Determined framework for all sources: .NETCoreApp,Version=v6.0
TpTrace Verbose: 0 : 17912, 1, 2024/01/13, 04:04:20.592, 202135397719, vstest.console.dll, TestRequestManager.UpdateRunSettingsIfRequired: Default architecture: X64 IsDefaultTargetArchitecture: True, Current process architecture: X64 OperatingSystem: Windows.
TpTrace Information: 0 : 17912, 1, 2024/01/13, 04:04:20.598, 202135460230, vstest.console.dll, AssemblyMetadataProvider.GetArchitecture: Determined architecture:AnyCPU info for assembly: C:\Users\Amina\Source\Repos\VVSTestOlx\VVSTestOlx\bin\Debug\net6.0\fine-code-coverage\build-output\VVSTestOlx.dll
TpTrace Information: 0 : 17912, 1, 2024/01/13, 04:04:20.599, 202135463089, vstest.console.dll, Determined platform for source 'C:\Users\Amina\Source\Repos\VVSTestOlx\VVSTestOlx\bin\Debug\net6.0\fine-code-coverage\build-output\VVSTestOlx.dll' was AnyCPU and it will use the default plaform X64.
TpTrace Information: 0 : 17912, 1, 2024/01/13, 04:04:20.599, 202135465003, vstest.console.dll, None of the sources provided any runnable platform, using the default platform: X64
TpTrace Information: 0 : 17912, 1, 2024/01/13, 04:04:20.599, 202135468743, vstest.console.dll, Platform was updated to 'X64'.
TpTrace Information: 0 : 17912, 1, 2024/01/13, 04:04:20.611, 202135582099, vstest.console.dll, InferRunSettingsHelper.IsTestSettingsEnabled: Unable to navigate to RunSettings/MSTest. Current node: RunSettings
TpTrace Information: 0 : 17912, 1, 2024/01/13, 04:04:20.613, 202135602148, vstest.console.dll, AssemblyResolver.OnResolve: Microsoft.VisualStudio.TestPlatform.Fakes: Resolving assembly.
TpTrace Information: 0 : 17912, 1, 2024/01/13, 04:04:20.613, 202135607788, vstest.console.dll, AssemblyResolver.OnResolve: Microsoft.VisualStudio.TestPlatform.Fakes: Searching in: 'C:\Program Files\dotnet\sdk\7.0.402\Extensions'.
TpTrace Information: 0 : 17912, 1, 2024/01/13, 04:04:20.614, 202135612860, vstest.console.dll, AssemblyResolver.OnResolve: Microsoft.VisualStudio.TestPlatform.Fakes: Assembly path does not exist: 'C:\Program Files\dotnet\sdk\7.0.402\Extensions\Microsoft.VisualStudio.TestPlatform.Fakes.dll', returning.
TpTrace Information: 0 : 17912, 1, 2024/01/13, 04:04:20.615, 202135625495, vstest.console.dll, AssemblyResolver.OnResolve: Microsoft.VisualStudio.TestPlatform.Fakes: Assembly path does not exist: 'C:\Program Files\dotnet\sdk\7.0.402\Extensions\Microsoft.VisualStudio.TestPlatform.Fakes.exe', returning.
TpTrace Information: 0 : 17912, 1, 2024/01/13, 04:04:20.615, 202135628020, vstest.console.dll, AssemblyResolver.OnResolve: Microsoft.VisualStudio.TestPlatform.Fakes: Searching in: 'C:\Program Files\dotnet\sdk\7.0.402'.
TpTrace Information: 0 : 17912, 1, 2024/01/13, 04:04:20.615, 202135631170, vstest.console.dll, AssemblyResolver.OnResolve: Microsoft.VisualStudio.TestPlatform.Fakes: Assembly path does not exist: 'C:\Program Files\dotnet\sdk\7.0.402\Microsoft.VisualStudio.TestPlatform.Fakes.dll', returning.
TpTrace Information: 0 : 17912, 1, 2024/01/13, 04:04:20.616, 202135636051, vstest.console.dll, AssemblyResolver.OnResolve: Microsoft.VisualStudio.TestPlatform.Fakes: Assembly path does not exist: 'C:\Program Files\dotnet\sdk\7.0.402\Microsoft.VisualStudio.TestPlatform.Fakes.exe', returning.
TpTrace Information: 0 : 17912, 1, 2024/01/13, 04:04:20.616, 202135639774, vstest.console.dll, AssemblyResolver.OnResolve: Microsoft.VisualStudio.TestPlatform.Fakes: Failed to load assembly.
TpTrace Information: 0 : 17912, 1, 2024/01/13, 04:04:20.621, 202135687883, vstest.console.dll, Failed to load assembly Microsoft.VisualStudio.TestPlatform.Fakes, Version=17.0.0.0, Culture=neutral. Reason:System.IO.FileNotFoundException: Could not load file or assembly 'Microsoft.VisualStudio.TestPlatform.Fakes, Version=17.0.0.0, Culture=neutral, PublicKeyToken=null'. The system cannot find the file specified.
File name: 'Microsoft.VisualStudio.TestPlatform.Fakes, Version=17.0.0.0, Culture=neutral, PublicKeyToken=null'
   at System.Reflection.RuntimeAssembly.InternalLoad(AssemblyName assemblyName, StackCrawlMark& stackMark, AssemblyLoadContext assemblyLoadContext, RuntimeAssembly requestingAssembly, Boolean throwOnFileNotFound)
   at System.Reflection.Assembly.Load(AssemblyName assemblyRef)
   at Microsoft.VisualStudio.TestPlatform.Common.Utilities.FakesUtilities.LoadTestPlatformAssembly() in /_/src/Microsoft.TestPlatform.Common/Utilities/FakesUtilities.cs:line 272
TpTrace Verbose: 0 : 17912, 1, 2024/01/13, 04:04:20.633, 202135805404, vstest.console.dll, TestPluginCache.DiscoverTestExtensions: finding test extensions in assemblies ends with: TestLogger.dll TPluginInfo: Microsoft.VisualStudio.TestPlatform.Common.ExtensionFramework.Utilities.TestLoggerPluginInformation TExtension: Microsoft.VisualStudio.TestPlatform.ObjectModel.Client.ITestLogger
TpTrace Verbose: 0 : 17912, 1, 2024/01/13, 04:04:20.634, 202135811784, vstest.console.dll, TestPluginCache.GetExtensionPaths: Filtered extension paths: 
TpTrace Verbose: 0 : 17912, 1, 2024/01/13, 04:04:20.634, 202135814297, vstest.console.dll, TestPluginCache.GetExtensionPaths: Added default extension paths: C:\Program Files\dotnet\sdk\7.0.402\Extensions\Microsoft.Diagnostics.NETCore.Client.dll
C:\Program Files\dotnet\sdk\7.0.402\Extensions\Microsoft.TestPlatform.Extensions.BlameDataCollector.dll
C:\Program Files\dotnet\sdk\7.0.402\Extensions\Microsoft.TestPlatform.Extensions.EventLogCollector.dll
C:\Program Files\dotnet\sdk\7.0.402\Extensions\Microsoft.TestPlatform.TestHostRuntimeProvider.dll
C:\Program Files\dotnet\sdk\7.0.402\Extensions\Microsoft.VisualStudio.TestPlatform.Extensions.Html.TestLogger.dll
C:\Program Files\dotnet\sdk\7.0.402\Extensions\Microsoft.VisualStudio.TestPlatform.Extensions.Trx.TestLogger.dll
TpTrace Verbose: 0 : 17912, 1, 2024/01/13, 04:04:20.634, 202135816254, vstest.console.dll, TestPluginCache.GetExtensionPaths: Added unfilterableExtensionPaths: 
TpTrace Information: 0 : 17912, 1, 2024/01/13, 04:04:20.635, 202135821668, vstest.console.dll, AssemblyResolver.AddSearchDirectories: Adding more searchDirectories C:\Program Files\dotnet\sdk\7.0.402\Extensions,C:\Program Files\dotnet\sdk\7.0.402
TpTrace Verbose: 0 : 17912, 1, 2024/01/13, 04:04:20.635, 202135825058, vstest.console.dll, TestPluginCache.DiscoverTestExtensions: Discovering the extensions using extension path.
TpTrace Verbose: 0 : 17912, 1, 2024/01/13, 04:04:20.635, 202135827254, vstest.console.dll, TestPluginCache.GetExtensionPaths: Filtered extension paths: 
TpTrace Verbose: 0 : 17912, 1, 2024/01/13, 04:04:20.635, 202135829270, vstest.console.dll, TestPluginCache.GetExtensionPaths: Added default extension paths: C:\Program Files\dotnet\sdk\7.0.402\Extensions\Microsoft.Diagnostics.NETCore.Client.dll
C:\Program Files\dotnet\sdk\7.0.402\Extensions\Microsoft.TestPlatform.Extensions.BlameDataCollector.dll
C:\Program Files\dotnet\sdk\7.0.402\Extensions\Microsoft.TestPlatform.Extensions.EventLogCollector.dll
C:\Program Files\dotnet\sdk\7.0.402\Extensions\Microsoft.TestPlatform.TestHostRuntimeProvider.dll
C:\Program Files\dotnet\sdk\7.0.402\Extensions\Microsoft.VisualStudio.TestPlatform.Extensions.Html.TestLogger.dll
C:\Program Files\dotnet\sdk\7.0.402\Extensions\Microsoft.VisualStudio.TestPlatform.Extensions.Trx.TestLogger.dll
TpTrace Verbose: 0 : 17912, 1, 2024/01/13, 04:04:20.635, 202135831172, vstest.console.dll, TestPluginCache.GetExtensionPaths: Added unfilterableExtensionPaths: 
TpTrace Verbose: 0 : 17912, 1, 2024/01/13, 04:04:20.636, 202135834900, vstest.console.dll, TestPluginCache.DiscoverTestExtensions: Discovering the extensions using allExtensionPaths: C:\Program Files\dotnet\sdk\7.0.402\Extensions\Microsoft.Diagnostics.NETCore.Client.dll
C:\Program Files\dotnet\sdk\7.0.402\Extensions\Microsoft.TestPlatform.Extensions.BlameDataCollector.dll
C:\Program Files\dotnet\sdk\7.0.402\Extensions\Microsoft.TestPlatform.Extensions.EventLogCollector.dll
C:\Program Files\dotnet\sdk\7.0.402\Extensions\Microsoft.TestPlatform.TestHostRuntimeProvider.dll
C:\Program Files\dotnet\sdk\7.0.402\Extensions\Microsoft.VisualStudio.TestPlatform.Extensions.Html.TestLogger.dll
C:\Program Files\dotnet\sdk\7.0.402\Extensions\Microsoft.VisualStudio.TestPlatform.Extensions.Trx.TestLogger.dll
TpTrace Information: 0 : 17912, 1, 2024/01/13, 04:04:20.636, 202135838719, vstest.console.dll, AssemblyResolver.AddSearchDirectories: Adding more searchDirectories C:\Program Files\dotnet\sdk\7.0.402\Extensions,C:\Program Files\dotnet\sdk\7.0.402
TpTrace Information: 0 : 17912, 1, 2024/01/13, 04:04:20.637, 202135841644, vstest.console.dll, AssemblyResolver.AddSearchDirectories: Adding more searchDirectories C:\Program Files\dotnet\sdk\7.0.402\Extensions,C:\Program Files\dotnet\sdk\7.0.402
TpTrace Information: 0 : 17912, 1, 2024/01/13, 04:04:20.637, 202135843545, vstest.console.dll, AssemblyResolver.AddSearchDirectories: Adding more searchDirectories C:\Program Files\dotnet\sdk\7.0.402\Extensions,C:\Program Files\dotnet\sdk\7.0.402
TpTrace Information: 0 : 17912, 1, 2024/01/13, 04:04:20.637, 202135846652, vstest.console.dll, AssemblyResolver.AddSearchDirectories: Adding more searchDirectories C:\Program Files\dotnet\sdk\7.0.402\Extensions,C:\Program Files\dotnet\sdk\7.0.402
TpTrace Information: 0 : 17912, 1, 2024/01/13, 04:04:20.637, 202135849284, vstest.console.dll, AssemblyResolver.AddSearchDirectories: Adding more searchDirectories C:\Program Files\dotnet\sdk\7.0.402\Extensions,C:\Program Files\dotnet\sdk\7.0.402
TpTrace Information: 0 : 17912, 1, 2024/01/13, 04:04:20.638, 202135852324, vstest.console.dll, AssemblyResolver.AddSearchDirectories: Adding more searchDirectories C:\Program Files\dotnet\sdk\7.0.402\Extensions,C:\Program Files\dotnet\sdk\7.0.402
TpTrace Verbose: 0 : 17912, 1, 2024/01/13, 04:04:20.638, 202135857153, vstest.console.dll, MetadataReaderExtensionsHelper: Discovering extensions inside assembly 'Microsoft.Diagnostics.NETCore.Client, Version=0.2.8.21101, Culture=neutral, PublicKeyToken=31bf3856ad364e35' file path 'C:\Program Files\dotnet\sdk\7.0.402\Extensions\Microsoft.Diagnostics.NETCore.Client.dll'
TpTrace Information: 0 : 17912, 1, 2024/01/13, 04:04:20.639, 202135870769, vstest.console.dll, AssemblyResolver.OnResolve: Microsoft.Bcl.AsyncInterfaces: Resolving assembly.
TpTrace Information: 0 : 17912, 1, 2024/01/13, 04:04:20.640, 202135874512, vstest.console.dll, AssemblyResolver.OnResolve: Microsoft.Bcl.AsyncInterfaces: Resolved from cache.
TpTrace Verbose: 0 : 17912, 1, 2024/01/13, 04:04:20.640, 202135876267, vstest.console.dll, CurrentDomainAssemblyResolve: Resolving assembly 'Microsoft.Bcl.AsyncInterfaces'.
TpTrace Information: 0 : 17912, 1, 2024/01/13, 04:04:20.640, 202135880028, vstest.console.dll, AssemblyResolver.OnResolve: Microsoft.Bcl.AsyncInterfaces: Resolving assembly.
TpTrace Information: 0 : 17912, 1, 2024/01/13, 04:04:20.641, 202135882298, vstest.console.dll, AssemblyResolver.OnResolve: Microsoft.Bcl.AsyncInterfaces: Resolved from cache.
TpTrace Verbose: 0 : 17912, 1, 2024/01/13, 04:04:20.641, 202135884117, vstest.console.dll, CurrentDomainAssemblyResolve: Resolving assembly 'Microsoft.Bcl.AsyncInterfaces'.
TpTrace Verbose: 0 : 17912, 1, 2024/01/13, 04:04:20.641, 202135887467, vstest.console.dll, CurrentDomainAssemblyResolve: Failed to resolve assembly 'Microsoft.Bcl.AsyncInterfaces'.
TpTrace Verbose: 0 : 17912, 1, 2024/01/13, 04:04:20.642, 202135895484, vstest.console.dll, CurrentDomainAssemblyResolve: Failed to resolve assembly 'Microsoft.Bcl.AsyncInterfaces'.
TpTrace Warning: 0 : 17912, 1, 2024/01/13, 04:04:20.643, 202135911214, vstest.console.dll, TestPluginDiscoverer: Failed to get types from assembly 'Microsoft.Diagnostics.NETCore.Client, Version=0.2.8.21101, Culture=neutral, PublicKeyToken=31bf3856ad364e35'. Error: System.Reflection.ReflectionTypeLoadException: Unable to load one or more of the requested types.
Could not load file or assembly 'Microsoft.Bcl.AsyncInterfaces, Version=1.0.0.0, Culture=neutral, PublicKeyToken=cc7b13ffcd2ddd51'. The system cannot find the file specified.
   at System.Reflection.RuntimeModule.GetTypes(RuntimeModule module)
   at System.Reflection.Assembly.GetTypes()
   at Microsoft.VisualStudio.TestPlatform.Common.ExtensionFramework.TestPluginDiscoverer.GetTestExtensionsFromAssembly[TPluginInfo,TExtension](Assembly assembly, Dictionary`2 pluginInfos, String filePath) in /_/src/Microsoft.TestPlatform.Common/ExtensionFramework/TestPluginDiscoverer.cs:line 158
System.IO.FileNotFoundException: Could not load file or assembly 'Microsoft.Bcl.AsyncInterfaces, Version=1.0.0.0, Culture=neutral, PublicKeyToken=cc7b13ffcd2ddd51'. The system cannot find the file specified.
File name: 'Microsoft.Bcl.AsyncInterfaces, Version=1.0.0.0, Culture=neutral, PublicKeyToken=cc7b13ffcd2ddd51'
 ---> System.IO.FileNotFoundException: Could not load file or assembly 'Microsoft.Bcl.AsyncInterfaces, Culture=neutral, PublicKeyToken=null'. The system cannot find the file specified.
File name: 'Microsoft.Bcl.AsyncInterfaces, Culture=neutral, PublicKeyToken=null'
   at System.Reflection.RuntimeAssembly.InternalLoad(AssemblyName assemblyName, StackCrawlMark& stackMark, AssemblyLoadContext assemblyLoadContext, RuntimeAssembly requestingAssembly, Boolean throwOnFileNotFound)
   at System.Reflection.Assembly.Load(AssemblyName assemblyRef)
   at Microsoft.VisualStudio.TestPlatform.Common.ExtensionFramework.TestPluginCache.CurrentDomainAssemblyResolve(Object sender, AssemblyResolveEventArgs args) in /_/src/Microsoft.TestPlatform.Common/ExtensionFramework/TestPluginCache.cs:line 513
   at System.Runtime.Loader.AssemblyLoadContext.GetFirstResolvedAssemblyFromResolvingEvent(AssemblyName assemblyName)
   at System.Runtime.Loader.AssemblyLoadContext.ResolveUsingEvent(AssemblyName assemblyName)
   at System.Runtime.Loader.AssemblyLoadContext.ResolveUsingResolvingEvent(IntPtr gchManagedAssemblyLoadContext, AssemblyName assemblyName)
TpTrace Warning: 0 : 17912, 1, 2024/01/13, 04:04:20.644, 202135917917, vstest.console.dll, LoaderExceptions: System.IO.FileNotFoundException: Could not load file or assembly 'Microsoft.Bcl.AsyncInterfaces, Version=1.0.0.0, Culture=neutral, PublicKeyToken=cc7b13ffcd2ddd51'. The system cannot find the file specified.
File name: 'Microsoft.Bcl.AsyncInterfaces, Version=1.0.0.0, Culture=neutral, PublicKeyToken=cc7b13ffcd2ddd51'
 ---> System.IO.FileNotFoundException: Could not load file or assembly 'Microsoft.Bcl.AsyncInterfaces, Culture=neutral, PublicKeyToken=null'. The system cannot find the file specified.
File name: 'Microsoft.Bcl.AsyncInterfaces, Culture=neutral, PublicKeyToken=null'
   at System.Reflection.RuntimeAssembly.InternalLoad(AssemblyName assemblyName, StackCrawlMark& stackMark, AssemblyLoadContext assemblyLoadContext, RuntimeAssembly requestingAssembly, Boolean throwOnFileNotFound)
   at System.Reflection.Assembly.Load(AssemblyName assemblyRef)
   at Microsoft.VisualStudio.TestPlatform.Common.ExtensionFramework.TestPluginCache.CurrentDomainAssemblyResolve(Object sender, AssemblyResolveEventArgs args) in /_/src/Microsoft.TestPlatform.Common/ExtensionFramework/TestPluginCache.cs:line 513
   at System.Runtime.Loader.AssemblyLoadContext.GetFirstResolvedAssemblyFromResolvingEvent(AssemblyName assemblyName)
   at System.Runtime.Loader.AssemblyLoadContext.ResolveUsingEvent(AssemblyName assemblyName)
   at System.Runtime.Loader.AssemblyLoadContext.ResolveUsingResolvingEvent(IntPtr gchManagedAssemblyLoadContext, AssemblyName assemblyName)
TpTrace Verbose: 0 : 17912, 1, 2024/01/13, 04:04:20.645, 202135922693, vstest.console.dll, MetadataReaderExtensionsHelper: Discovering extensions inside assembly 'Microsoft.TestPlatform.Extensions.BlameDataCollector, Version=15.0.0.0, Culture=neutral, PublicKeyToken=b03f5f7f11d50a3a' file path 'C:\Program Files\dotnet\sdk\7.0.402\Extensions\Microsoft.TestPlatform.Extensions.BlameDataCollector.dll'
TpTrace Information: 0 : 17912, 1, 2024/01/13, 04:04:20.646, 202135934034, vstest.console.dll, GetTestExtensionFromType: Register extension with identifier data 'logger://Microsoft/TestPlatform/Extensions/Blame/v1' and type 'Microsoft.TestPlatform.Extensions.BlameDataCollector.BlameLogger, Microsoft.TestPlatform.Extensions.BlameDataCollector, Version=15.0.0.0, Culture=neutral, PublicKeyToken=b03f5f7f11d50a3a' inside file 'C:\Program Files\dotnet\sdk\7.0.402\Extensions\Microsoft.TestPlatform.Extensions.BlameDataCollector.dll'
TpTrace Verbose: 0 : 17912, 1, 2024/01/13, 04:04:20.646, 202135937033, vstest.console.dll, MetadataReaderExtensionsHelper: Discovering extensions inside assembly 'Microsoft.TestPlatform.Extensions.EventLogCollector, Version=15.0.0.0, Culture=neutral, PublicKeyToken=b03f5f7f11d50a3a' file path 'C:\Program Files\dotnet\sdk\7.0.402\Extensions\Microsoft.TestPlatform.Extensions.EventLogCollector.dll'
TpTrace Verbose: 0 : 17912, 1, 2024/01/13, 04:04:20.648, 202135955992, vstest.console.dll, MetadataReaderExtensionsHelper: Discovering extensions inside assembly 'Microsoft.TestPlatform.TestHostRuntimeProvider, Version=15.0.0.0, Culture=neutral, PublicKeyToken=b03f5f7f11d50a3a' file path 'C:\Program Files\dotnet\sdk\7.0.402\Extensions\Microsoft.TestPlatform.TestHostRuntimeProvider.dll'
TpTrace Verbose: 0 : 17912, 1, 2024/01/13, 04:04:20.649, 202135964411, vstest.console.dll, MetadataReaderExtensionsHelper: Discovering extensions inside assembly 'Microsoft.VisualStudio.TestPlatform.Extensions.Html.TestLogger, Version=15.0.0.0, Culture=neutral, PublicKeyToken=b03f5f7f11d50a3a' file path 'C:\Program Files\dotnet\sdk\7.0.402\Extensions\Microsoft.VisualStudio.TestPlatform.Extensions.Html.TestLogger.dll'
TpTrace Information: 0 : 17912, 1, 2024/01/13, 04:04:20.651, 202135982501, vstest.console.dll, GetTestExtensionFromType: Register extension with identifier data 'logger://Microsoft/TestPlatform/HtmlLogger/v1' and type 'Microsoft.VisualStudio.TestPlatform.Extensions.HtmlLogger.HtmlLogger, Microsoft.VisualStudio.TestPlatform.Extensions.Html.TestLogger, Version=15.0.0.0, Culture=neutral, PublicKeyToken=b03f5f7f11d50a3a' inside file 'C:\Program Files\dotnet\sdk\7.0.402\Extensions\Microsoft.VisualStudio.TestPlatform.Extensions.Html.TestLogger.dll'
TpTrace Verbose: 0 : 17912, 1, 2024/01/13, 04:04:20.651, 202135988978, vstest.console.dll, MetadataReaderExtensionsHelper: Discovering extensions inside assembly 'Microsoft.VisualStudio.TestPlatform.Extensions.Trx.TestLogger, Version=15.0.0.0, Culture=neutral, PublicKeyToken=b03f5f7f11d50a3a' file path 'C:\Program Files\dotnet\sdk\7.0.402\Extensions\Microsoft.VisualStudio.TestPlatform.Extensions.Trx.TestLogger.dll'
TpTrace Information: 0 : 17912, 1, 2024/01/13, 04:04:20.652, 202136000795, vstest.console.dll, GetTestExtensionFromType: Register extension with identifier data 'logger://Microsoft/TestPlatform/TrxLogger/v1' and type 'Microsoft.VisualStudio.TestPlatform.Extensions.TrxLogger.TrxLogger, Microsoft.VisualStudio.TestPlatform.Extensions.Trx.TestLogger, Version=15.0.0.0, Culture=neutral, PublicKeyToken=b03f5f7f11d50a3a' inside file 'C:\Program Files\dotnet\sdk\7.0.402\Extensions\Microsoft.VisualStudio.TestPlatform.Extensions.Trx.TestLogger.dll'
TpTrace Verbose: 0 : 17912, 1, 2024/01/13, 04:04:20.653, 202136005734, vstest.console.dll, TestPluginCache: Discovered the extensions using extension path ''.
TpTrace Verbose: 0 : 17912, 1, 2024/01/13, 04:04:20.653, 202136007960, vstest.console.dll, TestPluginCache: Discoverers are ''.
TpTrace Verbose: 0 : 17912, 1, 2024/01/13, 04:04:20.653, 202136009545, vstest.console.dll, TestPluginCache: Executors are ''.
TpTrace Verbose: 0 : 17912, 1, 2024/01/13, 04:04:20.654, 202136012589, vstest.console.dll, TestPluginCache: Executors2 are ''.
TpTrace Verbose: 0 : 17912, 1, 2024/01/13, 04:04:20.654, 202136015030, vstest.console.dll, TestPluginCache: Setting providers are ''.
TpTrace Verbose: 0 : 17912, 1, 2024/01/13, 04:04:20.654, 202136019706, vstest.console.dll, TestPluginCache: Loggers are 'logger://Microsoft/TestPlatform/Extensions/Blame/v1,logger://Microsoft/TestPlatform/HtmlLogger/v1,logger://Microsoft/TestPlatform/TrxLogger/v1'.
TpTrace Verbose: 0 : 17912, 1, 2024/01/13, 04:04:20.655, 202136022593, vstest.console.dll, TestPluginCache: TestHosts are 'HostProvider://DefaultTestHost,HostProvider://DotnetTestHost'.
TpTrace Verbose: 0 : 17912, 1, 2024/01/13, 04:04:20.655, 202136025896, vstest.console.dll, TestPluginCache: DataCollectors are ''.
TpTrace Information: 0 : 17912, 1, 2024/01/13, 04:04:20.659, 202136062366, vstest.console.dll, TestPluginManager.CreateTestExtension: Attempting to load test extension: Microsoft.TestPlatform.Extensions.BlameDataCollector.BlameLogger
TpTrace Verbose: 0 : 17912, 1, 2024/01/13, 04:04:20.684, 202136321110, vstest.console.dll, TestEngine: Initializing Parallel Execution as MaxCpuCount is set to: 1
TpTrace Information: 0 : 17912, 1, 2024/01/13, 04:04:20.689, 202136371072, vstest.console.dll, TestPluginManager.CreateTestExtension: Attempting to load test extension: Microsoft.VisualStudio.TestPlatform.CrossPlatEngine.Hosting.DefaultTestHostManager
TpTrace Information: 0 : 17912, 1, 2024/01/13, 04:04:20.692, 202136394869, vstest.console.dll, TestPluginManager.CreateTestExtension: Attempting to load test extension: Microsoft.VisualStudio.TestPlatform.CrossPlatEngine.Hosting.DotnetTestHostManager
TpTrace Information: 0 : 17912, 1, 2024/01/13, 04:04:20.694, 202136416657, vstest.console.dll, InferRunSettingsHelper.IsTestSettingsEnabled: Unable to navigate to RunSettings/MSTest. Current node: RunSettings
TpTrace Verbose: 0 : 17912, 1, 2024/01/13, 04:04:20.696, 202136434495, vstest.console.dll, ParallelOperationManager.ClearSlots: Clearing all slots. Slots should accept more work: True
TpTrace Verbose: 0 : 17912, 1, 2024/01/13, 04:04:20.699, 202136464577, vstest.console.dll, ParallelOperationManager.SetOccupiedSlotCount: Setting slot counts AvailableSlotCount = 1, OccupiedSlotCount = 0.
TpTrace Verbose: 0 : 17912, 1, 2024/01/13, 04:04:20.700, 202136474746, vstest.console.dll, Occupied slots:

TpTrace Verbose: 0 : 17912, 1, 2024/01/13, 04:04:20.709, 202136561717, vstest.console.dll, TestEngine.GetExecutionManager: Chosen execution manager 'Microsoft.VisualStudio.TestPlatform.CrossPlatEngine.Client.Parallel.ParallelProxyExecutionManager, Microsoft.TestPlatform.CrossPlatEngine, Version=15.0.0.0, Culture=neutral, PublicKeyToken=b03f5f7f11d50a3a' ParallelLevel '1'.
TpTrace Verbose: 0 : 17912, 1, 2024/01/13, 04:04:20.709, 202136566532, vstest.console.dll, TestRunRequest.ExecuteAsync: Creating test run request.
TpTrace Verbose: 0 : 17912, 1, 2024/01/13, 04:04:20.710, 202136575631, vstest.console.dll, TestRunRequest.ExecuteAsync: Starting.
TpTrace Information: 0 : 17912, 1, 2024/01/13, 04:04:20.711, 202136587466, vstest.console.dll, TestRunRequest.ExecuteAsync: Starting run with settings:TestRunCriteria:
   KeepAlive=False,FrequencyOfRunStatsChangeEvent=10,RunStatsChangeEventTimeout=00:00:01.5000000,TestCaseFilter=,TestExecutorLauncher=
   Settingsxml=<RunSettings>
  <RunConfiguration>
    <ResultsDirectory>C:\Users\Amina\Source\Repos\VVSTestOlx\VVSTestOlx\bin\Debug\net6.0\fine-code-coverage\coverage-tool-output</ResultsDirectory>
    <TargetPlatform>X64</TargetPlatform>
    <TargetFrameworkVersion>.NETCoreApp,Version=v6.0</TargetFrameworkVersion>
    <DesignMode>False</DesignMode>
    <CollectSourceInformation>False</CollectSourceInformation>
  </RunConfiguration>
  <LoggerRunSettings>
    <Loggers>
      <Logger friendlyName="blame" enabled="True" />
      <Logger friendlyName="Console" uri="logger://microsoft/TestPlatform/ConsoleLogger/v1" assemblyQualifiedName="Microsoft.VisualStudio.TestPlatform.CommandLine.Internal.ConsoleLogger, vstest.console, Version=15.0.0.0, Culture=neutral, PublicKeyToken=b03f5f7f11d50a3a" codeBase="C:\Program Files\dotnet\sdk\7.0.402\vstest.console.dll" enabled="True" />
    </Loggers>
  </LoggerRunSettings>
  <DataCollectionRunSettings>
    <DataCollectors>
      <DataCollector friendlyName="blame" enabled="True">
        <Configuration>
          <ResultsDirectory>C:\Users\Amina\Source\Repos\VVSTestOlx\VVSTestOlx\bin\Debug\net6.0\fine-code-coverage\coverage-tool-output</ResultsDirectory>
        </Configuration>
      </DataCollector>
    </DataCollectors>
  </DataCollectionRunSettings>
</RunSettings>

TpTrace Verbose: 0 : 17912, 1, 2024/01/13, 04:04:20.711, 202136591282, vstest.console.dll, TestRunRequest.ExecuteAsync: Wait for the first run request is over.
TpTrace Verbose: 0 : 17912, 1, 2024/01/13, 04:04:20.713, 202136603250, vstest.console.dll, MulticastDelegateUtilities.SafeInvoke: TestRun.TestRunStart: Invoking callbacks was skipped because there are no subscribers.
TpTrace Verbose: 0 : 17912, 4, 2024/01/13, 04:04:20.713, 202136608376, vstest.console.dll, MulticastDelegateUtilities.SafeInvoke: InternalTestLoggerEvents.SendTestRunStart: Invoking callback 1/1 for Microsoft.VisualStudio.TestPlatform.CommandLine.Internal.ConsoleLogger., took 0 ms.
TpTrace Verbose: 0 : 17912, 1, 2024/01/13, 04:04:20.717, 202136644941, vstest.console.dll, ParallelProxyExecutionManager: Start execution. Total sources: 1
TpTrace Verbose: 0 : 17912, 1, 2024/01/13, 04:04:20.718, 202136656068, vstest.console.dll, ParallelOperationManager.StartWork: Starting adding 1 workloads.
TpTrace Verbose: 0 : 17912, 1, 2024/01/13, 04:04:20.719, 202136661865, vstest.console.dll, ParallelOperationManager.ClearSlots: Clearing all slots. Slots should accept more work: True
TpTrace Verbose: 0 : 17912, 1, 2024/01/13, 04:04:20.719, 202136665556, vstest.console.dll, ParallelOperationManager.SetOccupiedSlotCount: Setting slot counts AvailableSlotCount = 1, OccupiedSlotCount = 0.
TpTrace Verbose: 0 : 17912, 1, 2024/01/13, 04:04:20.719, 202136668920, vstest.console.dll, Occupied slots:

TpTrace Verbose: 0 : 17912, 1, 2024/01/13, 04:04:20.724, 202136712981, vstest.console.dll, TestRequestSender is acting as server.
TpTrace Verbose: 0 : 17912, 1, 2024/01/13, 04:04:20.727, 202136748763, vstest.console.dll, ParallelOperationManager.RunWorkInParallel: Adding 1 workload to slot, remaining workloads 0.
TpTrace Verbose: 0 : 17912, 1, 2024/01/13, 04:04:20.728, 202136752050, vstest.console.dll, ParallelOperationManager.SetOccupiedSlotCount: Setting slot counts AvailableSlotCount = 0, OccupiedSlotCount = 1.
TpTrace Verbose: 0 : 17912, 1, 2024/01/13, 04:04:20.728, 202136756477, vstest.console.dll, Occupied slots:
0: C:\Users\Amina\Source\Repos\VVSTestOlx\VVSTestOlx\bin\Debug\net6.0\fine-code-coverage\build-output\VVSTestOlx.dll
TpTrace Verbose: 0 : 17912, 1, 2024/01/13, 04:04:20.732, 202136792183, vstest.console.dll, ParallelOperationManager.RunWorkInParallel: Started host in slot number 0 for work (source): C:\Users\Amina\Source\Repos\VVSTestOlx\VVSTestOlx\bin\Debug\net6.0\fine-code-coverage\build-output\VVSTestOlx.dll.
TpTrace Verbose: 0 : 17912, 1, 2024/01/13, 04:04:20.734, 202136815667, vstest.console.dll, ParallelOperationManager.RunWorkInParallel: We started 1 work items, which is the max parallel level. Won't start more work.
TpTrace Verbose: 0 : 17912, 5, 2024/01/13, 04:04:20.734, 202136816644, vstest.console.dll, ParallelProxyExecutionManager.StartTestRunOnConcurrentManager: Initializing uninitialized client. Started clients: 0
TpTrace Verbose: 0 : 17912, 1, 2024/01/13, 04:04:20.734, 202136818165, vstest.console.dll, ParallelOperationManager.RunWorkInParallel: We started 1 work items in here, returning True.
TpTrace Information: 0 : 17912, 1, 2024/01/13, 04:04:20.735, 202136821947, vstest.console.dll, TestRunRequest.ExecuteAsync: Started.
TpTrace Verbose: 0 : 17912, 1, 2024/01/13, 04:04:20.735, 202136824684, vstest.console.dll, TestRunRequest.WaitForCompletion: Waiting with timeout -1.
TpTrace Verbose: 0 : 17912, 5, 2024/01/13, 04:04:20.735, 202136821754, vstest.console.dll, DataCollectionRequestSender.InitializeCommunication : Initialize communication. 
TpTrace Information: 0 : 17912, 5, 2024/01/13, 04:04:20.750, 202136981135, vstest.console.dll, Listening on Endpoint : 127.0.0.1:63880
TpTrace Verbose: 0 : 17912, 5, 2024/01/13, 04:04:20.770, 202137171604, vstest.console.dll, DotnetDataCollectionLauncher: Adding  --runtimeconfig "C:\Program Files\dotnet\sdk\7.0.402\datacollector.runtimeconfig.json" in args
TpTrace Verbose: 0 : 17912, 5, 2024/01/13, 04:04:20.770, 202137177616, vstest.console.dll, DotnetDataCollectionLauncher: Adding  --depsfile "C:\Program Files\dotnet\sdk\7.0.402\datacollector.deps.json" in args
TpTrace Verbose: 0 : 17912, 5, 2024/01/13, 04:04:20.771, 202137184922, vstest.console.dll, DotnetDataCollectionLauncher: Full path of dotnet.exe is C:\Program Files\dotnet\dotnet.exe
TpTrace Information: 0 : 17912, 5, 2024/01/13, 04:04:20.781, 202137281786, vstest.console.dll, ProxyDataCollectionManager.Initialize: Launched datacollector processId: 8776 port: 63880
TpTrace Information: 0 : 17912, 5, 2024/01/13, 04:04:20.782, 202137291514, vstest.console.dll, ProxyDataCollectionManager.Initialize: waiting for connection with timeout: 90 seconds
TpTrace Verbose: 0 : 17912, 5, 2024/01/13, 04:04:20.782, 202137295318, vstest.console.dll, DataCollectionRequestSender.WaitForRequestHandlerConnection : Waiting for connection with timeout: 90000
TpTrace Verbose: 0 : 17912, 5, 2024/01/13, 04:04:21.116, 202140631870, vstest.console.dll, SocketCommunicationManager.WaitForClientConnection took: 333 ms, with 90000 ms timeout, and finished with True.
TpTrace Information: 0 : 17912, 7, 2024/01/13, 04:04:21.116, 202140631838, vstest.console.dll, Using the buffer size of 16384 bytes
TpTrace Verbose: 0 : 17912, 5, 2024/01/13, 04:04:21.116, 202140635384, vstest.console.dll, ProxyDataCollectionManager.InvokeDataCollectionServiceAction: Starting.
TpTrace Information: 0 : 17912, 7, 2024/01/13, 04:04:21.116, 202140636793, vstest.console.dll, Accepted Client request and set the flag
TpTrace Information: 0 : 17912, 5, 2024/01/13, 04:04:21.116, 202140639230, vstest.console.dll, ProxyDataCollectionManager.BeforeTestRunStart: Get environment variable and port for datacollector processId: 8776 port: 63880
TpTrace Verbose: 0 : 17912, 5, 2024/01/13, 04:04:21.117, 202140643133, vstest.console.dll, DataCollectionRequestSender.SendBeforeTestRunStartAndGetResult: Send BeforeTestRunStart message with settingsXml <RunSettings><RunConfiguration><ResultsDirectory>C:\Users\Amina\Source\Repos\VVSTestOlx\VVSTestOlx\bin\Debug\net6.0\fine-code-coverage\coverage-tool-output</ResultsDirectory><TargetPlatform>X64</TargetPlatform><TargetFrameworkVersion>.NETCoreApp,Version=v6.0</TargetFrameworkVersion><DesignMode>False</DesignMode><CollectSourceInformation>False</CollectSourceInformation><TestAdaptersPaths>C:\Program Files\dotnet\sdk\7.0.402\Extensions</TestAdaptersPaths></RunConfiguration><LoggerRunSettings><Loggers><Logger friendlyName="blame" enabled="True" /><Logger friendlyName="Console" uri="logger://microsoft/TestPlatform/ConsoleLogger/v1" assemblyQualifiedName="Microsoft.VisualStudio.TestPlatform.CommandLine.Internal.ConsoleLogger, vstest.console, Version=15.0.0.0, Culture=neutral, PublicKeyToken=b03f5f7f11d50a3a" codeBase="C:\Program Files\dotnet\sdk\7.0.402\vstest.console.dll" enabled="True" /></Loggers></LoggerRunSettings><DataCollectionRunSettings><DataCollectors><DataCollector friendlyName="blame" enabled="True"><Configuration><ResultsDirectory>C:\Users\Amina\Source\Repos\VVSTestOlx\VVSTestOlx\bin\Debug\net6.0\fine-code-coverage\coverage-tool-output</ResultsDirectory></Configuration></DataCollector></DataCollectors></DataCollectionRunSettings></RunSettings> and sources System.Collections.Generic.List`1[System.String]: 
TpTrace Verbose: 0 : 17912, 5, 2024/01/13, 04:04:21.342, 202142893283, vstest.console.dll, DataCollectionRequestSender.SendBeforeTestRunStartAndGetResult: Received message: (DataCollection.SendMessage) -> {"MessageType":"DataCollection.SendMessage","Payload":{"FriendlyName":null,"Uri":null,"TestCaseId":"00000000-0000-0000-0000-000000000000","Message":"Logging DataCollector Diagnostics in file: C:\\Users\\Amina\\Source\\Repos\\VVSTestOlx\\VVSTestOlx\\bin\\Debug\\net6.0\\fine-code-coverage\\coverage-tool-output\\diagnostics.datacollector.24-01-13_04-04-20_76950_5.log","Level":0}}
TpTrace Verbose: 0 : 17912, 5, 2024/01/13, 04:04:21.584, 202145313779, vstest.console.dll, DataCollectionRequestSender.SendBeforeTestRunStartAndGetResult: Received message: (DataCollection.BeforeTestRunStartResult) -> {"MessageType":"DataCollection.BeforeTestRunStartResult","Payload":{"EnvironmentVariables":{},"DataCollectionEventsPort":63882}}
TpTrace Information: 0 : 17912, 5, 2024/01/13, 04:04:21.595, 202145426679, vstest.console.dll, ProxyDataCollectionManager.BeforeTestRunStart: SendBeforeTestRunStartAndGetResult successful, env variable from datacollector:   and testhost port: 63882
TpTrace Information: 0 : 17912, 5, 2024/01/13, 04:04:21.595, 202145429882, vstest.console.dll, ProxyDataCollectionManager.InvokeDataCollectionServiceAction: Completed.
TpTrace Verbose: 0 : 17912, 5, 2024/01/13, 04:04:21.596, 202145432224, vstest.console.dll, ParallelProxyExecutionManager.StartTestRunOnConcurrentManager: Initializing test run. Started clients: 0
TpTrace Verbose: 0 : 17912, 5, 2024/01/13, 04:04:21.596, 202145435330, vstest.console.dll, ProxyExecutionManager: Test host is always Lazy initialize.
TpTrace Verbose: 0 : 17912, 5, 2024/01/13, 04:04:21.597, 202145444574, vstest.console.dll, TestRequestSender.InitializeCommunication: initialize communication. 
TpTrace Information: 0 : 17912, 5, 2024/01/13, 04:04:21.599, 202145462707, vstest.console.dll, SocketServer.Start: Listening on endpoint : 127.0.0.1:63883
TpTrace Verbose: 0 : 17912, 5, 2024/01/13, 04:04:21.601, 202145483770, vstest.console.dll, DotnetTestHostmanager.GetTestHostProcessStartInfo: Platform environment 'X64' target architecture 'X64' framework '.NETCoreApp,Version=v6.0' OS 'Windows'
TpTrace Verbose: 0 : 17912, 5, 2024/01/13, 04:04:21.601, 202145490075, vstest.console.dll, DotnetTestHostmanager: Adding  --runtimeconfig "C:\Users\Amina\Source\Repos\VVSTestOlx\VVSTestOlx\bin\Debug\net6.0\fine-code-coverage\build-output\VVSTestOlx.runtimeconfig.json" in args
TpTrace Verbose: 0 : 17912, 5, 2024/01/13, 04:04:21.602, 202145494277, vstest.console.dll, DotnetTestHostmanager: Adding  --depsfile "C:\Users\Amina\Source\Repos\VVSTestOlx\VVSTestOlx\bin\Debug\net6.0\fine-code-coverage\build-output\VVSTestOlx.deps.json" in args
TpTrace Verbose: 0 : 17912, 5, 2024/01/13, 04:04:21.602, 202145499903, vstest.console.dll, DotnetTestHostmanager.IsWinOnArm: Current PROCESSOR_ARCHITECTURE from environment variable 'AMD64'
TpTrace Verbose: 0 : 17912, 5, 2024/01/13, 04:04:21.603, 202145503024, vstest.console.dll, DotnetTestHostmanager.IsWinOnArm: Is Windows on ARM 'False'
TpTrace Verbose: 0 : 17912, 5, 2024/01/13, 04:04:21.603, 202145506516, vstest.console.dll, DotnetTestHostManager: testhost.exe found at path: C:\Users\Amina\Source\Repos\VVSTestOlx\VVSTestOlx\bin\Debug\net6.0\fine-code-coverage\build-output\testhost.exe
TpTrace Verbose: 0 : 17912, 5, 2024/01/13, 04:04:21.603, 202145509080, vstest.console.dll, DotnetTestHostmanager: Full path of host exe is C:\Users\Amina\Source\Repos\VVSTestOlx\VVSTestOlx\bin\Debug\net6.0\fine-code-coverage\build-output\testhost.exe
TpTrace Verbose: 0 : 17912, 5, 2024/01/13, 04:04:21.604, 202145513640, vstest.console.dll, DotnetTestHostmanager.LaunchTestHostAsync: Found 'VSTEST_WINAPPHOST_DOTNET_ROOT' in env variables, value 'C:\Program Files\dotnet', forwarding to 'DOTNET_ROOT'
TpTrace Verbose: 0 : 17912, 5, 2024/01/13, 04:04:21.604, 202145519049, vstest.console.dll, DotnetTestHostManager: Starting process 'C:\Users\Amina\Source\Repos\VVSTestOlx\VVSTestOlx\bin\Debug\net6.0\fine-code-coverage\build-output\testhost.exe' with command line ' --runtimeconfig "C:\Users\Amina\Source\Repos\VVSTestOlx\VVSTestOlx\bin\Debug\net6.0\fine-code-coverage\build-output\VVSTestOlx.runtimeconfig.json" --depsfile "C:\Users\Amina\Source\Repos\VVSTestOlx\VVSTestOlx\bin\Debug\net6.0\fine-code-coverage\build-output\VVSTestOlx.deps.json" --port 63883 --endpoint 127.0.0.1:063883 --role client --parentprocessid 17912 --diag "C:\Users\Amina\Source\Repos\VVSTestOlx\VVSTestOlx\bin\Debug\net6.0\fine-code-coverage\coverage-tool-output\diagnostics.host.24-01-13_04-04-21_60021_5.log" --tracelevel 4 --datacollectionport 63882 --telemetryoptedin false'
TpTrace Verbose: 0 : 17912, 5, 2024/01/13, 04:04:21.612, 202145594744, vstest.console.dll, MulticastDelegateUtilities.SafeInvoke: HostProviderEvents.OnHostLaunched: Invoking callback 1/2 for Microsoft.VisualStudio.TestPlatform.CrossPlatEngine.Client.ProxyExecutionManagerWithDataCollection., took 2 ms.
TpTrace Verbose: 0 : 17912, 5, 2024/01/13, 04:04:21.612, 202145600339, vstest.console.dll, Test Runtime launched
TpTrace Verbose: 0 : 17912, 5, 2024/01/13, 04:04:21.613, 202145602855, vstest.console.dll, MulticastDelegateUtilities.SafeInvoke: HostProviderEvents.OnHostLaunched: Invoking callback 2/2 for Microsoft.VisualStudio.TestPlatform.CrossPlatEngine.Client.ProxyOperationManager., took 0 ms.
TpTrace Verbose: 0 : 17912, 5, 2024/01/13, 04:04:21.613, 202145608384, vstest.console.dll, TestRequestSender.WaitForRequestHandlerConnection: waiting for connection with timeout: 90000.
TpTrace Verbose: 0 : 17912, 5, 2024/01/13, 04:04:22.006, 202149533076, vstest.console.dll, TestRequestSender.WaitForRequestHandlerConnection: waiting took 392 ms, with timeout 90000 ms, and result 0, which is success.
TpTrace Verbose: 0 : 17912, 7, 2024/01/13, 04:04:22.006, 202149533551, vstest.console.dll, MulticastDelegateUtilities.SafeInvoke: SocketServer: ClientConnected: Invoking callback 1/1 for Microsoft.VisualStudio.TestPlatform.CommunicationUtilities.TestRequestSender., took 0 ms.
TpTrace Verbose: 0 : 17912, 7, 2024/01/13, 04:04:22.006, 202149537775, vstest.console.dll, SocketServer.OnClientConnected: Client connected for endPoint: 127.0.0.1:63883, starting MessageLoopAsync:
TpTrace Verbose: 0 : 17912, 7, 2024/01/13, 04:04:22.007, 202149542949, vstest.console.dll, TcpClientExtensions.MessageLoopAsync: Polling on remoteEndPoint: 127.0.0.1:63884 localEndPoint: 127.0.0.1:63883
TpTrace Verbose: 0 : 17912, 5, 2024/01/13, 04:04:22.008, 202149553891, vstest.console.dll, TestRequestSender.CheckVersionWithTestHost: Sending check version message: {"MessageType":"ProtocolVersion","Payload":7}
TpTrace Verbose: 0 : 17912, 7, 2024/01/13, 04:04:22.365, 202153127006, vstest.console.dll, TcpClientExtensions.MessageLoopAsync: NotifyDataAvailable remoteEndPoint: 127.0.0.1:63884 localEndPoint: 127.0.0.1:63883
TpTrace Verbose: 0 : 17912, 7, 2024/01/13, 04:04:22.366, 202153131641, vstest.console.dll, TestRequestSender.CheckVersionWithTestHost: onMessageReceived received message: (ProtocolVersion) -> {"MessageType":"ProtocolVersion","Payload":7}
TpTrace Verbose: 0 : 17912, 7, 2024/01/13, 04:04:22.367, 202153144182, vstest.console.dll, MulticastDelegateUtilities.SafeInvoke: LengthPrefixCommunicationChannel: MessageReceived: Invoking callback 1/1 for Microsoft.VisualStudio.TestPlatform.CommunicationUtilities.TestRequestSender+<>c__DisplayClass29_0., took 1 ms.
TpTrace Verbose: 0 : 17912, 5, 2024/01/13, 04:04:22.367, 202153145254, vstest.console.dll, TestPluginCache.GetExtensionPaths: Filtered extension paths: 
TpTrace Verbose: 0 : 17912, 7, 2024/01/13, 04:04:22.367, 202153147228, vstest.console.dll, TcpClientExtensions.MessageLoopAsync: Polling on remoteEndPoint: 127.0.0.1:63884 localEndPoint: 127.0.0.1:63883
TpTrace Verbose: 0 : 17912, 5, 2024/01/13, 04:04:22.367, 202153148547, vstest.console.dll, TestPluginCache.GetExtensionPaths: Added default extension paths: C:\Program Files\dotnet\sdk\7.0.402\Extensions\Microsoft.Diagnostics.NETCore.Client.dll
C:\Program Files\dotnet\sdk\7.0.402\Extensions\Microsoft.TestPlatform.Extensions.BlameDataCollector.dll
C:\Program Files\dotnet\sdk\7.0.402\Extensions\Microsoft.TestPlatform.Extensions.EventLogCollector.dll
C:\Program Files\dotnet\sdk\7.0.402\Extensions\Microsoft.TestPlatform.TestHostRuntimeProvider.dll
C:\Program Files\dotnet\sdk\7.0.402\Extensions\Microsoft.VisualStudio.TestPlatform.Extensions.Html.TestLogger.dll
C:\Program Files\dotnet\sdk\7.0.402\Extensions\Microsoft.VisualStudio.TestPlatform.Extensions.Trx.TestLogger.dll
TpTrace Verbose: 0 : 17912, 5, 2024/01/13, 04:04:22.368, 202153152030, vstest.console.dll, TestPluginCache.GetExtensionPaths: Added unfilterableExtensionPaths: 
TpTrace Verbose: 0 : 17912, 5, 2024/01/13, 04:04:22.375, 202153228384, vstest.console.dll, TestRequestSender.InitializeExecution: Sending initialize execution with message: {"Version":7,"MessageType":"TestExecution.Initialize","Payload":["C:\\Users\\Amina\\Source\\Repos\\VVSTestOlx\\VVSTestOlx\\bin\\Debug\\net6.0\\fine-code-coverage\\build-output\\NUnit3.TestAdapter.dll"]}
TpTrace Verbose: 0 : 17912, 5, 2024/01/13, 04:04:22.376, 202153233620, vstest.console.dll, ParallelProxyExecutionManager.StartTestRunOnConcurrentManager: Execution starting. Started clients: 1
TpTrace Verbose: 0 : 17912, 5, 2024/01/13, 04:04:22.377, 202153241740, vstest.console.dll, TestRunRequest:SendTestRunMessage: Starting.
TpTrace Verbose: 0 : 17912, 5, 2024/01/13, 04:04:22.377, 202153246715, vstest.console.dll, MulticastDelegateUtilities.SafeInvoke: TestRun.LogMessages: Invoking callback 1/1 for Microsoft.VisualStudio.TestPlatform.CommandLine.TestRunResultAggregator., took 0 ms.
TpTrace Information: 0 : 17912, 5, 2024/01/13, 04:04:22.377, 202153248958, vstest.console.dll, TestRunRequest:SendTestRunMessage: Completed.
TpTrace Verbose: 0 : 17912, 4, 2024/01/13, 04:04:22.378, 202153251704, vstest.console.dll, MulticastDelegateUtilities.SafeInvoke: InternalTestLoggerEvents.SendTestRunMessage: Invoking callback 1/1 for Microsoft.VisualStudio.TestPlatform.CommandLine.Internal.ConsoleLogger., took 0 ms.
TpTrace Warning: 0 : 17912, 5, 2024/01/13, 04:04:22.378, 202153258268, vstest.console.dll, InferRunSettingsHelper.MakeRunsettingsCompatible: Removing the following settings: TargetPlatform from RunSettings file. To use those settings please move to latest version of Microsoft.NET.Test.Sdk
TpTrace Verbose: 0 : 17912, 7, 2024/01/13, 04:04:22.385, 202153323238, vstest.console.dll, TcpClientExtensions.MessageLoopAsync: NotifyDataAvailable remoteEndPoint: 127.0.0.1:63884 localEndPoint: 127.0.0.1:63883
TpTrace Verbose: 0 : 17912, 7, 2024/01/13, 04:04:22.386, 202153335561, vstest.console.dll, TestRequestSender.OnExecutionMessageReceived: Received message: {"Version":7,"MessageType":"TestSession.Message","Payload":{"MessageLevel":0,"Message":"Logging TestHost Diagnostics in file: C:\\Users\\Amina\\Source\\Repos\\VVSTestOlx\\VVSTestOlx\\bin\\Debug\\net6.0\\fine-code-coverage\\coverage-tool-output\\diagnostics.host.24-01-13_04-04-21_60021_5.log"}}
TpTrace Verbose: 0 : 17912, 7, 2024/01/13, 04:04:22.390, 202153379559, vstest.console.dll, TestRunRequest:SendTestRunMessage: Starting.
TpTrace Verbose: 0 : 17912, 7, 2024/01/13, 04:04:22.391, 202153382989, vstest.console.dll, MulticastDelegateUtilities.SafeInvoke: TestRun.LogMessages: Invoking callback 1/1 for Microsoft.VisualStudio.TestPlatform.CommandLine.TestRunResultAggregator., took 0 ms.
TpTrace Verbose: 0 : 17912, 4, 2024/01/13, 04:04:22.391, 202153382989, vstest.console.dll, MulticastDelegateUtilities.SafeInvoke: InternalTestLoggerEvents.SendTestRunMessage: Invoking callback 1/1 for Microsoft.VisualStudio.TestPlatform.CommandLine.Internal.ConsoleLogger., took 0 ms.
TpTrace Information: 0 : 17912, 7, 2024/01/13, 04:04:22.391, 202153384923, vstest.console.dll, TestRunRequest:SendTestRunMessage: Completed.
TpTrace Verbose: 0 : 17912, 7, 2024/01/13, 04:04:22.391, 202153388257, vstest.console.dll, MulticastDelegateUtilities.SafeInvoke: LengthPrefixCommunicationChannel: MessageReceived: Invoking callback 1/1 for Microsoft.VisualStudio.TestPlatform.CommunicationUtilities.TestRequestSender+<>c__DisplayClass34_0., took 6 ms.
TpTrace Verbose: 0 : 17912, 7, 2024/01/13, 04:04:22.391, 202153390046, vstest.console.dll, TcpClientExtensions.MessageLoopAsync: Polling on remoteEndPoint: 127.0.0.1:63884 localEndPoint: 127.0.0.1:63883
TpTrace Verbose: 0 : 17912, 5, 2024/01/13, 04:04:22.398, 202153451594, vstest.console.dll, TestRequestSender.StartTestRun: Sending test run with message: {"Version":7,"MessageType":"TestExecution.StartWithSources","Payload":{"AdapterSourceMap":{"_none_":["C:\\Users\\Amina\\Source\\Repos\\VVSTestOlx\\VVSTestOlx\\bin\\Debug\\net6.0\\fine-code-coverage\\build-output\\VVSTestOlx.dll"]},"RunSettings":"<RunSettings>\r\n  <RunConfiguration>\r\n    <ResultsDirectory>C:\\Users\\Amina\\Source\\Repos\\VVSTestOlx\\VVSTestOlx\\bin\\Debug\\net6.0\\fine-code-coverage\\coverage-tool-output</ResultsDirectory>\r\n    <TargetFrameworkVersion>.NETCoreApp,Version=v6.0</TargetFrameworkVersion>\r\n    <DesignMode>False</DesignMode>\r\n    <CollectSourceInformation>False</CollectSourceInformation>\r\n  </RunConfiguration>\r\n  <LoggerRunSettings>\r\n    <Loggers>\r\n      <Logger friendlyName=\"blame\" enabled=\"True\" />\r\n      <Logger friendlyName=\"Console\" uri=\"logger://microsoft/TestPlatform/ConsoleLogger/v1\" assemblyQualifiedName=\"Microsoft.VisualStudio.TestPlatform.CommandLine.Internal.ConsoleLogger, vstest.console, Version=15.0.0.0, Culture=neutral, PublicKeyToken=b03f5f7f11d50a3a\" codeBase=\"C:\\Program Files\\dotnet\\sdk\\7.0.402\\vstest.console.dll\" enabled=\"True\" />\r\n    </Loggers>\r\n  </LoggerRunSettings>\r\n  <DataCollectionRunSettings>\r\n    <DataCollectors>\r\n      <DataCollector friendlyName=\"blame\" enabled=\"True\">\r\n        <Configuration>\r\n          <ResultsDirectory>C:\\Users\\Amina\\Source\\Repos\\VVSTestOlx\\VVSTestOlx\\bin\\Debug\\net6.0\\fine-code-coverage\\coverage-tool-output</ResultsDirectory>\r\n        </Configuration>\r\n      </DataCollector>\r\n    </DataCollectors>\r\n  </DataCollectionRunSettings>\r\n</RunSettings>","TestExecutionContext":{"FrequencyOfRunStatsChangeEvent":10,"RunStatsChangeEventTimeout":"00:00:01.5000000","InIsolation":false,"KeepAlive":false,"AreTestCaseLevelEventsRequired":false,"IsDebug":false,"TestCaseFilter":null,"FilterOptions":null},"Package":null}}
TpTrace Verbose: 0 : 17912, 5, 2024/01/13, 04:04:22.398, 202153456446, vstest.console.dll, ParallelProxyExecutionManager.StartTestRunOnConcurrentManager: Execution started. Started clients: 1
TpTrace Verbose: 0 : 17912, 7, 2024/01/13, 04:04:22.883, 202158306637, vstest.console.dll, TcpClientExtensions.MessageLoopAsync: NotifyDataAvailable remoteEndPoint: 127.0.0.1:63884 localEndPoint: 127.0.0.1:63883
TpTrace Verbose: 0 : 17912, 7, 2024/01/13, 04:04:22.883, 202158309884, vstest.console.dll, TestRequestSender.OnExecutionMessageReceived: Received message: {"Version":7,"MessageType":"TestSession.Message","Payload":{"MessageLevel":0,"Message":"NUnit Adapter 4.4.0.0: Test execution started"}}
TpTrace Verbose: 0 : 17912, 7, 2024/01/13, 04:04:22.884, 202158315240, vstest.console.dll, TestRunRequest:SendTestRunMessage: Starting.
TpTrace Verbose: 0 : 17912, 7, 2024/01/13, 04:04:22.884, 202158317847, vstest.console.dll, MulticastDelegateUtilities.SafeInvoke: TestRun.LogMessages: Invoking callback 1/1 for Microsoft.VisualStudio.TestPlatform.CommandLine.TestRunResultAggregator., took 0 ms.
TpTrace Information: 0 : 17912, 7, 2024/01/13, 04:04:22.884, 202158319503, vstest.console.dll, TestRunRequest:SendTestRunMessage: Completed.
TpTrace Verbose: 0 : 17912, 7, 2024/01/13, 04:04:22.884, 202158320981, vstest.console.dll, MulticastDelegateUtilities.SafeInvoke: LengthPrefixCommunicationChannel: MessageReceived: Invoking callback 1/1 for Microsoft.VisualStudio.TestPlatform.CommunicationUtilities.TestRequestSender+<>c__DisplayClass34_0., took 1 ms.
TpTrace Verbose: 0 : 17912, 4, 2024/01/13, 04:04:22.885, 202158321378, vstest.console.dll, MulticastDelegateUtilities.SafeInvoke: InternalTestLoggerEvents.SendTestRunMessage: Invoking callback 1/1 for Microsoft.VisualStudio.TestPlatform.CommandLine.Internal.ConsoleLogger., took 0 ms.
TpTrace Verbose: 0 : 17912, 7, 2024/01/13, 04:04:22.885, 202158322620, vstest.console.dll, TcpClientExtensions.MessageLoopAsync: Polling on remoteEndPoint: 127.0.0.1:63884 localEndPoint: 127.0.0.1:63883
TpTrace Verbose: 0 : 17912, 7, 2024/01/13, 04:04:22.961, 202159089006, vstest.console.dll, TcpClientExtensions.MessageLoopAsync: NotifyDataAvailable remoteEndPoint: 127.0.0.1:63884 localEndPoint: 127.0.0.1:63883
TpTrace Verbose: 0 : 17912, 7, 2024/01/13, 04:04:22.962, 202159091745, vstest.console.dll, TestRequestSender.OnExecutionMessageReceived: Received message: {"Version":7,"MessageType":"TestSession.Message","Payload":{"MessageLevel":0,"Message":"Running all tests in C:\\Users\\Amina\\Source\\Repos\\VVSTestOlx\\VVSTestOlx\\bin\\Debug\\net6.0\\fine-code-coverage\\build-output\\VVSTestOlx.dll"}}
TpTrace Verbose: 0 : 17912, 7, 2024/01/13, 04:04:22.962, 202159095093, vstest.console.dll, TestRunRequest:SendTestRunMessage: Starting.
TpTrace Verbose: 0 : 17912, 7, 2024/01/13, 04:04:22.962, 202159097222, vstest.console.dll, MulticastDelegateUtilities.SafeInvoke: TestRun.LogMessages: Invoking callback 1/1 for Microsoft.VisualStudio.TestPlatform.CommandLine.TestRunResultAggregator., took 0 ms.
TpTrace Verbose: 0 : 17912, 4, 2024/01/13, 04:04:22.962, 202159097384, vstest.console.dll, MulticastDelegateUtilities.SafeInvoke: InternalTestLoggerEvents.SendTestRunMessage: Invoking callback 1/1 for Microsoft.VisualStudio.TestPlatform.CommandLine.Internal.ConsoleLogger., took 0 ms.
TpTrace Information: 0 : 17912, 7, 2024/01/13, 04:04:22.962, 202159098908, vstest.console.dll, TestRunRequest:SendTestRunMessage: Completed.
TpTrace Verbose: 0 : 17912, 7, 2024/01/13, 04:04:22.963, 202159102540, vstest.console.dll, MulticastDelegateUtilities.SafeInvoke: LengthPrefixCommunicationChannel: MessageReceived: Invoking callback 1/1 for Microsoft.VisualStudio.TestPlatform.CommunicationUtilities.TestRequestSender+<>c__DisplayClass34_0., took 1 ms.
TpTrace Verbose: 0 : 17912, 7, 2024/01/13, 04:04:22.963, 202159105092, vstest.console.dll, TcpClientExtensions.MessageLoopAsync: Polling on remoteEndPoint: 127.0.0.1:63884 localEndPoint: 127.0.0.1:63883
TpTrace Verbose: 0 : 17912, 7, 2024/01/13, 04:04:23.334, 202162813749, vstest.console.dll, TcpClientExtensions.MessageLoopAsync: NotifyDataAvailable remoteEndPoint: 127.0.0.1:63884 localEndPoint: 127.0.0.1:63883
TpTrace Verbose: 0 : 17912, 7, 2024/01/13, 04:04:23.334, 202162817130, vstest.console.dll, TestRequestSender.OnExecutionMessageReceived: Received message: {"Version":7,"MessageType":"TestSession.Message","Payload":{"MessageLevel":0,"Message":"   NUnit3TestExecutor discovered 3 of 3 NUnit test cases using Current Discovery mode, Non-Explicit run"}}
TpTrace Verbose: 0 : 17912, 7, 2024/01/13, 04:04:23.334, 202162819799, vstest.console.dll, TestRunRequest:SendTestRunMessage: Starting.
TpTrace Verbose: 0 : 17912, 7, 2024/01/13, 04:04:23.335, 202162821848, vstest.console.dll, MulticastDelegateUtilities.SafeInvoke: TestRun.LogMessages: Invoking callback 1/1 for Microsoft.VisualStudio.TestPlatform.CommandLine.TestRunResultAggregator., took 0 ms.
TpTrace Verbose: 0 : 17912, 4, 2024/01/13, 04:04:23.335, 202162821984, vstest.console.dll, MulticastDelegateUtilities.SafeInvoke: InternalTestLoggerEvents.SendTestRunMessage: Invoking callback 1/1 for Microsoft.VisualStudio.TestPlatform.CommandLine.Internal.ConsoleLogger., took 0 ms.
TpTrace Information: 0 : 17912, 7, 2024/01/13, 04:04:23.335, 202162823572, vstest.console.dll, TestRunRequest:SendTestRunMessage: Completed.
TpTrace Verbose: 0 : 17912, 7, 2024/01/13, 04:04:23.335, 202162827293, vstest.console.dll, MulticastDelegateUtilities.SafeInvoke: LengthPrefixCommunicationChannel: MessageReceived: Invoking callback 1/1 for Microsoft.VisualStudio.TestPlatform.CommunicationUtilities.TestRequestSender+<>c__DisplayClass34_0., took 1 ms.
TpTrace Verbose: 0 : 17912, 7, 2024/01/13, 04:04:23.335, 202162828952, vstest.console.dll, TcpClientExtensions.MessageLoopAsync: Polling on remoteEndPoint: 127.0.0.1:63884 localEndPoint: 127.0.0.1:63883
TpTrace Verbose: 0 : 17912, 7, 2024/01/13, 04:04:24.211, 202171587650, vstest.console.dll, TcpClientExtensions.MessageLoopAsync: NotifyDataAvailable remoteEndPoint: 127.0.0.1:63884 localEndPoint: 127.0.0.1:63883
TpTrace Verbose: 0 : 17912, 7, 2024/01/13, 04:04:24.211, 202171591251, vstest.console.dll, TestRequestSender.OnExecutionMessageReceived: Received message: {"Version":7,"MessageType":"TestExecution.StatsChange","Payload":{"NewTestResults":[],"TestRunStatistics":{"ExecutedTests":0,"Stats":{}},"ActiveTests":[{"Id":"34c67dda-71d4-348a-c839-071777ba60b9","FullyQualifiedName":"VVSTestOlx.Core.Tests.AminaTests.PrijavaNaOlxProfil_UspjesnaPrijava","DisplayName":"PrijavaNaOlxProfil_UspjesnaPrijava","ExecutorUri":"executor://NUnit3TestExecutor","Source":"C:\\Users\\Amina\\Source\\Repos\\VVSTestOlx\\VVSTestOlx\\bin\\Debug\\net6.0\\fine-code-coverage\\build-output\\VVSTestOlx.dll","CodeFilePath":null,"LineNumber":0,"Properties":[{"Key":{"Id":"NUnit.Seed","Label":"Seed","Category":"","Description":"","Attributes":0,"ValueType":"System.String"},"Value":"1502041614"}]}]}}
TpTrace Verbose: 0 : 17912, 7, 2024/01/13, 04:04:24.253, 202172005101, vstest.console.dll, TestRunRequest:SendTestRunStatsChange: Starting.
TpTrace Verbose: 0 : 17912, 7, 2024/01/13, 04:04:24.253, 202172010116, vstest.console.dll, InProgress is PrijavaNaOlxProfil_UspjesnaPrijava
TpTrace Verbose: 0 : 17912, 7, 2024/01/13, 04:04:24.254, 202172013213, vstest.console.dll, MulticastDelegateUtilities.SafeInvoke: TestRun.RunStatsChanged: Invoking callbacks was skipped because there are no subscribers.
TpTrace Information: 0 : 17912, 7, 2024/01/13, 04:04:24.254, 202172015126, vstest.console.dll, TestRunRequest:SendTestRunStatsChange: Completed.
TpTrace Verbose: 0 : 17912, 7, 2024/01/13, 04:04:24.254, 202172016724, vstest.console.dll, MulticastDelegateUtilities.SafeInvoke: LengthPrefixCommunicationChannel: MessageReceived: Invoking callback 1/1 for Microsoft.VisualStudio.TestPlatform.CommunicationUtilities.TestRequestSender+<>c__DisplayClass34_0., took 42 ms.
TpTrace Verbose: 0 : 17912, 7, 2024/01/13, 04:04:24.254, 202172018186, vstest.console.dll, TcpClientExtensions.MessageLoopAsync: Polling on remoteEndPoint: 127.0.0.1:63884 localEndPoint: 127.0.0.1:63883
TpTrace Verbose: 0 : 17912, 7, 2024/01/13, 04:04:25.255, 202182025183, vstest.console.dll, TcpClientExtensions.MessageLoopAsync: Polling on remoteEndPoint: 127.0.0.1:63884 localEndPoint: 127.0.0.1:63883
TpTrace Verbose: 0 : 17912, 7, 2024/01/13, 04:04:26.256, 202192035845, vstest.console.dll, TcpClientExtensions.MessageLoopAsync: Polling on remoteEndPoint: 127.0.0.1:63884 localEndPoint: 127.0.0.1:63883
TpTrace Verbose: 0 : 17912, 7, 2024/01/13, 04:04:27.256, 202202039215, vstest.console.dll, TcpClientExtensions.MessageLoopAsync: Polling on remoteEndPoint: 127.0.0.1:63884 localEndPoint: 127.0.0.1:63883
TpTrace Verbose: 0 : 17912, 7, 2024/01/13, 04:04:28.257, 202212042975, vstest.console.dll, TcpClientExtensions.MessageLoopAsync: Polling on remoteEndPoint: 127.0.0.1:63884 localEndPoint: 127.0.0.1:63883
TpTrace Verbose: 0 : 17912, 7, 2024/01/13, 04:04:29.257, 202222049103, vstest.console.dll, TcpClientExtensions.MessageLoopAsync: Polling on remoteEndPoint: 127.0.0.1:63884 localEndPoint: 127.0.0.1:63883
TpTrace Verbose: 0 : 17912, 7, 2024/01/13, 04:04:30.257, 202232049141, vstest.console.dll, TcpClientExtensions.MessageLoopAsync: Polling on remoteEndPoint: 127.0.0.1:63884 localEndPoint: 127.0.0.1:63883
TpTrace Verbose: 0 : 17912, 7, 2024/01/13, 04:04:31.258, 202242052279, vstest.console.dll, TcpClientExtensions.MessageLoopAsync: Polling on remoteEndPoint: 127.0.0.1:63884 localEndPoint: 127.0.0.1:63883
TpTrace Verbose: 0 : 17912, 7, 2024/01/13, 04:04:32.258, 202252056349, vstest.console.dll, TcpClientExtensions.MessageLoopAsync: Polling on remoteEndPoint: 127.0.0.1:63884 localEndPoint: 127.0.0.1:63883
TpTrace Verbose: 0 : 17912, 7, 2024/01/13, 04:04:33.258, 202262058785, vstest.console.dll, TcpClientExtensions.MessageLoopAsync: Polling on remoteEndPoint: 127.0.0.1:63884 localEndPoint: 127.0.0.1:63883
TpTrace Verbose: 0 : 17912, 7, 2024/01/13, 04:04:34.259, 202272062015, vstest.console.dll, TcpClientExtensions.MessageLoopAsync: Polling on remoteEndPoint: 127.0.0.1:63884 localEndPoint: 127.0.0.1:63883
TpTrace Verbose: 0 : 17912, 7, 2024/01/13, 04:04:35.259, 202282065320, vstest.console.dll, TcpClientExtensions.MessageLoopAsync: Polling on remoteEndPoint: 127.0.0.1:63884 localEndPoint: 127.0.0.1:63883
TpTrace Verbose: 0 : 17912, 7, 2024/01/13, 04:04:36.259, 202292068496, vstest.console.dll, TcpClientExtensions.MessageLoopAsync: Polling on remoteEndPoint: 127.0.0.1:63884 localEndPoint: 127.0.0.1:63883
TpTrace Verbose: 0 : 17912, 7, 2024/01/13, 04:04:37.260, 202302071758, vstest.console.dll, TcpClientExtensions.MessageLoopAsync: Polling on remoteEndPoint: 127.0.0.1:63884 localEndPoint: 127.0.0.1:63883
TpTrace Verbose: 0 : 17912, 7, 2024/01/13, 04:04:38.260, 202312076129, vstest.console.dll, TcpClientExtensions.MessageLoopAsync: Polling on remoteEndPoint: 127.0.0.1:63884 localEndPoint: 127.0.0.1:63883
TpTrace Verbose: 0 : 17912, 7, 2024/01/13, 04:04:39.260, 202322078453, vstest.console.dll, TcpClientExtensions.MessageLoopAsync: Polling on remoteEndPoint: 127.0.0.1:63884 localEndPoint: 127.0.0.1:63883
TpTrace Verbose: 0 : 17912, 7, 2024/01/13, 04:04:40.261, 202332081812, vstest.console.dll, TcpClientExtensions.MessageLoopAsync: Polling on remoteEndPoint: 127.0.0.1:63884 localEndPoint: 127.0.0.1:63883
TpTrace Verbose: 0 : 17912, 7, 2024/01/13, 04:04:41.261, 202342084906, vstest.console.dll, TcpClientExtensions.MessageLoopAsync: Polling on remoteEndPoint: 127.0.0.1:63884 localEndPoint: 127.0.0.1:63883
TpTrace Verbose: 0 : 17912, 7, 2024/01/13, 04:04:42.261, 202352088264, vstest.console.dll, TcpClientExtensions.MessageLoopAsync: Polling on remoteEndPoint: 127.0.0.1:63884 localEndPoint: 127.0.0.1:63883
TpTrace Verbose: 0 : 17912, 7, 2024/01/13, 04:04:43.262, 202362091343, vstest.console.dll, TcpClientExtensions.MessageLoopAsync: Polling on remoteEndPoint: 127.0.0.1:63884 localEndPoint: 127.0.0.1:63883
TpTrace Verbose: 0 : 17912, 7, 2024/01/13, 04:04:44.262, 202372094694, vstest.console.dll, TcpClientExtensions.MessageLoopAsync: Polling on remoteEndPoint: 127.0.0.1:63884 localEndPoint: 127.0.0.1:63883
TpTrace Verbose: 0 : 17912, 7, 2024/01/13, 04:04:45.262, 202382097824, vstest.console.dll, TcpClientExtensions.MessageLoopAsync: Polling on remoteEndPoint: 127.0.0.1:63884 localEndPoint: 127.0.0.1:63883
TpTrace Verbose: 0 : 17912, 7, 2024/01/13, 04:04:46.262, 202392101074, vstest.console.dll, TcpClientExtensions.MessageLoopAsync: Polling on remoteEndPoint: 127.0.0.1:63884 localEndPoint: 127.0.0.1:63883
TpTrace Verbose: 0 : 17912, 7, 2024/01/13, 04:04:47.263, 202402104494, vstest.console.dll, TcpClientExtensions.MessageLoopAsync: Polling on remoteEndPoint: 127.0.0.1:63884 localEndPoint: 127.0.0.1:63883
TpTrace Verbose: 0 : 17912, 7, 2024/01/13, 04:04:48.263, 202412107775, vstest.console.dll, TcpClientExtensions.MessageLoopAsync: Polling on remoteEndPoint: 127.0.0.1:63884 localEndPoint: 127.0.0.1:63883
TpTrace Verbose: 0 : 17912, 7, 2024/01/13, 04:04:49.263, 202422110847, vstest.console.dll, TcpClientExtensions.MessageLoopAsync: Polling on remoteEndPoint: 127.0.0.1:63884 localEndPoint: 127.0.0.1:63883
TpTrace Verbose: 0 : 17912, 7, 2024/01/13, 04:04:50.264, 202432114360, vstest.console.dll, TcpClientExtensions.MessageLoopAsync: Polling on remoteEndPoint: 127.0.0.1:63884 localEndPoint: 127.0.0.1:63883
TpTrace Verbose: 0 : 17912, 7, 2024/01/13, 04:04:51.264, 202442115747, vstest.console.dll, TcpClientExtensions.MessageLoopAsync: Polling on remoteEndPoint: 127.0.0.1:63884 localEndPoint: 127.0.0.1:63883
TpTrace Verbose: 0 : 17912, 7, 2024/01/13, 04:04:52.264, 202452118671, vstest.console.dll, TcpClientExtensions.MessageLoopAsync: Polling on remoteEndPoint: 127.0.0.1:63884 localEndPoint: 127.0.0.1:63883
TpTrace Verbose: 0 : 17912, 7, 2024/01/13, 04:04:53.265, 202462121901, vstest.console.dll, TcpClientExtensions.MessageLoopAsync: Polling on remoteEndPoint: 127.0.0.1:63884 localEndPoint: 127.0.0.1:63883
TpTrace Verbose: 0 : 17912, 7, 2024/01/13, 04:04:54.265, 202472125176, vstest.console.dll, TcpClientExtensions.MessageLoopAsync: Polling on remoteEndPoint: 127.0.0.1:63884 localEndPoint: 127.0.0.1:63883
TpTrace Verbose: 0 : 17912, 7, 2024/01/13, 04:04:55.265, 202482128707, vstest.console.dll, TcpClientExtensions.MessageLoopAsync: Polling on remoteEndPoint: 127.0.0.1:63884 localEndPoint: 127.0.0.1:63883
TpTrace Verbose: 0 : 17912, 7, 2024/01/13, 04:04:56.236, 202491832924, vstest.console.dll, TcpClientExtensions.MessageLoopAsync: NotifyDataAvailable remoteEndPoint: 127.0.0.1:63884 localEndPoint: 127.0.0.1:63883
TpTrace Verbose: 0 : 17912, 7, 2024/01/13, 04:04:56.236, 202491837507, vstest.console.dll, TestRequestSender.OnExecutionMessageReceived: Received message: {"Version":7,"MessageType":"TestExecution.StatsChange","Payload":{"NewTestResults":[{"TestCase":{"Id":"34c67dda-71d4-348a-c839-071777ba60b9","FullyQualifiedName":"VVSTestOlx.Core.Tests.AminaTests.PrijavaNaOlxProfil_UspjesnaPrijava","DisplayName":"PrijavaNaOlxProfil_UspjesnaPrijava","ExecutorUri":"executor://NUnit3TestExecutor","Source":"C:\\Users\\Amina\\Source\\Repos\\VVSTestOlx\\VVSTestOlx\\bin\\Debug\\net6.0\\fine-code-coverage\\build-output\\VVSTestOlx.dll","CodeFilePath":null,"LineNumber":0,"Properties":[{"Key":{"Id":"NUnit.Seed","Label":"Seed","Category":"","Description":"","Attributes":0,"ValueType":"System.String"},"Value":"1502041614"}]},"Attachments":[],"Outcome":1,"ErrorMessage":null,"ErrorStackTrace":null,"DisplayName":"PrijavaNaOlxProfil_UspjesnaPrijava","Messages":[],"ComputerName":"DESKTOP-6RVSIQU","Duration":"00:00:32.7509870","StartTime":"2024-01-13T03:04:23.4069197+00:00","EndTime":"2024-01-13T03:04:56.1575668+00:00","Properties":[{"Key":{"Id":"NUnit.Seed","Label":"Seed","Category":"","Description":"","Attributes":0,"ValueType":"System.String"},"Value":"1502041614"}]}],"TestRunStatistics":{"ExecutedTests":1,"Stats":{"Passed":1}},"ActiveTests":[{"Id":"736cf684-ab91-815e-c4b4-0b37e1a10d10","FullyQualifiedName":"VVSTestOlx.Core.Tests.AminaTests.PrikazStavkiKuceKategorije_UspjesanPrikaz","DisplayName":"PrikazStavkiKuceKategorije_UspjesanPrikaz","ExecutorUri":"executor://NUnit3TestExecutor","Source":"C:\\Users\\Amina\\Source\\Repos\\VVSTestOlx\\VVSTestOlx\\bin\\Debug\\net6.0\\fine-code-coverage\\build-output\\VVSTestOlx.dll","CodeFilePath":null,"LineNumber":0,"Properties":[{"Key":{"Id":"NUnit.Seed","Label":"Seed","Category":"","Description":"","Attributes":0,"ValueType":"System.String"},"Value":"52914408"}]}]}}
TpTrace Verbose: 0 : 17912, 7, 2024/01/13, 04:04:56.253, 202492003840, vstest.console.dll, TestRunRequest:SendTestRunStatsChange: Starting.
TpTrace Verbose: 0 : 17912, 7, 2024/01/13, 04:04:56.253, 202492006312, vstest.console.dll, InProgress is PrikazStavkiKuceKategorije_UspjesanPrikaz
TpTrace Verbose: 0 : 17912, 7, 2024/01/13, 04:04:56.254, 202492012669, vstest.console.dll, MulticastDelegateUtilities.SafeInvoke: TestRun.RunStatsChanged: Invoking callbacks was skipped because there are no subscribers.
TpTrace Information: 0 : 17912, 7, 2024/01/13, 04:04:56.254, 202492015012, vstest.console.dll, TestRunRequest:SendTestRunStatsChange: Completed.
TpTrace Verbose: 0 : 17912, 7, 2024/01/13, 04:04:56.254, 202492016774, vstest.console.dll, MulticastDelegateUtilities.SafeInvoke: LengthPrefixCommunicationChannel: MessageReceived: Invoking callback 1/1 for Microsoft.VisualStudio.TestPlatform.CommunicationUtilities.TestRequestSender+<>c__DisplayClass34_0., took 17 ms.
TpTrace Verbose: 0 : 17912, 7, 2024/01/13, 04:04:56.254, 202492018349, vstest.console.dll, TcpClientExtensions.MessageLoopAsync: Polling on remoteEndPoint: 127.0.0.1:63884 localEndPoint: 127.0.0.1:63883
TpTrace Verbose: 0 : 17912, 4, 2024/01/13, 04:04:56.259, 202492064978, vstest.console.dll, MulticastDelegateUtilities.SafeInvoke: InternalTestLoggerEvents.SendTestResult: Invoking callback 1/1 for Microsoft.VisualStudio.TestPlatform.CommandLine.Internal.ConsoleLogger., took 4 ms.
TpTrace Verbose: 0 : 17912, 7, 2024/01/13, 04:04:57.254, 202502015407, vstest.console.dll, TcpClientExtensions.MessageLoopAsync: Polling on remoteEndPoint: 127.0.0.1:63884 localEndPoint: 127.0.0.1:63883
TpTrace Verbose: 0 : 17912, 7, 2024/01/13, 04:04:58.254, 202512018527, vstest.console.dll, TcpClientExtensions.MessageLoopAsync: Polling on remoteEndPoint: 127.0.0.1:63884 localEndPoint: 127.0.0.1:63883
TpTrace Verbose: 0 : 17912, 7, 2024/01/13, 04:04:59.255, 202522022376, vstest.console.dll, TcpClientExtensions.MessageLoopAsync: Polling on remoteEndPoint: 127.0.0.1:63884 localEndPoint: 127.0.0.1:63883
TpTrace Verbose: 0 : 17912, 7, 2024/01/13, 04:05:00.255, 202532025244, vstest.console.dll, TcpClientExtensions.MessageLoopAsync: Polling on remoteEndPoint: 127.0.0.1:63884 localEndPoint: 127.0.0.1:63883
TpTrace Verbose: 0 : 17912, 7, 2024/01/13, 04:05:01.255, 202542028346, vstest.console.dll, TcpClientExtensions.MessageLoopAsync: Polling on remoteEndPoint: 127.0.0.1:63884 localEndPoint: 127.0.0.1:63883
TpTrace Verbose: 0 : 17912, 7, 2024/01/13, 04:05:02.256, 202552031662, vstest.console.dll, TcpClientExtensions.MessageLoopAsync: Polling on remoteEndPoint: 127.0.0.1:63884 localEndPoint: 127.0.0.1:63883
TpTrace Verbose: 0 : 17912, 7, 2024/01/13, 04:05:03.256, 202562034855, vstest.console.dll, TcpClientExtensions.MessageLoopAsync: Polling on remoteEndPoint: 127.0.0.1:63884 localEndPoint: 127.0.0.1:63883
TpTrace Verbose: 0 : 17912, 7, 2024/01/13, 04:05:04.256, 202572038306, vstest.console.dll, TcpClientExtensions.MessageLoopAsync: Polling on remoteEndPoint: 127.0.0.1:63884 localEndPoint: 127.0.0.1:63883
TpTrace Verbose: 0 : 17912, 7, 2024/01/13, 04:05:05.257, 202582041738, vstest.console.dll, TcpClientExtensions.MessageLoopAsync: Polling on remoteEndPoint: 127.0.0.1:63884 localEndPoint: 127.0.0.1:63883
TpTrace Verbose: 0 : 17912, 7, 2024/01/13, 04:05:06.257, 202592044638, vstest.console.dll, TcpClientExtensions.MessageLoopAsync: Polling on remoteEndPoint: 127.0.0.1:63884 localEndPoint: 127.0.0.1:63883
TpTrace Verbose: 0 : 17912, 7, 2024/01/13, 04:05:07.257, 202602048283, vstest.console.dll, TcpClientExtensions.MessageLoopAsync: Polling on remoteEndPoint: 127.0.0.1:63884 localEndPoint: 127.0.0.1:63883
TpTrace Verbose: 0 : 17912, 7, 2024/01/13, 04:05:08.257, 202612051162, vstest.console.dll, TcpClientExtensions.MessageLoopAsync: Polling on remoteEndPoint: 127.0.0.1:63884 localEndPoint: 127.0.0.1:63883
TpTrace Verbose: 0 : 17912, 7, 2024/01/13, 04:05:09.258, 202622054396, vstest.console.dll, TcpClientExtensions.MessageLoopAsync: Polling on remoteEndPoint: 127.0.0.1:63884 localEndPoint: 127.0.0.1:63883
TpTrace Verbose: 0 : 17912, 7, 2024/01/13, 04:05:10.258, 202632057662, vstest.console.dll, TcpClientExtensions.MessageLoopAsync: Polling on remoteEndPoint: 127.0.0.1:63884 localEndPoint: 127.0.0.1:63883
TpTrace Verbose: 0 : 17912, 7, 2024/01/13, 04:05:11.258, 202642061007, vstest.console.dll, TcpClientExtensions.MessageLoopAsync: Polling on remoteEndPoint: 127.0.0.1:63884 localEndPoint: 127.0.0.1:63883
TpTrace Verbose: 0 : 17912, 7, 2024/01/13, 04:05:12.259, 202652071111, vstest.console.dll, TcpClientExtensions.MessageLoopAsync: Polling on remoteEndPoint: 127.0.0.1:63884 localEndPoint: 127.0.0.1:63883
TpTrace Verbose: 0 : 17912, 7, 2024/01/13, 04:05:13.260, 202662077851, vstest.console.dll, TcpClientExtensions.MessageLoopAsync: Polling on remoteEndPoint: 127.0.0.1:63884 localEndPoint: 127.0.0.1:63883
TpTrace Verbose: 0 : 17912, 7, 2024/01/13, 04:05:14.260, 202672080781, vstest.console.dll, TcpClientExtensions.MessageLoopAsync: Polling on remoteEndPoint: 127.0.0.1:63884 localEndPoint: 127.0.0.1:63883
TpTrace Verbose: 0 : 17912, 7, 2024/01/13, 04:05:15.261, 202682083970, vstest.console.dll, TcpClientExtensions.MessageLoopAsync: Polling on remoteEndPoint: 127.0.0.1:63884 localEndPoint: 127.0.0.1:63883
TpTrace Verbose: 0 : 17912, 7, 2024/01/13, 04:05:16.261, 202692087171, vstest.console.dll, TcpClientExtensions.MessageLoopAsync: Polling on remoteEndPoint: 127.0.0.1:63884 localEndPoint: 127.0.0.1:63883
TpTrace Verbose: 0 : 17912, 7, 2024/01/13, 04:05:16.320, 202692674019, vstest.console.dll, TcpClientExtensions.MessageLoopAsync: NotifyDataAvailable remoteEndPoint: 127.0.0.1:63884 localEndPoint: 127.0.0.1:63883
TpTrace Verbose: 0 : 17912, 7, 2024/01/13, 04:05:16.320, 202692678274, vstest.console.dll, TestRequestSender.OnExecutionMessageReceived: Received message: {"Version":7,"MessageType":"TestExecution.StatsChange","Payload":{"NewTestResults":[{"TestCase":{"Id":"736cf684-ab91-815e-c4b4-0b37e1a10d10","FullyQualifiedName":"VVSTestOlx.Core.Tests.AminaTests.PrikazStavkiKuceKategorije_UspjesanPrikaz","DisplayName":"PrikazStavkiKuceKategorije_UspjesanPrikaz","ExecutorUri":"executor://NUnit3TestExecutor","Source":"C:\\Users\\Amina\\Source\\Repos\\VVSTestOlx\\VVSTestOlx\\bin\\Debug\\net6.0\\fine-code-coverage\\build-output\\VVSTestOlx.dll","CodeFilePath":null,"LineNumber":0,"Properties":[{"Key":{"Id":"NUnit.Seed","Label":"Seed","Category":"","Description":"","Attributes":0,"ValueType":"System.String"},"Value":"52914408"}]},"Attachments":[],"Outcome":1,"ErrorMessage":null,"ErrorStackTrace":null,"DisplayName":"PrikazStavkiKuceKategorije_UspjesanPrikaz","Messages":[],"ComputerName":"DESKTOP-6RVSIQU","Duration":"00:00:20.1478930","StartTime":"2024-01-13T03:04:56.1630732+00:00","EndTime":"2024-01-13T03:05:16.3109657+00:00","Properties":[{"Key":{"Id":"NUnit.Seed","Label":"Seed","Category":"","Description":"","Attributes":0,"ValueType":"System.String"},"Value":"52914408"}]}],"TestRunStatistics":{"ExecutedTests":2,"Stats":{"Passed":2}},"ActiveTests":[{"Id":"5d6af862-5509-a0f5-0ab4-48292f9f5f4d","FullyQualifiedName":"VVSTestOlx.Tests.Test1","DisplayName":"Test1","ExecutorUri":"executor://NUnit3TestExecutor","Source":"C:\\Users\\Amina\\Source\\Repos\\VVSTestOlx\\VVSTestOlx\\bin\\Debug\\net6.0\\fine-code-coverage\\build-output\\VVSTestOlx.dll","CodeFilePath":null,"LineNumber":0,"Properties":[{"Key":{"Id":"NUnit.Seed","Label":"Seed","Category":"","Description":"","Attributes":0,"ValueType":"System.String"},"Value":"709433134"}]}]}}
TpTrace Verbose: 0 : 17912, 7, 2024/01/13, 04:05:16.322, 202692693847, vstest.console.dll, TestRunRequest:SendTestRunStatsChange: Starting.
TpTrace Verbose: 0 : 17912, 7, 2024/01/13, 04:05:16.322, 202692695869, vstest.console.dll, InProgress is Test1
TpTrace Verbose: 0 : 17912, 7, 2024/01/13, 04:05:16.322, 202692697573, vstest.console.dll, MulticastDelegateUtilities.SafeInvoke: TestRun.RunStatsChanged: Invoking callbacks was skipped because there are no subscribers.
TpTrace Information: 0 : 17912, 7, 2024/01/13, 04:05:16.322, 202692699127, vstest.console.dll, TestRunRequest:SendTestRunStatsChange: Completed.
TpTrace Verbose: 0 : 17912, 7, 2024/01/13, 04:05:16.323, 202692701501, vstest.console.dll, MulticastDelegateUtilities.SafeInvoke: LengthPrefixCommunicationChannel: MessageReceived: Invoking callback 1/1 for Microsoft.VisualStudio.TestPlatform.CommunicationUtilities.TestRequestSender+<>c__DisplayClass34_0., took 2 ms.
TpTrace Verbose: 0 : 17912, 7, 2024/01/13, 04:05:16.323, 202692703805, vstest.console.dll, TcpClientExtensions.MessageLoopAsync: Polling on remoteEndPoint: 127.0.0.1:63884 localEndPoint: 127.0.0.1:63883
TpTrace Verbose: 0 : 17912, 4, 2024/01/13, 04:05:16.323, 202692706263, vstest.console.dll, MulticastDelegateUtilities.SafeInvoke: InternalTestLoggerEvents.SendTestResult: Invoking callback 1/1 for Microsoft.VisualStudio.TestPlatform.CommandLine.Internal.ConsoleLogger., took 0 ms.
TpTrace Verbose: 0 : 17912, 7, 2024/01/13, 04:05:16.383, 202693309709, vstest.console.dll, TcpClientExtensions.MessageLoopAsync: NotifyDataAvailable remoteEndPoint: 127.0.0.1:63884 localEndPoint: 127.0.0.1:63883
TpTrace Verbose: 0 : 17912, 7, 2024/01/13, 04:05:16.384, 202693312572, vstest.console.dll, TestRequestSender.OnExecutionMessageReceived: Received message: {"Version":7,"MessageType":"TestSession.Message","Payload":{"MessageLevel":0,"Message":"NUnit Adapter 4.4.0.0: Test execution complete"}}
TpTrace Verbose: 0 : 17912, 7, 2024/01/13, 04:05:16.384, 202693315210, vstest.console.dll, TestRunRequest:SendTestRunMessage: Starting.
TpTrace Verbose: 0 : 17912, 7, 2024/01/13, 04:05:16.384, 202693317558, vstest.console.dll, MulticastDelegateUtilities.SafeInvoke: TestRun.LogMessages: Invoking callback 1/1 for Microsoft.VisualStudio.TestPlatform.CommandLine.TestRunResultAggregator., took 0 ms.
TpTrace Verbose: 0 : 17912, 4, 2024/01/13, 04:05:16.384, 202693317873, vstest.console.dll, MulticastDelegateUtilities.SafeInvoke: InternalTestLoggerEvents.SendTestRunMessage: Invoking callback 1/1 for Microsoft.VisualStudio.TestPlatform.CommandLine.Internal.ConsoleLogger., took 0 ms.
TpTrace Information: 0 : 17912, 7, 2024/01/13, 04:05:16.384, 202693319466, vstest.console.dll, TestRunRequest:SendTestRunMessage: Completed.
TpTrace Verbose: 0 : 17912, 7, 2024/01/13, 04:05:16.385, 202693322882, vstest.console.dll, MulticastDelegateUtilities.SafeInvoke: LengthPrefixCommunicationChannel: MessageReceived: Invoking callback 1/1 for Microsoft.VisualStudio.TestPlatform.CommunicationUtilities.TestRequestSender+<>c__DisplayClass34_0., took 1 ms.
TpTrace Verbose: 0 : 17912, 7, 2024/01/13, 04:05:16.385, 202693324821, vstest.console.dll, TcpClientExtensions.MessageLoopAsync: Polling on remoteEndPoint: 127.0.0.1:63884 localEndPoint: 127.0.0.1:63883
TpTrace Verbose: 0 : 17912, 7, 2024/01/13, 04:05:16.434, 202693811647, vstest.console.dll, TcpClientExtensions.MessageLoopAsync: NotifyDataAvailable remoteEndPoint: 127.0.0.1:63884 localEndPoint: 127.0.0.1:63883
TpTrace Verbose: 0 : 17912, 7, 2024/01/13, 04:05:16.434, 202693814888, vstest.console.dll, TestRequestSender.OnExecutionMessageReceived: Received message: {"Version":7,"MessageType":"TestExecution.Completed","Payload":{"TestRunCompleteArgs":{"TestRunStatistics":{"ExecutedTests":3,"Stats":{"Passed":3}},"IsCanceled":false,"IsAborted":false,"Error":null,"AttachmentSets":[],"InvokedDataCollectors":[],"ElapsedTimeInRunningTests":"00:00:53.5783217","Metrics":{},"DiscoveredExtensions":{"TestDiscoverers":["NUnit.VisualStudio.TestAdapter.NUnit3TestDiscoverer, NUnit3.TestAdapter, Version=4.4.0.0, Culture=neutral, PublicKeyToken=4cb40d35494691ac"],"TestExecutors":["executor://NUnit3TestExecutor"],"TestExecutors2":[],"TestSettingsProviders":[]}},"LastRunTests":{"NewTestResults":[{"TestCase":{"Id":"5d6af862-5509-a0f5-0ab4-48292f9f5f4d","FullyQualifiedName":"VVSTestOlx.Tests.Test1","DisplayName":"Test1","ExecutorUri":"executor://NUnit3TestExecutor","Source":"C:\\Users\\Amina\\Source\\Repos\\VVSTestOlx\\VVSTestOlx\\bin\\Debug\\net6.0\\fine-code-coverage\\build-output\\VVSTestOlx.dll","CodeFilePath":null,"LineNumber":0,"Properties":[{"Key":{"Id":"NUnit.Seed","Label":"Seed","Category":"","Description":"","Attributes":0,"ValueType":"System.String"},"Value":"709433134"}]},"Attachments":[],"Outcome":1,"ErrorMessage":null,"ErrorStackTrace":null,"DisplayName":"Test1","Messages":[],"ComputerName":"DESKTOP-6RVSIQU","Duration":"00:00:00.0532070","StartTime":"2024-01-13T03:05:16.3188106+00:00","EndTime":"2024-01-13T03:05:16.3720176+00:00","Properties":[{"Key":{"Id":"NUnit.Seed","Label":"Seed","Category":"","Description":"","Attributes":0,"ValueType":"System.String"},"Value":"709433134"}]}],"TestRunStatistics":{"ExecutedTests":3,"Stats":{"Passed":3}},"ActiveTests":[]},"RunAttachments":[],"ExecutorUris":["executor://nunit3testexecutor/"]}}
TpTrace Verbose: 0 : 17912, 7, 2024/01/13, 04:05:16.434, 202693817669, vstest.console.dll, TestRequestSender.EndSession: Sending end session.
TpTrace Verbose: 0 : 17912, 7, 2024/01/13, 04:05:16.435, 202693821707, vstest.console.dll, ProxyOperationManager.Close: waiting for test host to exit for 100 ms
TpTrace Verbose: 0 : 17912, 11, 2024/01/13, 04:05:16.452, 202693992996, vstest.console.dll, TestHostManagerCallbacks.ctor: Experimental forwarding output is disabled.
TpTrace Warning: 0 : 17912, 11, 2024/01/13, 04:05:16.452, 202693995196, vstest.console.dll, TestHostManagerCallbacks.ErrorReceivedCallback Test host standard error line: 
TpTrace Verbose: 0 : 17912, 11, 2024/01/13, 04:05:16.470, 202694180984, vstest.console.dll, TestHostProvider.ExitCallBack: Host exited starting callback.
TpTrace Information: 0 : 17912, 11, 2024/01/13, 04:05:16.471, 202694186705, vstest.console.dll, TestHostManagerCallbacks.ExitCallBack: Testhost processId: 16720 exited with exitcode: 0 error: ''
TpTrace Verbose: 0 : 17912, 11, 2024/01/13, 04:05:16.471, 202694189039, vstest.console.dll, DotnetTestHostManager.OnHostExited: invoking OnHostExited callback
TpTrace Verbose: 0 : 17912, 11, 2024/01/13, 04:05:16.471, 202694190957, vstest.console.dll, CrossPlatEngine.TestHostManagerHostExited: calling on client process exit callback.
TpTrace Information: 0 : 17912, 11, 2024/01/13, 04:05:16.472, 202694195484, vstest.console.dll, TestRequestSender.OnClientProcessExit: Test host process exited. Standard error: 
TpTrace Information: 0 : 17912, 7, 2024/01/13, 04:05:16.472, 202694195734, vstest.console.dll, SocketServer.Stop: Stop server endPoint: 127.0.0.1:63883
TpTrace Information: 0 : 17912, 11, 2024/01/13, 04:05:16.472, 202694198569, vstest.console.dll, SocketServer.Stop: Stop server endPoint: 127.0.0.1:63883
TpTrace Information: 0 : 17912, 7, 2024/01/13, 04:05:16.472, 202694199991, vstest.console.dll, SocketServer.Stop: Cancellation requested. Stopping message loop.
TpTrace Information: 0 : 17912, 11, 2024/01/13, 04:05:16.473, 202694205360, vstest.console.dll, SocketServer.Stop: Cancellation requested. Stopping message loop.
TpTrace Information: 0 : 17912, 7, 2024/01/13, 04:05:16.473, 202694208469, vstest.console.dll, Closing the connection
TpTrace Verbose: 0 : 17912, 11, 2024/01/13, 04:05:16.473, 202694208771, vstest.console.dll, MulticastDelegateUtilities.SafeInvoke: HostProviderEvents.OnHostExited: Invoking callback 1/1 for Microsoft.VisualStudio.TestPlatform.CrossPlatEngine.Client.ProxyOperationManager., took 1 ms.
TpTrace Verbose: 0 : 17912, 7, 2024/01/13, 04:05:16.474, 202694217033, vstest.console.dll, ProxyDataCollectionManager.InvokeDataCollectionServiceAction: Starting.
TpTrace Information: 0 : 17912, 7, 2024/01/13, 04:05:16.474, 202694220019, vstest.console.dll, ProxyDataCollectionManager.AfterTestRunEnd: Get attachment set and invoked data collectors processId: 8776 port: 63880
TpTrace Verbose: 0 : 17912, 7, 2024/01/13, 04:05:16.475, 202694222138, vstest.console.dll, DataCollectionRequestSender.SendAfterTestRunStartAndGetResult: Send AfterTestRunEnd message with isCancelled: False
TpTrace Verbose: 0 : 17912, 7, 2024/01/13, 04:05:16.497, 202694450794, vstest.console.dll, DataCollectionRequestSender.SendAfterTestRunStartAndGetResult: Received message: (DataCollection.AfterTestRunEndResult) -> {"MessageType":"DataCollection.AfterTestRunEndResult","Payload":{"AttachmentSets":[],"InvokedDataCollectors":[{"Uri":"datacollector://Microsoft/TestPlatform/Extensions/Blame/v1","FriendlyName":"Blame","AssemblyQualifiedName":"Microsoft.TestPlatform.Extensions.BlameDataCollector.BlameCollector, Microsoft.TestPlatform.Extensions.BlameDataCollector, Version=15.0.0.0, Culture=neutral, PublicKeyToken=b03f5f7f11d50a3a","FilePath":"C:\\Program Files\\dotnet\\sdk\\7.0.402\\Extensions\\Microsoft.TestPlatform.Extensions.BlameDataCollector.dll","HasAttachmentProcessor":false}],"Metrics":{}}}
TpTrace Warning: 0 : 17912, 10, 2024/01/13, 04:05:16.503, 202694509031, vstest.console.dll, DataCollectionLauncher.ErrorReceivedCallback datacollector standard error line: 
TpTrace Information: 0 : 17912, 7, 2024/01/13, 04:05:16.508, 202694559238, vstest.console.dll, ProxyDataCollectionManager.InvokeDataCollectionServiceAction: Completed.
TpTrace Information: 0 : 17912, 10, 2024/01/13, 04:05:16.517, 202694645054, vstest.console.dll, DataCollectionLauncher.ExitCallBack: Data collector exited with exitcode: 0 error: ''
TpTrace Verbose: 0 : 17912, 7, 2024/01/13, 04:05:16.612, 202695596515, vstest.console.dll, TestRunRequest:SendTestRunStatsChange: Starting.
TpTrace Verbose: 0 : 17912, 7, 2024/01/13, 04:05:16.612, 202695599746, vstest.console.dll, MulticastDelegateUtilities.SafeInvoke: TestRun.RunStatsChanged: Invoking callbacks was skipped because there are no subscribers.
TpTrace Verbose: 0 : 17912, 4, 2024/01/13, 04:05:16.612, 202695600780, vstest.console.dll, MulticastDelegateUtilities.SafeInvoke: InternalTestLoggerEvents.SendTestResult: Invoking callback 1/1 for Microsoft.VisualStudio.TestPlatform.CommandLine.Internal.ConsoleLogger., took 0 ms.
TpTrace Information: 0 : 17912, 7, 2024/01/13, 04:05:16.613, 202695601633, vstest.console.dll, TestRunRequest:SendTestRunStatsChange: Completed.
TpTrace Verbose: 0 : 17912, 7, 2024/01/13, 04:05:16.614, 202695617263, vstest.console.dll, ParallelProxyExecutionManager: HandlePartialRunComplete: Total workloads = 1, Total started clients = 1 Total completed clients = 1, Run complete = True, Run canceled: False.
TpTrace Verbose: 0 : 17912, 7, 2024/01/13, 04:05:16.614, 202695620225, vstest.console.dll, ParallelProxyExecutionManager: HandlePartialRunComplete: All runs completed stopping all managers.
TpTrace Verbose: 0 : 17912, 7, 2024/01/13, 04:05:16.615, 202695622605, vstest.console.dll, ParallelOperationManager.StopAllManagers: Stopping all managers.
TpTrace Verbose: 0 : 17912, 7, 2024/01/13, 04:05:16.615, 202695624409, vstest.console.dll, ParallelOperationManager.ClearSlots: Clearing all slots. Slots should accept more work: False
TpTrace Verbose: 0 : 17912, 7, 2024/01/13, 04:05:16.615, 202695626916, vstest.console.dll, ParallelOperationManager.SetOccupiedSlotCount: Setting slot counts AvailableSlotCount = 1, OccupiedSlotCount = 0.
TpTrace Verbose: 0 : 17912, 7, 2024/01/13, 04:05:16.615, 202695629648, vstest.console.dll, Occupied slots:

TpTrace Verbose: 0 : 17912, 4, 2024/01/13, 04:05:16.637, 202695849468, vstest.console.dll, MulticastDelegateUtilities.SafeInvoke: InternalTestLoggerEvents.SendTestRunComplete: Invoking callback 1/2 for Microsoft.TestPlatform.Extensions.BlameDataCollector.BlameLogger., took 0 ms.
TpTrace Verbose: 0 : 17912, 4, 2024/01/13, 04:05:16.653, 202696004314, vstest.console.dll, MulticastDelegateUtilities.SafeInvoke: InternalTestLoggerEvents.SendTestRunComplete: Invoking callback 2/2 for Microsoft.VisualStudio.TestPlatform.CommandLine.Internal.ConsoleLogger., took 15 ms.
TpTrace Verbose: 0 : 17912, 7, 2024/01/13, 04:05:16.653, 202696010682, vstest.console.dll, TestRunRequest:TestRunComplete: Starting. IsAborted:False IsCanceled:False.
TpTrace Verbose: 0 : 17912, 7, 2024/01/13, 04:05:16.654, 202696014568, vstest.console.dll, ParallelOperationManager.DoActionOnAllManagers: Calling an action on all managers.
TpTrace Verbose: 0 : 17912, 7, 2024/01/13, 04:05:16.657, 202696044908, vstest.console.dll, TestLoggerManager.HandleTestRunComplete: Ignoring as the object is disposed.
TpTrace Verbose: 0 : 17912, 7, 2024/01/13, 04:05:16.657, 202696050844, vstest.console.dll, MulticastDelegateUtilities.SafeInvoke: TestRun.TestRunComplete: Invoking callback 1/2 for Microsoft.VisualStudio.TestPlatform.CommandLine.TestRunResultAggregator., took 0 ms.
TpTrace Verbose: 0 : 17912, 7, 2024/01/13, 04:05:16.658, 202696056694, vstest.console.dll, MulticastDelegateUtilities.SafeInvoke: TestRun.TestRunComplete: Invoking callback 2/2 for Microsoft.VisualStudio.TestPlatform.CommandLine.Processors.RunTestsArgumentExecutor+TestRunRequestEventsRegistrar., took 0 ms.
TpTrace Information: 0 : 17912, 7, 2024/01/13, 04:05:16.658, 202696061126, vstest.console.dll, TestRunRequest:TestRunComplete: Completed.
TpTrace Verbose: 0 : 17912, 1, 2024/01/13, 04:05:16.659, 202696061315, vstest.console.dll, TestRunRequest.Dispose: Starting.
TpTrace Verbose: 0 : 17912, 7, 2024/01/13, 04:05:16.659, 202696063612, vstest.console.dll, TestRequestSender.SetOperationComplete: Setting operation complete.
TpTrace Information: 0 : 17912, 1, 2024/01/13, 04:05:16.659, 202696065724, vstest.console.dll, TestRunRequest.Dispose: Completed.
TpTrace Information: 0 : 17912, 7, 2024/01/13, 04:05:16.659, 202696067525, vstest.console.dll, SocketServer.Stop: Stop server endPoint: 127.0.0.1:63883
TpTrace Information: 0 : 17912, 1, 2024/01/13, 04:05:16.659, 202696070052, vstest.console.dll, TestRequestManager.RunTests: run tests completed.
TpTrace Information: 0 : 17912, 7, 2024/01/13, 04:05:16.659, 202696071186, vstest.console.dll, SocketServer.Stop: Cancellation requested. Stopping message loop.
TpTrace Information: 0 : 17912, 1, 2024/01/13, 04:05:16.660, 202696074808, vstest.console.dll, RunTestsArgumentProcessor:Execute: Test run is completed.
TpTrace Verbose: 0 : 17912, 7, 2024/01/13, 04:05:16.660, 202696076136, vstest.console.dll, MulticastDelegateUtilities.SafeInvoke: LengthPrefixCommunicationChannel: MessageReceived: Invoking callback 1/1 for Microsoft.VisualStudio.TestPlatform.CommunicationUtilities.TestRequestSender+<>c__DisplayClass34_0., took 226 ms.
TpTrace Information: 0 : 17912, 7, 2024/01/13, 04:05:16.660, 202696080218, vstest.console.dll, SocketServer.PrivateStop: Stopping server endPoint: 127.0.0.1:63883 error: 
TpTrace Verbose: 0 : 17912, 1, 2024/01/13, 04:05:16.660, 202696080813, vstest.console.dll, Executor.Execute: Exiting with exit code of 0
